2023-11-16 06:36:06,914 [ERROR] LogOutputStream:75 - [STDERR_REDIRECT] 
2023-11-16 17:04:55,443 [INFO] Activator:176 - 


2023-11-16 17:04:55,446 [INFO] Activator:177 - !SESSION log4j initialized
2023-11-16 17:05:00,488 [ERROR] LogOutputStream:75 - [STDERR_REDIRECT] 
2023-11-16 17:05:01,176 [INFO] LogOutputStream:77 - [STDOUT_REDIRECT] 
2023-11-16 17:05:04,029 [INFO] LogOutputStream:77 - [STDOUT_REDIRECT] 
2023-11-16 17:05:07,192 [INFO] ApplicationProperties:184 - Using Application install path: /Applications/STM32CubeIDE.app/Contents/Eclipse/plugins/com.st.stm32cube.common.mx_6.9.2.202309101412
2023-11-16 17:05:07,218 [INFO] DbMcusXml:78 - Set database path to: /Applications/STM32CubeIDE.app/Contents/Eclipse/plugins/com.st.stm32cube.common.mx_6.9.2.202309101412//db//mcu/
2023-11-16 17:05:07,218 [INFO] ApiDb:274 - Set plugin database path to: /Applications/STM32CubeIDE.app/Contents/Eclipse/plugins/com.st.stm32cube.common.mx_6.9.2.202309101412//db//plugins/boardmanager/
2023-11-16 17:05:07,219 [WARN] ApiDb:259 - Overriding images path with different value:  => /Applications/STM32CubeIDE.app/Contents/Eclipse/plugins/com.st.stm32cube.common.mx_6.9.2.202309101412//db//plugins/mcufinder/images/
2023-11-16 17:05:07,237 [INFO] ApiDb:250 - Set database path to: /Users/hollerller/.stmcufinder/plugins/mcufinder//mcu/
2023-11-16 17:05:07,239 [INFO] DbMcusAds:125 - Set database path to: /Users/hollerller/.stmcufinder/plugins/mcufinder//mcu/
2023-11-16 17:05:07,243 [INFO] CrossReferenceDbSqlite:203 - Set database path to: /Users/hollerller/.stmcufinder/plugins/mcufinder//mcu/cs/
2023-11-16 17:05:07,389 [INFO] RulesReader:64 - Compatibility file has been processed (293 Rules)
2023-11-16 17:05:07,482 [INFO] DbMcusXml:78 - Set database path to: /Applications/STM32CubeIDE.app/Contents/Eclipse/plugins/com.st.stm32cube.common.mx_6.9.2.202309101412//db//mcu/
2023-11-16 17:05:07,482 [INFO] ApiDb:274 - Set plugin database path to: /Applications/STM32CubeIDE.app/Contents/Eclipse/plugins/com.st.stm32cube.common.mx_6.9.2.202309101412//db//plugins/boardmanager/
2023-11-16 17:05:07,482 [INFO] ApiDb:261 - Set plugin images path to: /Applications/STM32CubeIDE.app/Contents/Eclipse/plugins/com.st.stm32cube.common.mx_6.9.2.202309101412//db//plugins/mcufinder/images/
2023-11-16 17:05:07,483 [WARN] DbFile:41 - Overriding database path with different value: /Users/hollerller/.stmcufinder/plugins/mcufinder/ => /Users/hollerller/.stmcufinder/plugins/mcufinder
2023-11-16 17:05:07,483 [INFO] ApiDb:250 - Set database path to: /Users/hollerller/.stmcufinder/plugins/mcufinder//mcu/
2023-11-16 17:05:07,483 [WARN] DbFile:41 - Overriding database path with different value: /Users/hollerller/.stmcufinder/plugins/mcufinder/ => /Users/hollerller/.stmcufinder/plugins/mcufinder
2023-11-16 17:05:07,483 [INFO] DbMcusAds:125 - Set database path to: /Users/hollerller/.stmcufinder/plugins/mcufinder//mcu/
2023-11-16 17:05:07,483 [WARN] DbFile:41 - Overriding database path with different value: /Users/hollerller/.stmcufinder/plugins/mcufinder/ => /Users/hollerller/.stmcufinder/plugins/mcufinder
2023-11-16 17:05:07,483 [WARN] DbFile:41 - Overriding database path with different value: /Users/hollerller/.stmcufinder/plugins/mcufinder/ => /Users/hollerller/.stmcufinder/plugins/mcufinder
2023-11-16 17:05:07,483 [INFO] CrossReferenceDbSqlite:203 - Set database path to: /Users/hollerller/.stmcufinder/plugins/mcufinder//mcu/cs/
2023-11-16 17:05:07,583 [INFO] MainPanel:262 - HeapMemory: 268435456
2023-11-16 17:05:07,700 [INFO] DbMcusXml:78 - Set database path to: /Applications/STM32CubeIDE.app/Contents/Eclipse/plugins/com.st.stm32cube.common.mx_6.9.2.202309101412//db//mcu/
2023-11-16 17:05:07,700 [INFO] ApiDb:274 - Set plugin database path to: /Applications/STM32CubeIDE.app/Contents/Eclipse/plugins/com.st.stm32cube.common.mx_6.9.2.202309101412//db//plugins/boardmanager/
2023-11-16 17:05:07,700 [INFO] ApiDb:261 - Set plugin images path to: /Applications/STM32CubeIDE.app/Contents/Eclipse/plugins/com.st.stm32cube.common.mx_6.9.2.202309101412//db//plugins/mcufinder/images/
2023-11-16 17:05:07,701 [WARN] DbFile:41 - Overriding database path with different value: /Users/hollerller/.stmcufinder/plugins/mcufinder/ => /Users/hollerller/.stmcufinder/plugins/mcufinder
2023-11-16 17:05:07,701 [INFO] ApiDb:250 - Set database path to: /Users/hollerller/.stmcufinder/plugins/mcufinder//mcu/
2023-11-16 17:05:07,701 [WARN] DbFile:41 - Overriding database path with different value: /Users/hollerller/.stmcufinder/plugins/mcufinder/ => /Users/hollerller/.stmcufinder/plugins/mcufinder
2023-11-16 17:05:07,701 [INFO] DbMcusAds:125 - Set database path to: /Users/hollerller/.stmcufinder/plugins/mcufinder//mcu/
2023-11-16 17:05:07,701 [WARN] DbFile:41 - Overriding database path with different value: /Users/hollerller/.stmcufinder/plugins/mcufinder/ => /Users/hollerller/.stmcufinder/plugins/mcufinder
2023-11-16 17:05:07,701 [WARN] DbFile:41 - Overriding database path with different value: /Users/hollerller/.stmcufinder/plugins/mcufinder/ => /Users/hollerller/.stmcufinder/plugins/mcufinder
2023-11-16 17:05:07,702 [INFO] CrossReferenceDbSqlite:203 - Set database path to: /Users/hollerller/.stmcufinder/plugins/mcufinder//mcu/cs/
2023-11-16 17:05:07,722 [INFO] ApplicationProperties:184 - Using Application install path: /Applications/STM32CubeIDE.app/Contents/Eclipse/plugins/com.st.stm32cube.common.mx_6.9.2.202309101412
2023-11-16 17:05:07,724 [INFO] PluginManage:196 - Search for loadable plugins [exclusion list=, ]
2023-11-16 17:05:07,725 [INFO] PluginManage:310 - Check plugin analytics
2023-11-16 17:05:07,910 [INFO] AnalyticsPlugin:253 - Accepted Software Licenses: 
2023-11-16 17:05:07,910 [INFO] AnalyticsPlugin:255 - Accepted CMSIS Pack Licenses: 
2023-11-16 17:05:07,911 [INFO] AnalyticsPlugin:257 - Accepted Firmware Licenses: FW.F4.1.27.0
2023-11-16 17:05:07,914 [INFO] PluginManage:359 - Loaded plugin analytics (category:tool,tabindex:-1)
2023-11-16 17:05:07,915 [INFO] PluginManage:310 - Check plugin cadmodel
2023-11-16 17:05:08,779 [INFO] CADModel:105 - Init CAD model plugin
2023-11-16 17:05:08,779 [INFO] PluginManage:359 - Loaded plugin cadmodel (category:power,tabindex:5)
2023-11-16 17:05:08,780 [INFO] PluginManage:310 - Check plugin clock
2023-11-16 17:05:08,791 [INFO] PluginManage:359 - Loaded plugin clock (category:base,tabindex:2)
2023-11-16 17:05:08,792 [INFO] PluginManage:310 - Check plugin ddr
2023-11-16 17:05:08,795 [INFO] PluginManage:359 - Loaded plugin ddr (category:tool,tabindex:6)
2023-11-16 17:05:08,795 [INFO] PluginManage:310 - Check plugin filemanager
2023-11-16 17:05:08,956 [INFO] PluginManage:359 - Loaded plugin filemanager (category:base,tabindex:10)
2023-11-16 17:05:08,957 [INFO] PluginManage:310 - Check plugin ipmanager
2023-11-16 17:05:08,975 [INFO] PluginManage:359 - Loaded plugin ipmanager (category:base,tabindex:5)
2023-11-16 17:05:08,975 [INFO] PluginManage:310 - Check plugin lpbam
2023-11-16 17:05:08,985 [INFO] PluginManage:359 - Loaded plugin lpbam (category:base,tabindex:0)
2023-11-16 17:05:08,985 [INFO] PluginManage:310 - Check plugin memorymap
2023-11-16 17:05:08,999 [INFO] PluginManage:359 - Loaded plugin memorymap (category:base,tabindex:4)
2023-11-16 17:05:09,000 [INFO] PluginManage:310 - Check plugin pinoutandconfiguration
2023-11-16 17:05:09,008 [INFO] PluginManage:359 - Loaded plugin pinoutandconfiguration (category:base,tabindex:1)
2023-11-16 17:05:09,008 [INFO] PluginManage:310 - Check plugin pinoutconfig
2023-11-16 17:05:09,101 [WARN] SupportedApi:132 - Cannot load RTOS API schema: s4s-elt-must-match.1: The content of 'definitions' must match (annotation?, (simpleType | complexType)?, (unique | key | keyref)*)). A problem was found starting at: attribute.
2023-11-16 17:05:09,244 [INFO] PluginManage:359 - Loaded plugin pinoutconfig (category:base,tabindex:0)
2023-11-16 17:05:09,244 [INFO] PluginManage:310 - Check plugin power
2023-11-16 17:05:09,256 [INFO] PluginManage:359 - Loaded plugin power (category:power,tabindex:4)
2023-11-16 17:05:09,256 [INFO] PluginManage:310 - Check plugin projectmanager
2023-11-16 17:05:09,269 [INFO] PluginManage:359 - Loaded plugin projectmanager (category:projectmanager,tabindex:3)
2023-11-16 17:05:09,270 [INFO] PluginManage:310 - Check plugin thirdparty
2023-11-16 17:05:09,396 [INFO] PluginManage:359 - Loaded plugin thirdparty (category:base,tabindex:-1)
2023-11-16 17:05:09,396 [WARN] IntegrityCheckThread:84 - waiting for thirdparty lock release [integrity check]
2023-11-16 17:05:09,396 [INFO] PluginManage:310 - Check plugin tools
2023-11-16 17:05:09,396 [INFO] IntegrityCheckThread:86 - entering critical section [integrity check]
2023-11-16 17:05:09,397 [INFO] ThirdPartyUpdaterWithRetryManager:70 - Updater plugin not ready yet. [1/15]
2023-11-16 17:05:09,399 [INFO] PluginManage:359 - Loaded plugin tools (category:base,tabindex:7)
2023-11-16 17:05:09,399 [INFO] PluginManage:310 - Check plugin tutovideos
2023-11-16 17:05:09,582 [INFO] PluginManage:359 - Loaded plugin tutovideos (category:base,tabindex:-1)
2023-11-16 17:05:09,582 [INFO] PluginManage:310 - Check plugin updater
2023-11-16 17:05:09,594 [INFO] PluginManage:359 - Loaded plugin updater (category:base,tabindex:12)
2023-11-16 17:05:09,594 [INFO] PluginManage:310 - Check plugin userauth
2023-11-16 17:05:09,600 [INFO] UserAuth:113 - Init User Auth plugin
2023-11-16 17:05:09,600 [INFO] PluginManage:359 - Loaded plugin userauth (category:base,tabindex:14)
2023-11-16 17:05:09,601 [INFO] PluginManage:283 - PluginManage : Loaded plugins [17]
2023-11-16 17:05:09,793 [INFO] PinOutPanel:1499 - setPackage(No Configuration,No Configuration)
2023-11-16 17:05:09,911 [INFO] CADModel:165 - CPN selected for project level
2023-11-16 17:05:09,911 [INFO] CADModel:114 - Register for checkConnection events
2023-11-16 17:05:09,924 [INFO] IPUIPlugin:80 - create IPUIPlugin
2023-11-16 17:05:09,925 [INFO] PluginManager:220 - loadIPPluginJar : add mdma
2023-11-16 17:05:09,932 [INFO] IPUIPlugin:80 - create IPUIPlugin
2023-11-16 17:05:09,933 [INFO] PluginManager:220 - loadIPPluginJar : add freertos
2023-11-16 17:05:09,938 [INFO] IPUIPlugin:80 - create IPUIPlugin
2023-11-16 17:05:09,938 [INFO] PluginManager:220 - loadIPPluginJar : add gic
2023-11-16 17:05:09,947 [INFO] IPUIPlugin:80 - create IPUIPlugin
2023-11-16 17:05:09,947 [INFO] PluginManager:220 - loadIPPluginJar : add adc
2023-11-16 17:05:09,950 [INFO] IPUIPlugin:80 - create IPUIPlugin
2023-11-16 17:05:09,951 [INFO] PluginManager:220 - loadIPPluginJar : add gtzc
2023-11-16 17:05:09,952 [INFO] IPUIPlugin:80 - create IPUIPlugin
2023-11-16 17:05:09,953 [INFO] PluginManager:220 - loadIPPluginJar : add quadspi
2023-11-16 17:05:09,955 [INFO] IPUIPlugin:80 - create IPUIPlugin
2023-11-16 17:05:09,956 [INFO] PluginManager:220 - loadIPPluginJar : add aes
2023-11-16 17:05:09,959 [INFO] IPUIPlugin:80 - create IPUIPlugin
2023-11-16 17:05:09,959 [INFO] PluginManager:220 - loadIPPluginJar : add pdm2pcm
2023-11-16 17:05:09,961 [INFO] IPUIPlugin:80 - create IPUIPlugin
2023-11-16 17:05:09,961 [INFO] PluginManager:220 - loadIPPluginJar : add hash
2023-11-16 17:05:09,963 [INFO] IPUIPlugin:80 - create IPUIPlugin
2023-11-16 17:05:09,963 [INFO] PluginManager:220 - loadIPPluginJar : add tim
2023-11-16 17:05:09,964 [INFO] IPUIPlugin:80 - create IPUIPlugin
2023-11-16 17:05:09,964 [INFO] PluginManager:220 - loadIPPluginJar : add tsc
2023-11-16 17:05:09,966 [INFO] IPUIPlugin:80 - create IPUIPlugin
2023-11-16 17:05:09,966 [INFO] PluginManager:220 - loadIPPluginJar : add ts
2023-11-16 17:05:09,969 [INFO] IPUIPlugin:80 - create IPUIPlugin
2023-11-16 17:05:09,969 [INFO] PluginManager:220 - loadIPPluginJar : add can
2023-11-16 17:05:09,972 [INFO] IPUIPlugin:80 - create IPUIPlugin
2023-11-16 17:05:09,972 [INFO] PluginManager:220 - loadIPPluginJar : add dma3
2023-11-16 17:05:09,974 [INFO] IPUIPlugin:80 - create IPUIPlugin
2023-11-16 17:05:09,974 [INFO] PluginManager:220 - loadIPPluginJar : add dfsdm
2023-11-16 17:05:09,976 [INFO] IPUIPlugin:80 - create IPUIPlugin
2023-11-16 17:05:09,976 [INFO] PluginManager:220 - loadIPPluginJar : add spi
2023-11-16 17:05:09,978 [INFO] IPUIPlugin:80 - create IPUIPlugin
2023-11-16 17:05:09,979 [INFO] PluginManager:220 - loadIPPluginJar : add gfxmmu
2023-11-16 17:05:09,980 [INFO] IPUIPlugin:80 - create IPUIPlugin
2023-11-16 17:05:09,980 [INFO] PluginManager:220 - loadIPPluginJar : add genericplugin
2023-11-16 17:05:09,983 [INFO] IPUIPlugin:80 - create IPUIPlugin
2023-11-16 17:05:09,983 [INFO] PluginManager:220 - loadIPPluginJar : add cryp
2023-11-16 17:05:09,986 [INFO] IPUIPlugin:80 - create IPUIPlugin
2023-11-16 17:05:09,986 [INFO] PluginManager:220 - loadIPPluginJar : add gpio
2023-11-16 17:05:09,988 [INFO] IPUIPlugin:80 - create IPUIPlugin
2023-11-16 17:05:09,988 [INFO] PluginManager:220 - loadIPPluginJar : add comp
2023-11-16 17:05:09,989 [INFO] IPUIPlugin:80 - create IPUIPlugin
2023-11-16 17:05:09,989 [INFO] PluginManager:220 - loadIPPluginJar : add tracer_emb
2023-11-16 17:05:09,992 [INFO] IPUIPlugin:80 - create IPUIPlugin
2023-11-16 17:05:09,992 [INFO] PluginManager:220 - loadIPPluginJar : add openamp
2023-11-16 17:05:09,997 [INFO] IPUIPlugin:80 - create IPUIPlugin
2023-11-16 17:05:09,997 [INFO] PluginManager:220 - loadIPPluginJar : add stm32_wpan
2023-11-16 17:05:10,003 [INFO] IPUIPlugin:80 - create IPUIPlugin
2023-11-16 17:05:10,005 [INFO] PluginManager:220 - loadIPPluginJar : add plateformsettings
2023-11-16 17:05:10,009 [INFO] IPUIPlugin:80 - create IPUIPlugin
2023-11-16 17:05:10,009 [INFO] PluginManager:220 - loadIPPluginJar : add ipddr
2023-11-16 17:05:10,012 [INFO] IPUIPlugin:80 - create IPUIPlugin
2023-11-16 17:05:10,012 [INFO] PluginManager:220 - loadIPPluginJar : add usart
2023-11-16 17:05:10,013 [INFO] IPUIPlugin:80 - create IPUIPlugin
2023-11-16 17:05:10,013 [INFO] PluginManager:220 - loadIPPluginJar : add ltdc
2023-11-16 17:05:10,016 [INFO] IPUIPlugin:80 - create IPUIPlugin
2023-11-16 17:05:10,016 [INFO] PluginManager:220 - loadIPPluginJar : add nvic
2023-11-16 17:05:10,018 [INFO] IPUIPlugin:80 - create IPUIPlugin
2023-11-16 17:05:10,018 [INFO] PluginManager:220 - loadIPPluginJar : add fatfs
2023-11-16 17:05:10,025 [INFO] IPUIPlugin:80 - create IPUIPlugin
2023-11-16 17:05:10,025 [INFO] PluginManager:220 - loadIPPluginJar : add linkedlist
2023-11-16 17:05:10,030 [INFO] IPUIPlugin:80 - create IPUIPlugin
2023-11-16 17:05:10,030 [INFO] PluginManager:220 - loadIPPluginJar : add dma
2023-11-16 17:05:10,034 [INFO] IPUIPlugin:80 - create IPUIPlugin
2023-11-16 17:05:10,034 [INFO] PluginManager:220 - loadIPPluginJar : add fmc
2023-11-16 17:05:10,036 [INFO] IPUIPlugin:80 - create IPUIPlugin
2023-11-16 17:05:10,036 [INFO] PluginManager:220 - loadIPPluginJar : add i2s
2023-11-16 17:05:10,038 [INFO] IPUIPlugin:80 - create IPUIPlugin
2023-11-16 17:05:10,038 [INFO] PluginManager:220 - loadIPPluginJar : add ucpd
2023-11-16 17:05:10,040 [INFO] IPUIPlugin:80 - create IPUIPlugin
2023-11-16 17:05:10,040 [INFO] PluginManager:220 - loadIPPluginJar : add lorawan
2023-11-16 17:05:10,042 [INFO] IPUIPlugin:80 - create IPUIPlugin
2023-11-16 17:05:10,042 [INFO] PluginManager:220 - loadIPPluginJar : add opamp
2023-11-16 17:05:10,044 [INFO] IPUIPlugin:80 - create IPUIPlugin
2023-11-16 17:05:10,045 [INFO] PluginManager:220 - loadIPPluginJar : add i3c
2023-11-16 17:05:10,047 [INFO] IPUIPlugin:80 - create IPUIPlugin
2023-11-16 17:05:10,048 [INFO] PluginManager:220 - loadIPPluginJar : add touchsensing
2023-11-16 17:05:10,050 [INFO] IPUIPlugin:80 - create IPUIPlugin
2023-11-16 17:05:10,050 [INFO] PluginManager:220 - loadIPPluginJar : add i2c
2023-11-16 17:05:10,054 [INFO] IPUIPlugin:80 - create IPUIPlugin
2023-11-16 17:05:10,054 [INFO] PluginManager:220 - loadIPPluginJar : add resmgrutility
2023-11-16 17:05:10,056 [INFO] IPUIPlugin:80 - create IPUIPlugin
2023-11-16 17:05:10,056 [INFO] PluginManager:220 - loadIPPluginJar : add sai
2023-11-16 17:05:10,059 [INFO] IPUIPlugin:80 - create IPUIPlugin
2023-11-16 17:05:10,059 [INFO] PluginManager:220 - loadIPPluginJar : add usbx
2023-11-16 17:05:10,157 [INFO] CADModel:165 - CPN selected for project level
2023-11-16 17:05:10,157 [INFO] CADModel:114 - Register for checkConnection events
2023-11-16 17:05:10,157 [FATAL] Updater:308 - Updater called before beeing initialized
2023-11-16 17:05:10,157 [ERROR] CADModel:125 - Updater not yet initialized, retry later 
2023-11-16 17:05:10,345 [INFO] CADModel:165 - CPN selected for project level
2023-11-16 17:05:10,346 [INFO] CADModel:114 - Register for checkConnection events
2023-11-16 17:05:10,346 [FATAL] Updater:308 - Updater called before beeing initialized
2023-11-16 17:05:10,346 [ERROR] CADModel:125 - Updater not yet initialized, retry later 
2023-11-16 17:05:10,351 [FATAL] Updater:308 - Updater called before beeing initialized
2023-11-16 17:05:10,427 [FATAL] Updater:308 - Updater called before beeing initialized
2023-11-16 17:05:10,434 [INFO] DbMcusAds:53 - JSON generation date=Tue Mar 07 03:50:55 COT 2023 (1678179055335)
2023-11-16 17:05:10,434 [FATAL] Updater:308 - Updater called before beeing initialized
2023-11-16 17:05:10,590 [WARN] DetailPanel:346 - Failed to get advertising image, set to default
2023-11-16 17:05:10,670 [FATAL] Updater:308 - Updater called before beeing initialized
2023-11-16 17:05:10,672 [FATAL] Updater:308 - Updater called before beeing initialized
2023-11-16 17:05:10,672 [FATAL] Updater:308 - Updater called before beeing initialized
2023-11-16 17:05:10,672 [WARN] DetailPanel:346 - Failed to get advertising image, set to default
2023-11-16 17:05:10,673 [FATAL] Updater:308 - Updater called before beeing initialized
2023-11-16 17:05:10,698 [ERROR] Updater:1120 - MainUpdater not yet initialized. External WinMGr cannot be set.
2023-11-16 17:05:10,721 [INFO] Updater:1056 - Updater Version found : 6.9.2
2023-11-16 17:05:10,740 [INFO] ApplicationProperties:184 - Using Application install path: /Applications/STM32CubeIDE.app/Contents/Eclipse/plugins/com.st.stm32cube.common.mx_6.9.2.202309101412
2023-11-16 17:05:11,346 [INFO] MainUpdater:2868 - connection check result : 10
2023-11-16 17:05:11,347 [INFO] MainUpdater:285 - Updater Check For Update Now.
2023-11-16 17:05:11,348 [INFO] MicroXplorer:498 - Change Database Version : DB.6.0.92
2023-11-16 17:05:11,355 [INFO] McuFinderGlobals:63 - Set McuFinder mode to 2 (CubeIDE integrated)
2023-11-16 17:05:11,356 [INFO] UserAuth:179 - activating auth plugin
2023-11-16 17:05:11,358 [INFO] UserAuth:393 - Internet connection configuration mode: 1
2023-11-16 17:05:11,379 [INFO] JxBrowserEngine:151 - Initiate JxBrowser Engine with user profile folder
2023-11-16 17:05:11,544 [INFO] CheckServerUpdateThread:120 - End of CheckServer Thread
2023-11-16 17:05:12,532 [WARN] PackLoader:240 - Cannot read IP mode file for STMicroelectronics.X-CUBE-SMBUS.2.1.0
2023-11-16 17:05:12,569 [WARN] PackLoader:240 - Cannot read IP mode file for STMicroelectronics.X-CUBE-AZRTOS-F7.1.1.0
2023-11-16 17:05:12,583 [WARN] PackLoader:240 - Cannot read IP mode file for STMicroelectronics.FP-SNS-MOTENV1.4.3.2
2023-11-16 17:05:12,590 [WARN] PackLoader:240 - Cannot read IP mode file for STMicroelectronics.FP-SNS-FLIGHT1.5.0.2
2023-11-16 17:05:12,601 [WARN] PackLoader:240 - Cannot read IP mode file for STMicroelectronics.X-CUBE-DISPLAY.3.0.0
2023-11-16 17:05:12,617 [WARN] PackLoader:240 - Cannot read IP mode file for STMicroelectronics.X-CUBE-BLE1.7.0.0
2023-11-16 17:05:12,624 [WARN] PackLoader:240 - Cannot read IP mode file for emotas.I-CUBE-CANOPEN.1.3.0
2023-11-16 17:05:12,628 [WARN] PackLoader:240 - Cannot read IP mode file for STMicroelectronics.X-CUBE-TOUCHGFX.4.22.1
2023-11-16 17:05:12,632 [WARN] PackLoader:240 - Cannot read IP mode file for STMicroelectronics.FP-SNS-SMARTAG2.1.2.0
2023-11-16 17:05:12,645 [INFO] LogOutputStream:77 - [STDOUT_REDIRECT] 1 : Invalid condition id : UX_CORESTACK_Condition cause : null
2023-11-16 17:05:12,646 [INFO] LogOutputStream:77 - [STDOUT_REDIRECT] 1 : Invalid condition id : UX_CORESTACK_Condition cause : null
2023-11-16 17:05:12,646 [INFO] LogOutputStream:77 - [STDOUT_REDIRECT] 1 : Invalid condition id : UX_CORESTACK_Condition cause : null
2023-11-16 17:05:12,646 [INFO] LogOutputStream:77 - [STDOUT_REDIRECT] 1 : Invalid condition id : UX_CORESTACK_Condition cause : null
2023-11-16 17:05:12,646 [INFO] LogOutputStream:77 - [STDOUT_REDIRECT] 1 : Invalid condition id : UX_CORESTACK_Condition cause : null
2023-11-16 17:05:12,650 [WARN] PackLoader:240 - Cannot read IP mode file for STMicroelectronics.X-CUBE-AZRTOS-WL.2.0.0
2023-11-16 17:05:12,674 [WARN] PackLoader:240 - Cannot read IP mode file for WES.I-CUBE-Cesium.1.3.0
2023-11-16 17:05:12,712 [WARN] PackLoader:240 - Cannot read IP mode file for STMicroelectronics.X-CUBE-BLE2.3.3.0
2023-11-16 17:05:12,735 [WARN] PackLoader:240 - Cannot read IP mode file for STMicroelectronics.X-CUBE-ALGOBUILD.1.3.0
2023-11-16 17:05:12,764 [WARN] PackLoader:240 - Cannot read IP mode file for STMicroelectronics.X-CUBE-AZRTOS-G0.1.1.0
2023-11-16 17:05:12,786 [WARN] PackLoader:240 - Cannot read IP mode file for STMicroelectronics.X-CUBE-NFC4.3.0.0
2023-11-16 17:05:12,798 [WARN] PackLoader:240 - Cannot read IP mode file for STMicroelectronics.X-CUBE-BLEMGR.3.0.0
2023-11-16 17:05:12,806 [WARN] PackLoader:240 - Cannot read IP mode file for STMicroelectronics.FP-ATR-SIGFOX1.3.2.0
2023-11-16 17:05:12,874 [WARN] PackLoader:240 - Cannot read IP mode file for SEGGER.I-CUBE-embOS.1.3.1
2023-11-16 17:05:13,001 [WARN] PackLoader:240 - Cannot read IP mode file for STMicroelectronics.X-CUBE-GNSS1.6.0.0
2023-11-16 17:05:13,042 [WARN] PackLoader:240 - Cannot read IP mode file for STMicroelectronics.X-CUBE-AZRTOS-F4.1.1.0
2023-11-16 17:05:13,176 [WARN] PackLoader:240 - Cannot read IP mode file for wolfSSL.I-CUBE-wolfSSL.5.6.3
2023-11-16 17:05:13,258 [WARN] PackLoader:240 - Cannot read IP mode file for STMicroelectronics.X-CUBE-AZRTOS-L5.2.0.0
2023-11-16 17:05:13,306 [WARN] PackLoader:240 - Cannot read IP mode file for STMicroelectronics.X-CUBE-EEPRMA1.4.2.0
2023-11-16 17:05:13,352 [WARN] PackLoader:240 - Cannot read IP mode file for ITTIA_DB.I-CUBE-ITTIADB.8.8.0
2023-11-16 17:05:13,377 [WARN] PackLoader:240 - Cannot read IP mode file for STMicroelectronics.X-CUBE-BLEMGR.2.0.0
2023-11-16 17:05:13,423 [WARN] ConditionMgr:438 - getConditionDescription Invalid condition id : UX DEVICE CLASS RTOS Condition cause : null
2023-11-16 17:05:13,424 [WARN] ConditionMgr:438 - getConditionDescription Invalid condition id : UX DEVICE CLASS RTOS Condition cause : null
2023-11-16 17:05:13,427 [WARN] PackLoader:240 - Cannot read IP mode file for STMicroelectronics.X-CUBE-AZRTOS-H7.3.1.0
2023-11-16 17:05:13,428 [WARN] ConditionMgr:1039 - genDependencies : Invalid condition id : UX DEVICE CLASS RTOS Condition cause : null
2023-11-16 17:05:13,429 [WARN] ConditionMgr:1039 - genDependencies : Invalid condition id : UX DEVICE CLASS RTOS Condition cause : null
2023-11-16 17:05:13,430 [WARN] ConditionMgr:1039 - genDependencies : Invalid condition id : UX DEVICE CLASS RTOS Condition cause : null
2023-11-16 17:05:13,431 [WARN] ConditionMgr:1039 - genDependencies : Invalid condition id : UX DEVICE CLASS RTOS Condition cause : null
2023-11-16 17:05:13,431 [WARN] ConditionMgr:1039 - genDependencies : Invalid condition id : UX DEVICE CLASS RTOS Condition cause : null
2023-11-16 17:05:13,438 [WARN] PackLoader:240 - Cannot read IP mode file for STMicroelectronics.X-CUBE-NFC7.1.0.1
2023-11-16 17:05:13,447 [WARN] PackLoader:240 - Cannot read IP mode file for STMicroelectronics.X-CUBE-NFC6.3.0.0
2023-11-16 17:05:13,459 [WARN] PackLoader:240 - Cannot read IP mode file for STMicroelectronics.X-CUBE-EEPRMA1.4.1.0
2023-11-16 17:05:13,466 [WARN] PackLoader:240 - Cannot read IP mode file for STMicroelectronics.X-CUBE-AI.8.1.0
2023-11-16 17:05:13,490 [WARN] ConditionMgr:438 - getConditionDescription Invalid condition id : LAN8742 Phy interface Condition cause : null
2023-11-16 17:05:13,490 [WARN] PackLoader:240 - Cannot read IP mode file for STMicroelectronics.X-CUBE-AZRTOS-L4.2.0.0
2023-11-16 17:05:13,492 [WARN] ConditionMgr:1039 - genDependencies : Invalid condition id : LAN8742 Phy interface Condition cause : null
2023-11-16 17:05:13,493 [WARN] ConditionMgr:1039 - genDependencies : Invalid condition id : LAN8742 Phy interface Condition cause : null
2023-11-16 17:05:13,493 [WARN] ConditionMgr:1039 - genDependencies : Invalid condition id : LAN8742 Phy interface Condition cause : null
2023-11-16 17:05:13,501 [WARN] PackLoader:240 - Cannot read IP mode file for STMicroelectronics.X-CUBE-SFXS2LP1.4.0.0
2023-11-16 17:05:13,508 [WARN] PackLoader:240 - Cannot read IP mode file for STMicroelectronics.X-CUBE-ISPU.1.1.0
2023-11-16 17:05:13,524 [WARN] ConditionMgr:438 - getConditionDescription Invalid condition id : UX DEVICE CLASS RTOS Condition cause : null
2023-11-16 17:05:13,525 [WARN] ConditionMgr:438 - getConditionDescription Invalid condition id : UX DEVICE CLASS RTOS Condition cause : null
2023-11-16 17:05:13,526 [WARN] PackLoader:240 - Cannot read IP mode file for STMicroelectronics.X-CUBE-AZRTOS-WB.2.0.0
2023-11-16 17:05:13,527 [WARN] ConditionMgr:1039 - genDependencies : Invalid condition id : UX DEVICE CLASS RTOS Condition cause : null
2023-11-16 17:05:13,527 [WARN] ConditionMgr:1039 - genDependencies : Invalid condition id : UX DEVICE CLASS RTOS Condition cause : null
2023-11-16 17:05:13,528 [WARN] ConditionMgr:1039 - genDependencies : Invalid condition id : UX DEVICE CLASS RTOS Condition cause : null
2023-11-16 17:05:13,528 [WARN] ConditionMgr:1039 - genDependencies : Invalid condition id : UX DEVICE CLASS RTOS Condition cause : null
2023-11-16 17:05:13,528 [WARN] ConditionMgr:1039 - genDependencies : Invalid condition id : UX DEVICE CLASS RTOS Condition cause : null
2023-11-16 17:05:13,538 [WARN] PackLoader:240 - Cannot read IP mode file for STMicroelectronics.X-CUBE-SUBG2.5.0.0
2023-11-16 17:05:13,559 [WARN] PackLoader:240 - Cannot read IP mode file for STMicroelectronics.X-CUBE-TOF1.3.3.1
2023-11-16 17:05:13,605 [WARN] PackLoader:240 - Cannot read IP mode file for STMicroelectronics.X-CUBE-AZRTOS-G4.2.0.0
2023-11-16 17:05:13,627 [WARN] PackLoader:240 - Cannot read IP mode file for Infineon.AIROC-Wi-Fi-Bluetooth-STM32.1.5.1
2023-11-16 17:05:13,639 [WARN] PackLoader:240 - Cannot read IP mode file for STMicroelectronics.FP-SNS-MOTENVWB1.1.3.0
2023-11-16 17:05:13,707 [WARN] PackLoader:240 - Cannot read IP mode file for STMicroelectronics.X-CUBE-MEMS1.10.0.0
2023-11-16 17:05:13,881 [WARN] PackLoader:240 - Cannot read IP mode file for STMicroelectronics.X-CUBE-FREERTOS.1.1.0
2023-11-16 17:05:13,885 [WARN] PackLoader:240 - Cannot read IP mode file for portGmbH.I-Cube-SoM-uGOAL.1.1.0
2023-11-16 17:05:13,888 [WARN] PackLoader:240 - Cannot read IP mode file for STMicroelectronics.X-CUBE-ALS.1.0.1
2023-11-16 17:05:13,891 [WARN] PackLoader:240 - Cannot read IP mode file for STMicroelectronics.FP-ATR-ASTRA1.2.0.0
2023-11-16 17:05:13,891 [INFO] ThirdParty:978 - Integrity check success = true
2023-11-16 17:05:13,891 [INFO] IntegrityCheckThread:100 - exiting critical section [integrity check]
2023-11-16 17:05:13,891 [INFO] IntegrityCheckThread:103 - End integrity checks thread
2023-11-16 17:05:14,207 [INFO] WebApp:157 - Instantiating new browser for Auth
2023-11-16 17:05:15,158 [INFO] WebApp:753 - Register for checkConnection events
2023-11-16 17:05:15,158 [INFO] WebApp:390 - Apply proxy settings
2023-11-16 17:05:15,163 [INFO] WebApp:455 - Chromium authenticates against System proxy
2023-11-16 17:05:15,363 [INFO] WebApp:188 - Starting web application
2023-11-16 17:05:15,363 [INFO] WebApp:520 - Web application path used /Applications/STM32CubeIDE.app/Contents/Eclipse/plugins/com.st.stm32cube.common.mx_6.9.2.202309101412/db/plugins/mcufinder/reactClient1/index.html
2023-11-16 17:05:36,071 [ERROR] LogOutputStream:75 - [STDERR_REDIRECT] SLF4J: Failed to load class "org.slf4j.impl.StaticLoggerBinder".
2023-11-16 17:05:36,071 [ERROR] LogOutputStream:75 - [STDERR_REDIRECT] SLF4J: Defaulting to no-operation (NOP) logger implementation
2023-11-16 17:05:36,072 [ERROR] LogOutputStream:75 - [STDERR_REDIRECT] SLF4J: See http://www.slf4j.org/codes.html#StaticLoggerBinder for further details.
2023-11-16 22:00:54,423 [ERROR] LogOutputStream:75 - [STDERR_REDIRECT] 
2023-11-16 22:11:52,248 [INFO] Activator:176 - 


2023-11-16 22:11:52,250 [INFO] Activator:177 - !SESSION log4j initialized
2023-11-16 22:11:56,595 [ERROR] LogOutputStream:75 - [STDERR_REDIRECT] 
2023-11-16 22:11:57,323 [INFO] LogOutputStream:77 - [STDOUT_REDIRECT] 
2023-11-16 22:11:58,631 [INFO] LogOutputStream:77 - [STDOUT_REDIRECT] 
2023-11-16 22:12:01,549 [INFO] ApplicationProperties:184 - Using Application install path: /Applications/STM32CubeIDE.app/Contents/Eclipse/plugins/com.st.stm32cube.common.mx_6.9.2.202309101412
2023-11-16 22:12:01,568 [INFO] DbMcusXml:78 - Set database path to: /Applications/STM32CubeIDE.app/Contents/Eclipse/plugins/com.st.stm32cube.common.mx_6.9.2.202309101412//db//mcu/
2023-11-16 22:12:01,568 [INFO] ApiDb:274 - Set plugin database path to: /Applications/STM32CubeIDE.app/Contents/Eclipse/plugins/com.st.stm32cube.common.mx_6.9.2.202309101412//db//plugins/boardmanager/
2023-11-16 22:12:01,568 [WARN] ApiDb:259 - Overriding images path with different value:  => /Applications/STM32CubeIDE.app/Contents/Eclipse/plugins/com.st.stm32cube.common.mx_6.9.2.202309101412//db//plugins/mcufinder/images/
2023-11-16 22:12:01,580 [INFO] ApiDb:250 - Set database path to: /Users/hollerller/.stmcufinder/plugins/mcufinder//mcu/
2023-11-16 22:12:01,581 [INFO] DbMcusAds:125 - Set database path to: /Users/hollerller/.stmcufinder/plugins/mcufinder//mcu/
2023-11-16 22:12:01,584 [INFO] CrossReferenceDbSqlite:203 - Set database path to: /Users/hollerller/.stmcufinder/plugins/mcufinder//mcu/cs/
2023-11-16 22:12:01,688 [INFO] RulesReader:64 - Compatibility file has been processed (293 Rules)
2023-11-16 22:12:01,763 [INFO] DbMcusXml:78 - Set database path to: /Applications/STM32CubeIDE.app/Contents/Eclipse/plugins/com.st.stm32cube.common.mx_6.9.2.202309101412//db//mcu/
2023-11-16 22:12:01,763 [INFO] ApiDb:274 - Set plugin database path to: /Applications/STM32CubeIDE.app/Contents/Eclipse/plugins/com.st.stm32cube.common.mx_6.9.2.202309101412//db//plugins/boardmanager/
2023-11-16 22:12:01,764 [INFO] ApiDb:261 - Set plugin images path to: /Applications/STM32CubeIDE.app/Contents/Eclipse/plugins/com.st.stm32cube.common.mx_6.9.2.202309101412//db//plugins/mcufinder/images/
2023-11-16 22:12:01,764 [WARN] DbFile:41 - Overriding database path with different value: /Users/hollerller/.stmcufinder/plugins/mcufinder/ => /Users/hollerller/.stmcufinder/plugins/mcufinder
2023-11-16 22:12:01,764 [INFO] ApiDb:250 - Set database path to: /Users/hollerller/.stmcufinder/plugins/mcufinder//mcu/
2023-11-16 22:12:01,764 [WARN] DbFile:41 - Overriding database path with different value: /Users/hollerller/.stmcufinder/plugins/mcufinder/ => /Users/hollerller/.stmcufinder/plugins/mcufinder
2023-11-16 22:12:01,764 [INFO] DbMcusAds:125 - Set database path to: /Users/hollerller/.stmcufinder/plugins/mcufinder//mcu/
2023-11-16 22:12:01,764 [WARN] DbFile:41 - Overriding database path with different value: /Users/hollerller/.stmcufinder/plugins/mcufinder/ => /Users/hollerller/.stmcufinder/plugins/mcufinder
2023-11-16 22:12:01,764 [WARN] DbFile:41 - Overriding database path with different value: /Users/hollerller/.stmcufinder/plugins/mcufinder/ => /Users/hollerller/.stmcufinder/plugins/mcufinder
2023-11-16 22:12:01,764 [INFO] CrossReferenceDbSqlite:203 - Set database path to: /Users/hollerller/.stmcufinder/plugins/mcufinder//mcu/cs/
2023-11-16 22:12:01,856 [INFO] MainPanel:262 - HeapMemory: 268435456
2023-11-16 22:12:01,954 [INFO] DbMcusXml:78 - Set database path to: /Applications/STM32CubeIDE.app/Contents/Eclipse/plugins/com.st.stm32cube.common.mx_6.9.2.202309101412//db//mcu/
2023-11-16 22:12:01,954 [INFO] ApiDb:274 - Set plugin database path to: /Applications/STM32CubeIDE.app/Contents/Eclipse/plugins/com.st.stm32cube.common.mx_6.9.2.202309101412//db//plugins/boardmanager/
2023-11-16 22:12:01,955 [INFO] ApiDb:261 - Set plugin images path to: /Applications/STM32CubeIDE.app/Contents/Eclipse/plugins/com.st.stm32cube.common.mx_6.9.2.202309101412//db//plugins/mcufinder/images/
2023-11-16 22:12:01,955 [WARN] DbFile:41 - Overriding database path with different value: /Users/hollerller/.stmcufinder/plugins/mcufinder/ => /Users/hollerller/.stmcufinder/plugins/mcufinder
2023-11-16 22:12:01,955 [INFO] ApiDb:250 - Set database path to: /Users/hollerller/.stmcufinder/plugins/mcufinder//mcu/
2023-11-16 22:12:01,955 [WARN] DbFile:41 - Overriding database path with different value: /Users/hollerller/.stmcufinder/plugins/mcufinder/ => /Users/hollerller/.stmcufinder/plugins/mcufinder
2023-11-16 22:12:01,955 [INFO] DbMcusAds:125 - Set database path to: /Users/hollerller/.stmcufinder/plugins/mcufinder//mcu/
2023-11-16 22:12:01,956 [WARN] DbFile:41 - Overriding database path with different value: /Users/hollerller/.stmcufinder/plugins/mcufinder/ => /Users/hollerller/.stmcufinder/plugins/mcufinder
2023-11-16 22:12:01,956 [WARN] DbFile:41 - Overriding database path with different value: /Users/hollerller/.stmcufinder/plugins/mcufinder/ => /Users/hollerller/.stmcufinder/plugins/mcufinder
2023-11-16 22:12:01,956 [INFO] CrossReferenceDbSqlite:203 - Set database path to: /Users/hollerller/.stmcufinder/plugins/mcufinder//mcu/cs/
2023-11-16 22:12:01,972 [INFO] ApplicationProperties:184 - Using Application install path: /Applications/STM32CubeIDE.app/Contents/Eclipse/plugins/com.st.stm32cube.common.mx_6.9.2.202309101412
2023-11-16 22:12:01,973 [INFO] PluginManage:196 - Search for loadable plugins [exclusion list=, ]
2023-11-16 22:12:01,975 [INFO] PluginManage:310 - Check plugin analytics
2023-11-16 22:12:02,142 [INFO] AnalyticsPlugin:253 - Accepted Software Licenses: 
2023-11-16 22:12:02,142 [INFO] AnalyticsPlugin:255 - Accepted CMSIS Pack Licenses: 
2023-11-16 22:12:02,142 [INFO] AnalyticsPlugin:257 - Accepted Firmware Licenses: FW.F4.1.27.0
2023-11-16 22:12:02,144 [INFO] PluginManage:359 - Loaded plugin analytics (category:tool,tabindex:-1)
2023-11-16 22:12:02,145 [INFO] PluginManage:310 - Check plugin cadmodel
2023-11-16 22:12:02,951 [INFO] CADModel:105 - Init CAD model plugin
2023-11-16 22:12:02,951 [INFO] PluginManage:359 - Loaded plugin cadmodel (category:power,tabindex:5)
2023-11-16 22:12:02,951 [INFO] PluginManage:310 - Check plugin clock
2023-11-16 22:12:02,964 [INFO] PluginManage:359 - Loaded plugin clock (category:base,tabindex:2)
2023-11-16 22:12:02,964 [INFO] PluginManage:310 - Check plugin ddr
2023-11-16 22:12:02,968 [INFO] PluginManage:359 - Loaded plugin ddr (category:tool,tabindex:6)
2023-11-16 22:12:02,968 [INFO] PluginManage:310 - Check plugin filemanager
2023-11-16 22:12:03,089 [INFO] PluginManage:359 - Loaded plugin filemanager (category:base,tabindex:10)
2023-11-16 22:12:03,089 [INFO] PluginManage:310 - Check plugin ipmanager
2023-11-16 22:12:03,096 [INFO] PluginManage:359 - Loaded plugin ipmanager (category:base,tabindex:5)
2023-11-16 22:12:03,097 [INFO] PluginManage:310 - Check plugin lpbam
2023-11-16 22:12:03,106 [INFO] PluginManage:359 - Loaded plugin lpbam (category:base,tabindex:0)
2023-11-16 22:12:03,106 [INFO] PluginManage:310 - Check plugin memorymap
2023-11-16 22:12:03,119 [INFO] PluginManage:359 - Loaded plugin memorymap (category:base,tabindex:4)
2023-11-16 22:12:03,119 [INFO] PluginManage:310 - Check plugin pinoutandconfiguration
2023-11-16 22:12:03,126 [INFO] PluginManage:359 - Loaded plugin pinoutandconfiguration (category:base,tabindex:1)
2023-11-16 22:12:03,126 [INFO] PluginManage:310 - Check plugin pinoutconfig
2023-11-16 22:12:03,208 [WARN] SupportedApi:132 - Cannot load RTOS API schema: s4s-elt-must-match.1: The content of 'definitions' must match (annotation?, (simpleType | complexType)?, (unique | key | keyref)*)). A problem was found starting at: attribute.
2023-11-16 22:12:03,330 [INFO] PluginManage:359 - Loaded plugin pinoutconfig (category:base,tabindex:0)
2023-11-16 22:12:03,331 [INFO] PluginManage:310 - Check plugin power
2023-11-16 22:12:03,342 [INFO] PluginManage:359 - Loaded plugin power (category:power,tabindex:4)
2023-11-16 22:12:03,342 [INFO] PluginManage:310 - Check plugin projectmanager
2023-11-16 22:12:03,353 [INFO] PluginManage:359 - Loaded plugin projectmanager (category:projectmanager,tabindex:3)
2023-11-16 22:12:03,353 [INFO] PluginManage:310 - Check plugin thirdparty
2023-11-16 22:12:03,487 [INFO] PluginManage:359 - Loaded plugin thirdparty (category:base,tabindex:-1)
2023-11-16 22:12:03,487 [WARN] IntegrityCheckThread:84 - waiting for thirdparty lock release [integrity check]
2023-11-16 22:12:03,487 [INFO] PluginManage:310 - Check plugin tools
2023-11-16 22:12:03,487 [INFO] IntegrityCheckThread:86 - entering critical section [integrity check]
2023-11-16 22:12:03,488 [INFO] ThirdPartyUpdaterWithRetryManager:70 - Updater plugin not ready yet. [1/15]
2023-11-16 22:12:03,489 [INFO] PluginManage:359 - Loaded plugin tools (category:base,tabindex:7)
2023-11-16 22:12:03,490 [INFO] PluginManage:310 - Check plugin tutovideos
2023-11-16 22:12:03,656 [INFO] PluginManage:359 - Loaded plugin tutovideos (category:base,tabindex:-1)
2023-11-16 22:12:03,656 [INFO] PluginManage:310 - Check plugin updater
2023-11-16 22:12:03,667 [INFO] PluginManage:359 - Loaded plugin updater (category:base,tabindex:12)
2023-11-16 22:12:03,667 [INFO] PluginManage:310 - Check plugin userauth
2023-11-16 22:12:03,672 [INFO] UserAuth:113 - Init User Auth plugin
2023-11-16 22:12:03,672 [INFO] PluginManage:359 - Loaded plugin userauth (category:base,tabindex:14)
2023-11-16 22:12:03,672 [INFO] PluginManage:283 - PluginManage : Loaded plugins [17]
2023-11-16 22:12:03,850 [INFO] PinOutPanel:1499 - setPackage(No Configuration,No Configuration)
2023-11-16 22:12:03,938 [INFO] CADModel:165 - CPN selected for project level
2023-11-16 22:12:03,938 [INFO] CADModel:114 - Register for checkConnection events
2023-11-16 22:12:03,953 [INFO] IPUIPlugin:80 - create IPUIPlugin
2023-11-16 22:12:03,954 [INFO] PluginManager:220 - loadIPPluginJar : add mdma
2023-11-16 22:12:03,975 [INFO] IPUIPlugin:80 - create IPUIPlugin
2023-11-16 22:12:03,975 [INFO] PluginManager:220 - loadIPPluginJar : add freertos
2023-11-16 22:12:03,984 [INFO] IPUIPlugin:80 - create IPUIPlugin
2023-11-16 22:12:03,984 [INFO] PluginManager:220 - loadIPPluginJar : add gic
2023-11-16 22:12:03,997 [INFO] IPUIPlugin:80 - create IPUIPlugin
2023-11-16 22:12:03,997 [INFO] PluginManager:220 - loadIPPluginJar : add adc
2023-11-16 22:12:04,001 [INFO] IPUIPlugin:80 - create IPUIPlugin
2023-11-16 22:12:04,001 [INFO] PluginManager:220 - loadIPPluginJar : add gtzc
2023-11-16 22:12:04,004 [INFO] IPUIPlugin:80 - create IPUIPlugin
2023-11-16 22:12:04,004 [INFO] PluginManager:220 - loadIPPluginJar : add quadspi
2023-11-16 22:12:04,007 [INFO] IPUIPlugin:80 - create IPUIPlugin
2023-11-16 22:12:04,007 [INFO] PluginManager:220 - loadIPPluginJar : add aes
2023-11-16 22:12:04,011 [INFO] IPUIPlugin:80 - create IPUIPlugin
2023-11-16 22:12:04,011 [INFO] PluginManager:220 - loadIPPluginJar : add pdm2pcm
2023-11-16 22:12:04,013 [INFO] IPUIPlugin:80 - create IPUIPlugin
2023-11-16 22:12:04,014 [INFO] PluginManager:220 - loadIPPluginJar : add hash
2023-11-16 22:12:04,015 [INFO] IPUIPlugin:80 - create IPUIPlugin
2023-11-16 22:12:04,016 [INFO] PluginManager:220 - loadIPPluginJar : add tim
2023-11-16 22:12:04,017 [INFO] IPUIPlugin:80 - create IPUIPlugin
2023-11-16 22:12:04,017 [INFO] PluginManager:220 - loadIPPluginJar : add tsc
2023-11-16 22:12:04,019 [INFO] IPUIPlugin:80 - create IPUIPlugin
2023-11-16 22:12:04,019 [INFO] PluginManager:220 - loadIPPluginJar : add ts
2023-11-16 22:12:04,023 [INFO] IPUIPlugin:80 - create IPUIPlugin
2023-11-16 22:12:04,023 [INFO] PluginManager:220 - loadIPPluginJar : add can
2023-11-16 22:12:04,026 [INFO] IPUIPlugin:80 - create IPUIPlugin
2023-11-16 22:12:04,026 [INFO] PluginManager:220 - loadIPPluginJar : add dma3
2023-11-16 22:12:04,028 [INFO] IPUIPlugin:80 - create IPUIPlugin
2023-11-16 22:12:04,029 [INFO] PluginManager:220 - loadIPPluginJar : add dfsdm
2023-11-16 22:12:04,032 [INFO] IPUIPlugin:80 - create IPUIPlugin
2023-11-16 22:12:04,032 [INFO] PluginManager:220 - loadIPPluginJar : add spi
2023-11-16 22:12:04,034 [INFO] IPUIPlugin:80 - create IPUIPlugin
2023-11-16 22:12:04,034 [INFO] PluginManager:220 - loadIPPluginJar : add gfxmmu
2023-11-16 22:12:04,036 [INFO] IPUIPlugin:80 - create IPUIPlugin
2023-11-16 22:12:04,036 [INFO] PluginManager:220 - loadIPPluginJar : add genericplugin
2023-11-16 22:12:04,038 [INFO] IPUIPlugin:80 - create IPUIPlugin
2023-11-16 22:12:04,038 [INFO] PluginManager:220 - loadIPPluginJar : add cryp
2023-11-16 22:12:04,042 [INFO] IPUIPlugin:80 - create IPUIPlugin
2023-11-16 22:12:04,043 [INFO] PluginManager:220 - loadIPPluginJar : add gpio
2023-11-16 22:12:04,044 [INFO] IPUIPlugin:80 - create IPUIPlugin
2023-11-16 22:12:04,044 [INFO] PluginManager:220 - loadIPPluginJar : add comp
2023-11-16 22:12:04,046 [INFO] IPUIPlugin:80 - create IPUIPlugin
2023-11-16 22:12:04,046 [INFO] PluginManager:220 - loadIPPluginJar : add tracer_emb
2023-11-16 22:12:04,049 [INFO] IPUIPlugin:80 - create IPUIPlugin
2023-11-16 22:12:04,049 [INFO] PluginManager:220 - loadIPPluginJar : add openamp
2023-11-16 22:12:04,054 [INFO] IPUIPlugin:80 - create IPUIPlugin
2023-11-16 22:12:04,054 [INFO] PluginManager:220 - loadIPPluginJar : add stm32_wpan
2023-11-16 22:12:04,061 [INFO] IPUIPlugin:80 - create IPUIPlugin
2023-11-16 22:12:04,064 [INFO] PluginManager:220 - loadIPPluginJar : add plateformsettings
2023-11-16 22:12:04,069 [INFO] IPUIPlugin:80 - create IPUIPlugin
2023-11-16 22:12:04,069 [INFO] PluginManager:220 - loadIPPluginJar : add ipddr
2023-11-16 22:12:04,072 [INFO] IPUIPlugin:80 - create IPUIPlugin
2023-11-16 22:12:04,072 [INFO] PluginManager:220 - loadIPPluginJar : add usart
2023-11-16 22:12:04,073 [INFO] IPUIPlugin:80 - create IPUIPlugin
2023-11-16 22:12:04,073 [INFO] PluginManager:220 - loadIPPluginJar : add ltdc
2023-11-16 22:12:04,077 [INFO] IPUIPlugin:80 - create IPUIPlugin
2023-11-16 22:12:04,077 [INFO] PluginManager:220 - loadIPPluginJar : add nvic
2023-11-16 22:12:04,078 [INFO] IPUIPlugin:80 - create IPUIPlugin
2023-11-16 22:12:04,078 [INFO] PluginManager:220 - loadIPPluginJar : add fatfs
2023-11-16 22:12:04,085 [INFO] IPUIPlugin:80 - create IPUIPlugin
2023-11-16 22:12:04,085 [INFO] PluginManager:220 - loadIPPluginJar : add linkedlist
2023-11-16 22:12:04,089 [INFO] IPUIPlugin:80 - create IPUIPlugin
2023-11-16 22:12:04,090 [INFO] PluginManager:220 - loadIPPluginJar : add dma
2023-11-16 22:12:04,093 [INFO] IPUIPlugin:80 - create IPUIPlugin
2023-11-16 22:12:04,093 [INFO] PluginManager:220 - loadIPPluginJar : add fmc
2023-11-16 22:12:04,095 [INFO] IPUIPlugin:80 - create IPUIPlugin
2023-11-16 22:12:04,096 [INFO] PluginManager:220 - loadIPPluginJar : add i2s
2023-11-16 22:12:04,097 [INFO] IPUIPlugin:80 - create IPUIPlugin
2023-11-16 22:12:04,097 [INFO] PluginManager:220 - loadIPPluginJar : add ucpd
2023-11-16 22:12:04,099 [INFO] IPUIPlugin:80 - create IPUIPlugin
2023-11-16 22:12:04,099 [INFO] PluginManager:220 - loadIPPluginJar : add lorawan
2023-11-16 22:12:04,101 [INFO] IPUIPlugin:80 - create IPUIPlugin
2023-11-16 22:12:04,101 [INFO] PluginManager:220 - loadIPPluginJar : add opamp
2023-11-16 22:12:04,103 [INFO] IPUIPlugin:80 - create IPUIPlugin
2023-11-16 22:12:04,104 [INFO] PluginManager:220 - loadIPPluginJar : add i3c
2023-11-16 22:12:04,106 [INFO] IPUIPlugin:80 - create IPUIPlugin
2023-11-16 22:12:04,106 [INFO] PluginManager:220 - loadIPPluginJar : add touchsensing
2023-11-16 22:12:04,108 [INFO] IPUIPlugin:80 - create IPUIPlugin
2023-11-16 22:12:04,108 [INFO] PluginManager:220 - loadIPPluginJar : add i2c
2023-11-16 22:12:04,111 [INFO] IPUIPlugin:80 - create IPUIPlugin
2023-11-16 22:12:04,111 [INFO] PluginManager:220 - loadIPPluginJar : add resmgrutility
2023-11-16 22:12:04,114 [INFO] IPUIPlugin:80 - create IPUIPlugin
2023-11-16 22:12:04,114 [INFO] PluginManager:220 - loadIPPluginJar : add sai
2023-11-16 22:12:04,116 [INFO] IPUIPlugin:80 - create IPUIPlugin
2023-11-16 22:12:04,116 [INFO] PluginManager:220 - loadIPPluginJar : add usbx
2023-11-16 22:12:04,216 [INFO] CADModel:165 - CPN selected for project level
2023-11-16 22:12:04,217 [INFO] CADModel:114 - Register for checkConnection events
2023-11-16 22:12:04,217 [FATAL] Updater:308 - Updater called before beeing initialized
2023-11-16 22:12:04,217 [ERROR] CADModel:125 - Updater not yet initialized, retry later 
2023-11-16 22:12:04,423 [INFO] CADModel:165 - CPN selected for project level
2023-11-16 22:12:04,423 [INFO] CADModel:114 - Register for checkConnection events
2023-11-16 22:12:04,423 [FATAL] Updater:308 - Updater called before beeing initialized
2023-11-16 22:12:04,423 [ERROR] CADModel:125 - Updater not yet initialized, retry later 
2023-11-16 22:12:04,426 [FATAL] Updater:308 - Updater called before beeing initialized
2023-11-16 22:12:04,496 [FATAL] Updater:308 - Updater called before beeing initialized
2023-11-16 22:12:04,502 [INFO] DbMcusAds:53 - JSON generation date=Tue Mar 07 03:50:55 COT 2023 (1678179055335)
2023-11-16 22:12:04,502 [FATAL] Updater:308 - Updater called before beeing initialized
2023-11-16 22:12:04,669 [WARN] DetailPanel:346 - Failed to get advertising image, set to default
2023-11-16 22:12:04,745 [FATAL] Updater:308 - Updater called before beeing initialized
2023-11-16 22:12:04,747 [FATAL] Updater:308 - Updater called before beeing initialized
2023-11-16 22:12:04,747 [FATAL] Updater:308 - Updater called before beeing initialized
2023-11-16 22:12:04,747 [WARN] DetailPanel:346 - Failed to get advertising image, set to default
2023-11-16 22:12:04,748 [FATAL] Updater:308 - Updater called before beeing initialized
2023-11-16 22:12:04,771 [ERROR] Updater:1120 - MainUpdater not yet initialized. External WinMGr cannot be set.
2023-11-16 22:12:04,790 [INFO] Updater:1056 - Updater Version found : 6.9.2
2023-11-16 22:12:04,805 [INFO] ApplicationProperties:184 - Using Application install path: /Applications/STM32CubeIDE.app/Contents/Eclipse/plugins/com.st.stm32cube.common.mx_6.9.2.202309101412
2023-11-16 22:12:05,091 [INFO] MainUpdater:2868 - connection check result : 10
2023-11-16 22:12:05,092 [INFO] MainUpdater:285 - Updater Check For Update Now.
2023-11-16 22:12:05,092 [INFO] MicroXplorer:498 - Change Database Version : DB.6.0.92
2023-11-16 22:12:05,100 [INFO] McuFinderGlobals:63 - Set McuFinder mode to 2 (CubeIDE integrated)
2023-11-16 22:12:05,100 [INFO] UserAuth:179 - activating auth plugin
2023-11-16 22:12:05,104 [INFO] UserAuth:393 - Internet connection configuration mode: 1
2023-11-16 22:12:05,122 [INFO] JxBrowserEngine:151 - Initiate JxBrowser Engine with user profile folder
2023-11-16 22:12:05,267 [INFO] CheckServerUpdateThread:120 - End of CheckServer Thread
2023-11-16 22:12:06,828 [INFO] WebApp:157 - Instantiating new browser for Auth
2023-11-16 22:12:07,706 [WARN] PackLoader:240 - Cannot read IP mode file for STMicroelectronics.X-CUBE-SMBUS.2.1.0
2023-11-16 22:12:07,730 [WARN] PackLoader:240 - Cannot read IP mode file for STMicroelectronics.X-CUBE-AZRTOS-F7.1.1.0
2023-11-16 22:12:07,739 [WARN] PackLoader:240 - Cannot read IP mode file for STMicroelectronics.FP-SNS-MOTENV1.4.3.2
2023-11-16 22:12:07,746 [WARN] PackLoader:240 - Cannot read IP mode file for STMicroelectronics.FP-SNS-FLIGHT1.5.0.2
2023-11-16 22:12:07,754 [WARN] PackLoader:240 - Cannot read IP mode file for STMicroelectronics.X-CUBE-DISPLAY.3.0.0
2023-11-16 22:12:07,763 [WARN] PackLoader:240 - Cannot read IP mode file for STMicroelectronics.X-CUBE-BLE1.7.0.0
2023-11-16 22:12:07,768 [WARN] PackLoader:240 - Cannot read IP mode file for emotas.I-CUBE-CANOPEN.1.3.0
2023-11-16 22:12:07,771 [WARN] PackLoader:240 - Cannot read IP mode file for STMicroelectronics.X-CUBE-TOUCHGFX.4.22.1
2023-11-16 22:12:07,775 [WARN] PackLoader:240 - Cannot read IP mode file for STMicroelectronics.FP-SNS-SMARTAG2.1.2.0
2023-11-16 22:12:07,785 [INFO] LogOutputStream:77 - [STDOUT_REDIRECT] 1 : Invalid condition id : UX_CORESTACK_Condition cause : null
2023-11-16 22:12:07,786 [INFO] LogOutputStream:77 - [STDOUT_REDIRECT] 1 : Invalid condition id : UX_CORESTACK_Condition cause : null
2023-11-16 22:12:07,786 [INFO] LogOutputStream:77 - [STDOUT_REDIRECT] 1 : Invalid condition id : UX_CORESTACK_Condition cause : null
2023-11-16 22:12:07,786 [INFO] LogOutputStream:77 - [STDOUT_REDIRECT] 1 : Invalid condition id : UX_CORESTACK_Condition cause : null
2023-11-16 22:12:07,786 [INFO] LogOutputStream:77 - [STDOUT_REDIRECT] 1 : Invalid condition id : UX_CORESTACK_Condition cause : null
2023-11-16 22:12:07,789 [WARN] PackLoader:240 - Cannot read IP mode file for STMicroelectronics.X-CUBE-AZRTOS-WL.2.0.0
2023-11-16 22:12:07,796 [WARN] PackLoader:240 - Cannot read IP mode file for WES.I-CUBE-Cesium.1.3.0
2023-11-16 22:12:07,799 [WARN] PackLoader:240 - Cannot read IP mode file for STMicroelectronics.X-CUBE-BLE2.3.3.0
2023-11-16 22:12:07,815 [WARN] PackLoader:240 - Cannot read IP mode file for STMicroelectronics.X-CUBE-ALGOBUILD.1.3.0
2023-11-16 22:12:07,839 [WARN] PackLoader:240 - Cannot read IP mode file for STMicroelectronics.X-CUBE-AZRTOS-G0.1.1.0
2023-11-16 22:12:07,848 [WARN] PackLoader:240 - Cannot read IP mode file for STMicroelectronics.X-CUBE-NFC4.3.0.0
2023-11-16 22:12:07,858 [WARN] PackLoader:240 - Cannot read IP mode file for STMicroelectronics.X-CUBE-BLEMGR.3.0.0
2023-11-16 22:12:07,862 [WARN] PackLoader:240 - Cannot read IP mode file for STMicroelectronics.FP-ATR-SIGFOX1.3.2.0
2023-11-16 22:12:07,889 [WARN] PackLoader:240 - Cannot read IP mode file for SEGGER.I-CUBE-embOS.1.3.1
2023-11-16 22:12:07,931 [WARN] PackLoader:240 - Cannot read IP mode file for STMicroelectronics.X-CUBE-GNSS1.6.0.0
2023-11-16 22:12:07,955 [WARN] PackLoader:240 - Cannot read IP mode file for STMicroelectronics.X-CUBE-AZRTOS-F4.1.1.0
2023-11-16 22:12:07,960 [WARN] PackLoader:240 - Cannot read IP mode file for wolfSSL.I-CUBE-wolfSSL.5.6.3
2023-11-16 22:12:07,975 [INFO] WebApp:753 - Register for checkConnection events
2023-11-16 22:12:07,975 [INFO] WebApp:390 - Apply proxy settings
2023-11-16 22:12:07,976 [WARN] PackLoader:240 - Cannot read IP mode file for STMicroelectronics.X-CUBE-AZRTOS-L5.2.0.0
2023-11-16 22:12:07,979 [INFO] WebApp:455 - Chromium authenticates against System proxy
2023-11-16 22:12:07,984 [WARN] PackLoader:240 - Cannot read IP mode file for STMicroelectronics.X-CUBE-EEPRMA1.4.2.0
2023-11-16 22:12:07,988 [WARN] PackLoader:240 - Cannot read IP mode file for ITTIA_DB.I-CUBE-ITTIADB.8.8.0
2023-11-16 22:12:07,993 [WARN] PackLoader:240 - Cannot read IP mode file for STMicroelectronics.X-CUBE-BLEMGR.2.0.0
2023-11-16 22:12:08,008 [WARN] ConditionMgr:438 - getConditionDescription Invalid condition id : UX DEVICE CLASS RTOS Condition cause : null
2023-11-16 22:12:08,009 [WARN] ConditionMgr:438 - getConditionDescription Invalid condition id : UX DEVICE CLASS RTOS Condition cause : null
2023-11-16 22:12:08,016 [WARN] PackLoader:240 - Cannot read IP mode file for STMicroelectronics.X-CUBE-AZRTOS-H7.3.1.0
2023-11-16 22:12:08,017 [WARN] ConditionMgr:1039 - genDependencies : Invalid condition id : UX DEVICE CLASS RTOS Condition cause : null
2023-11-16 22:12:08,017 [WARN] ConditionMgr:1039 - genDependencies : Invalid condition id : UX DEVICE CLASS RTOS Condition cause : null
2023-11-16 22:12:08,018 [WARN] ConditionMgr:1039 - genDependencies : Invalid condition id : UX DEVICE CLASS RTOS Condition cause : null
2023-11-16 22:12:08,019 [WARN] ConditionMgr:1039 - genDependencies : Invalid condition id : UX DEVICE CLASS RTOS Condition cause : null
2023-11-16 22:12:08,019 [WARN] ConditionMgr:1039 - genDependencies : Invalid condition id : UX DEVICE CLASS RTOS Condition cause : null
2023-11-16 22:12:08,026 [WARN] PackLoader:240 - Cannot read IP mode file for STMicroelectronics.X-CUBE-NFC7.1.0.1
2023-11-16 22:12:08,034 [WARN] PackLoader:240 - Cannot read IP mode file for STMicroelectronics.X-CUBE-NFC6.3.0.0
2023-11-16 22:12:08,041 [WARN] PackLoader:240 - Cannot read IP mode file for STMicroelectronics.X-CUBE-EEPRMA1.4.1.0
2023-11-16 22:12:08,046 [WARN] PackLoader:240 - Cannot read IP mode file for STMicroelectronics.X-CUBE-AI.8.1.0
2023-11-16 22:12:08,064 [WARN] ConditionMgr:438 - getConditionDescription Invalid condition id : LAN8742 Phy interface Condition cause : null
2023-11-16 22:12:08,065 [WARN] PackLoader:240 - Cannot read IP mode file for STMicroelectronics.X-CUBE-AZRTOS-L4.2.0.0
2023-11-16 22:12:08,066 [WARN] ConditionMgr:1039 - genDependencies : Invalid condition id : LAN8742 Phy interface Condition cause : null
2023-11-16 22:12:08,066 [WARN] ConditionMgr:1039 - genDependencies : Invalid condition id : LAN8742 Phy interface Condition cause : null
2023-11-16 22:12:08,067 [WARN] ConditionMgr:1039 - genDependencies : Invalid condition id : LAN8742 Phy interface Condition cause : null
2023-11-16 22:12:08,075 [WARN] PackLoader:240 - Cannot read IP mode file for STMicroelectronics.X-CUBE-SFXS2LP1.4.0.0
2023-11-16 22:12:08,080 [WARN] PackLoader:240 - Cannot read IP mode file for STMicroelectronics.X-CUBE-ISPU.1.1.0
2023-11-16 22:12:08,095 [WARN] ConditionMgr:438 - getConditionDescription Invalid condition id : UX DEVICE CLASS RTOS Condition cause : null
2023-11-16 22:12:08,096 [WARN] ConditionMgr:438 - getConditionDescription Invalid condition id : UX DEVICE CLASS RTOS Condition cause : null
2023-11-16 22:12:08,098 [WARN] PackLoader:240 - Cannot read IP mode file for STMicroelectronics.X-CUBE-AZRTOS-WB.2.0.0
2023-11-16 22:12:08,098 [WARN] ConditionMgr:1039 - genDependencies : Invalid condition id : UX DEVICE CLASS RTOS Condition cause : null
2023-11-16 22:12:08,098 [WARN] ConditionMgr:1039 - genDependencies : Invalid condition id : UX DEVICE CLASS RTOS Condition cause : null
2023-11-16 22:12:08,099 [WARN] ConditionMgr:1039 - genDependencies : Invalid condition id : UX DEVICE CLASS RTOS Condition cause : null
2023-11-16 22:12:08,099 [WARN] ConditionMgr:1039 - genDependencies : Invalid condition id : UX DEVICE CLASS RTOS Condition cause : null
2023-11-16 22:12:08,099 [WARN] ConditionMgr:1039 - genDependencies : Invalid condition id : UX DEVICE CLASS RTOS Condition cause : null
2023-11-16 22:12:08,120 [WARN] PackLoader:240 - Cannot read IP mode file for STMicroelectronics.X-CUBE-SUBG2.5.0.0
2023-11-16 22:12:08,146 [WARN] PackLoader:240 - Cannot read IP mode file for STMicroelectronics.X-CUBE-TOF1.3.3.1
2023-11-16 22:12:08,180 [WARN] PackLoader:240 - Cannot read IP mode file for STMicroelectronics.X-CUBE-AZRTOS-G4.2.0.0
2023-11-16 22:12:08,190 [WARN] PackLoader:240 - Cannot read IP mode file for Infineon.AIROC-Wi-Fi-Bluetooth-STM32.1.5.1
2023-11-16 22:12:08,196 [WARN] PackLoader:240 - Cannot read IP mode file for STMicroelectronics.FP-SNS-MOTENVWB1.1.3.0
2023-11-16 22:12:08,225 [WARN] PackLoader:240 - Cannot read IP mode file for STMicroelectronics.X-CUBE-MEMS1.10.0.0
2023-11-16 22:12:08,238 [INFO] WebApp:188 - Starting web application
2023-11-16 22:12:08,238 [INFO] WebApp:520 - Web application path used /Applications/STM32CubeIDE.app/Contents/Eclipse/plugins/com.st.stm32cube.common.mx_6.9.2.202309101412/db/plugins/mcufinder/reactClient1/index.html
2023-11-16 22:12:08,360 [WARN] PackLoader:240 - Cannot read IP mode file for STMicroelectronics.X-CUBE-FREERTOS.1.1.0
2023-11-16 22:12:08,363 [WARN] PackLoader:240 - Cannot read IP mode file for portGmbH.I-Cube-SoM-uGOAL.1.1.0
2023-11-16 22:12:08,366 [WARN] PackLoader:240 - Cannot read IP mode file for STMicroelectronics.X-CUBE-ALS.1.0.1
2023-11-16 22:12:08,369 [WARN] PackLoader:240 - Cannot read IP mode file for STMicroelectronics.FP-ATR-ASTRA1.2.0.0
2023-11-16 22:12:08,369 [INFO] ThirdParty:978 - Integrity check success = true
2023-11-16 22:12:08,369 [INFO] IntegrityCheckThread:100 - exiting critical section [integrity check]
2023-11-16 22:12:08,370 [INFO] IntegrityCheckThread:103 - End integrity checks thread
2023-11-16 22:12:29,002 [ERROR] LogOutputStream:75 - [STDERR_REDIRECT] SLF4J: Failed to load class "org.slf4j.impl.StaticLoggerBinder".
2023-11-16 22:12:29,003 [ERROR] LogOutputStream:75 - [STDERR_REDIRECT] SLF4J: Defaulting to no-operation (NOP) logger implementation
2023-11-16 22:12:29,003 [ERROR] LogOutputStream:75 - [STDERR_REDIRECT] SLF4J: See http://www.slf4j.org/codes.html#StaticLoggerBinder for further details.
2023-11-16 23:08:46,980 [ERROR] LogOutputStream:75 - [STDERR_REDIRECT] 
