2023-11-09 18:58:31,725 [INFO] Activator:176 - 


2023-11-09 18:58:31,730 [INFO] Activator:177 - !SESSION log4j initialized
2023-11-09 18:58:36,505 [ERROR] LogOutputStream:75 - [STDERR_REDIRECT] 
2023-11-09 18:58:37,559 [INFO] LogOutputStream:77 - [STDOUT_REDIRECT] 
2023-11-09 18:58:39,625 [INFO] LogOutputStream:77 - [STDOUT_REDIRECT] 
2023-11-09 18:58:42,044 [INFO] ApplicationProperties:184 - Using Application install path: /Applications/STM32CubeIDE.app/Contents/Eclipse/plugins/com.st.stm32cube.common.mx_6.9.2.202309101412
2023-11-09 18:58:42,064 [INFO] DbMcusXml:78 - Set database path to: /Applications/STM32CubeIDE.app/Contents/Eclipse/plugins/com.st.stm32cube.common.mx_6.9.2.202309101412//db//mcu/
2023-11-09 18:58:42,064 [INFO] ApiDb:274 - Set plugin database path to: /Applications/STM32CubeIDE.app/Contents/Eclipse/plugins/com.st.stm32cube.common.mx_6.9.2.202309101412//db//plugins/boardmanager/
2023-11-09 18:58:42,065 [WARN] ApiDb:259 - Overriding images path with different value:  => /Applications/STM32CubeIDE.app/Contents/Eclipse/plugins/com.st.stm32cube.common.mx_6.9.2.202309101412//db//plugins/mcufinder/images/
2023-11-09 18:58:42,079 [INFO] ApiDb:250 - Set database path to: /Users/hollerller/.stmcufinder/plugins/mcufinder//mcu/
2023-11-09 18:58:42,081 [INFO] DbMcusAds:125 - Set database path to: /Users/hollerller/.stmcufinder/plugins/mcufinder//mcu/
2023-11-09 18:58:42,083 [INFO] CrossReferenceDbSqlite:203 - Set database path to: /Users/hollerller/.stmcufinder/plugins/mcufinder//mcu/cs/
2023-11-09 18:58:42,218 [INFO] RulesReader:64 - Compatibility file has been processed (293 Rules)
2023-11-09 18:58:42,304 [INFO] DbMcusXml:78 - Set database path to: /Applications/STM32CubeIDE.app/Contents/Eclipse/plugins/com.st.stm32cube.common.mx_6.9.2.202309101412//db//mcu/
2023-11-09 18:58:42,304 [INFO] ApiDb:274 - Set plugin database path to: /Applications/STM32CubeIDE.app/Contents/Eclipse/plugins/com.st.stm32cube.common.mx_6.9.2.202309101412//db//plugins/boardmanager/
2023-11-09 18:58:42,305 [INFO] ApiDb:261 - Set plugin images path to: /Applications/STM32CubeIDE.app/Contents/Eclipse/plugins/com.st.stm32cube.common.mx_6.9.2.202309101412//db//plugins/mcufinder/images/
2023-11-09 18:58:42,305 [WARN] DbFile:41 - Overriding database path with different value: /Users/hollerller/.stmcufinder/plugins/mcufinder/ => /Users/hollerller/.stmcufinder/plugins/mcufinder
2023-11-09 18:58:42,305 [INFO] ApiDb:250 - Set database path to: /Users/hollerller/.stmcufinder/plugins/mcufinder//mcu/
2023-11-09 18:58:42,305 [WARN] DbFile:41 - Overriding database path with different value: /Users/hollerller/.stmcufinder/plugins/mcufinder/ => /Users/hollerller/.stmcufinder/plugins/mcufinder
2023-11-09 18:58:42,305 [INFO] DbMcusAds:125 - Set database path to: /Users/hollerller/.stmcufinder/plugins/mcufinder//mcu/
2023-11-09 18:58:42,305 [WARN] DbFile:41 - Overriding database path with different value: /Users/hollerller/.stmcufinder/plugins/mcufinder/ => /Users/hollerller/.stmcufinder/plugins/mcufinder
2023-11-09 18:58:42,306 [WARN] DbFile:41 - Overriding database path with different value: /Users/hollerller/.stmcufinder/plugins/mcufinder/ => /Users/hollerller/.stmcufinder/plugins/mcufinder
2023-11-09 18:58:42,306 [INFO] CrossReferenceDbSqlite:203 - Set database path to: /Users/hollerller/.stmcufinder/plugins/mcufinder//mcu/cs/
2023-11-09 18:58:42,397 [INFO] MainPanel:262 - HeapMemory: 268435456
2023-11-09 18:58:42,518 [INFO] DbMcusXml:78 - Set database path to: /Applications/STM32CubeIDE.app/Contents/Eclipse/plugins/com.st.stm32cube.common.mx_6.9.2.202309101412//db//mcu/
2023-11-09 18:58:42,518 [INFO] ApiDb:274 - Set plugin database path to: /Applications/STM32CubeIDE.app/Contents/Eclipse/plugins/com.st.stm32cube.common.mx_6.9.2.202309101412//db//plugins/boardmanager/
2023-11-09 18:58:42,518 [INFO] ApiDb:261 - Set plugin images path to: /Applications/STM32CubeIDE.app/Contents/Eclipse/plugins/com.st.stm32cube.common.mx_6.9.2.202309101412//db//plugins/mcufinder/images/
2023-11-09 18:58:42,519 [WARN] DbFile:41 - Overriding database path with different value: /Users/hollerller/.stmcufinder/plugins/mcufinder/ => /Users/hollerller/.stmcufinder/plugins/mcufinder
2023-11-09 18:58:42,519 [INFO] ApiDb:250 - Set database path to: /Users/hollerller/.stmcufinder/plugins/mcufinder//mcu/
2023-11-09 18:58:42,519 [WARN] DbFile:41 - Overriding database path with different value: /Users/hollerller/.stmcufinder/plugins/mcufinder/ => /Users/hollerller/.stmcufinder/plugins/mcufinder
2023-11-09 18:58:42,519 [INFO] DbMcusAds:125 - Set database path to: /Users/hollerller/.stmcufinder/plugins/mcufinder//mcu/
2023-11-09 18:58:42,519 [WARN] DbFile:41 - Overriding database path with different value: /Users/hollerller/.stmcufinder/plugins/mcufinder/ => /Users/hollerller/.stmcufinder/plugins/mcufinder
2023-11-09 18:58:42,519 [WARN] DbFile:41 - Overriding database path with different value: /Users/hollerller/.stmcufinder/plugins/mcufinder/ => /Users/hollerller/.stmcufinder/plugins/mcufinder
2023-11-09 18:58:42,519 [INFO] CrossReferenceDbSqlite:203 - Set database path to: /Users/hollerller/.stmcufinder/plugins/mcufinder//mcu/cs/
2023-11-09 18:58:42,539 [INFO] ApplicationProperties:184 - Using Application install path: /Applications/STM32CubeIDE.app/Contents/Eclipse/plugins/com.st.stm32cube.common.mx_6.9.2.202309101412
2023-11-09 18:58:42,542 [INFO] PluginManage:196 - Search for loadable plugins [exclusion list=, ]
2023-11-09 18:58:42,543 [INFO] PluginManage:310 - Check plugin analytics
2023-11-09 18:58:42,729 [INFO] AnalyticsPlugin:253 - Accepted Software Licenses: 
2023-11-09 18:58:42,730 [INFO] AnalyticsPlugin:255 - Accepted CMSIS Pack Licenses: 
2023-11-09 18:58:42,730 [INFO] AnalyticsPlugin:257 - Accepted Firmware Licenses: FW.F4.1.27.0
2023-11-09 18:58:42,733 [INFO] PluginManage:359 - Loaded plugin analytics (category:tool,tabindex:-1)
2023-11-09 18:58:42,733 [INFO] PluginManage:310 - Check plugin cadmodel
2023-11-09 18:58:43,418 [INFO] CADModel:105 - Init CAD model plugin
2023-11-09 18:58:43,418 [INFO] PluginManage:359 - Loaded plugin cadmodel (category:power,tabindex:5)
2023-11-09 18:58:43,418 [INFO] PluginManage:310 - Check plugin clock
2023-11-09 18:58:43,429 [INFO] PluginManage:359 - Loaded plugin clock (category:base,tabindex:2)
2023-11-09 18:58:43,430 [INFO] PluginManage:310 - Check plugin ddr
2023-11-09 18:58:43,433 [INFO] PluginManage:359 - Loaded plugin ddr (category:tool,tabindex:6)
2023-11-09 18:58:43,433 [INFO] PluginManage:310 - Check plugin filemanager
2023-11-09 18:58:43,567 [INFO] PluginManage:359 - Loaded plugin filemanager (category:base,tabindex:10)
2023-11-09 18:58:43,567 [INFO] PluginManage:310 - Check plugin ipmanager
2023-11-09 18:58:43,575 [INFO] PluginManage:359 - Loaded plugin ipmanager (category:base,tabindex:5)
2023-11-09 18:58:43,575 [INFO] PluginManage:310 - Check plugin lpbam
2023-11-09 18:58:43,586 [INFO] PluginManage:359 - Loaded plugin lpbam (category:base,tabindex:0)
2023-11-09 18:58:43,586 [INFO] PluginManage:310 - Check plugin memorymap
2023-11-09 18:58:43,600 [INFO] PluginManage:359 - Loaded plugin memorymap (category:base,tabindex:4)
2023-11-09 18:58:43,600 [INFO] PluginManage:310 - Check plugin pinoutandconfiguration
2023-11-09 18:58:43,608 [INFO] PluginManage:359 - Loaded plugin pinoutandconfiguration (category:base,tabindex:1)
2023-11-09 18:58:43,608 [INFO] PluginManage:310 - Check plugin pinoutconfig
2023-11-09 18:58:43,713 [WARN] SupportedApi:132 - Cannot load RTOS API schema: s4s-elt-must-match.1: The content of 'definitions' must match (annotation?, (simpleType | complexType)?, (unique | key | keyref)*)). A problem was found starting at: attribute.
2023-11-09 18:58:43,862 [INFO] PluginManage:359 - Loaded plugin pinoutconfig (category:base,tabindex:0)
2023-11-09 18:58:43,862 [INFO] PluginManage:310 - Check plugin power
2023-11-09 18:58:43,875 [INFO] PluginManage:359 - Loaded plugin power (category:power,tabindex:4)
2023-11-09 18:58:43,876 [INFO] PluginManage:310 - Check plugin projectmanager
2023-11-09 18:58:43,891 [INFO] PluginManage:359 - Loaded plugin projectmanager (category:projectmanager,tabindex:3)
2023-11-09 18:58:43,891 [INFO] PluginManage:310 - Check plugin thirdparty
2023-11-09 18:58:44,050 [INFO] PluginManage:359 - Loaded plugin thirdparty (category:base,tabindex:-1)
2023-11-09 18:58:44,050 [WARN] IntegrityCheckThread:84 - waiting for thirdparty lock release [integrity check]
2023-11-09 18:58:44,050 [INFO] PluginManage:310 - Check plugin tools
2023-11-09 18:58:44,050 [INFO] IntegrityCheckThread:86 - entering critical section [integrity check]
2023-11-09 18:58:44,051 [INFO] ThirdPartyUpdaterWithRetryManager:70 - Updater plugin not ready yet. [1/15]
2023-11-09 18:58:44,053 [INFO] PluginManage:359 - Loaded plugin tools (category:base,tabindex:7)
2023-11-09 18:58:44,053 [INFO] PluginManage:310 - Check plugin tutovideos
2023-11-09 18:58:44,257 [INFO] PluginManage:359 - Loaded plugin tutovideos (category:base,tabindex:-1)
2023-11-09 18:58:44,257 [INFO] PluginManage:310 - Check plugin updater
2023-11-09 18:58:44,270 [INFO] PluginManage:359 - Loaded plugin updater (category:base,tabindex:12)
2023-11-09 18:58:44,270 [INFO] PluginManage:310 - Check plugin userauth
2023-11-09 18:58:44,276 [INFO] UserAuth:113 - Init User Auth plugin
2023-11-09 18:58:44,276 [INFO] PluginManage:359 - Loaded plugin userauth (category:base,tabindex:14)
2023-11-09 18:58:44,276 [INFO] PluginManage:283 - PluginManage : Loaded plugins [17]
2023-11-09 18:58:44,471 [INFO] PinOutPanel:1499 - setPackage(No Configuration,No Configuration)
2023-11-09 18:58:44,563 [INFO] CADModel:165 - CPN selected for project level
2023-11-09 18:58:44,563 [INFO] CADModel:114 - Register for checkConnection events
2023-11-09 18:58:44,576 [INFO] IPUIPlugin:80 - create IPUIPlugin
2023-11-09 18:58:44,577 [INFO] PluginManager:220 - loadIPPluginJar : add mdma
2023-11-09 18:58:44,584 [INFO] IPUIPlugin:80 - create IPUIPlugin
2023-11-09 18:58:44,584 [INFO] PluginManager:220 - loadIPPluginJar : add freertos
2023-11-09 18:58:44,590 [INFO] IPUIPlugin:80 - create IPUIPlugin
2023-11-09 18:58:44,590 [INFO] PluginManager:220 - loadIPPluginJar : add gic
2023-11-09 18:58:44,599 [INFO] IPUIPlugin:80 - create IPUIPlugin
2023-11-09 18:58:44,599 [INFO] PluginManager:220 - loadIPPluginJar : add adc
2023-11-09 18:58:44,602 [INFO] IPUIPlugin:80 - create IPUIPlugin
2023-11-09 18:58:44,602 [INFO] PluginManager:220 - loadIPPluginJar : add gtzc
2023-11-09 18:58:44,604 [INFO] IPUIPlugin:80 - create IPUIPlugin
2023-11-09 18:58:44,604 [INFO] PluginManager:220 - loadIPPluginJar : add quadspi
2023-11-09 18:58:44,606 [INFO] IPUIPlugin:80 - create IPUIPlugin
2023-11-09 18:58:44,606 [INFO] PluginManager:220 - loadIPPluginJar : add aes
2023-11-09 18:58:44,609 [INFO] IPUIPlugin:80 - create IPUIPlugin
2023-11-09 18:58:44,609 [INFO] PluginManager:220 - loadIPPluginJar : add pdm2pcm
2023-11-09 18:58:44,612 [INFO] IPUIPlugin:80 - create IPUIPlugin
2023-11-09 18:58:44,612 [INFO] PluginManager:220 - loadIPPluginJar : add hash
2023-11-09 18:58:44,613 [INFO] IPUIPlugin:80 - create IPUIPlugin
2023-11-09 18:58:44,614 [INFO] PluginManager:220 - loadIPPluginJar : add tim
2023-11-09 18:58:44,615 [INFO] IPUIPlugin:80 - create IPUIPlugin
2023-11-09 18:58:44,615 [INFO] PluginManager:220 - loadIPPluginJar : add tsc
2023-11-09 18:58:44,617 [INFO] IPUIPlugin:80 - create IPUIPlugin
2023-11-09 18:58:44,617 [INFO] PluginManager:220 - loadIPPluginJar : add ts
2023-11-09 18:58:44,620 [INFO] IPUIPlugin:80 - create IPUIPlugin
2023-11-09 18:58:44,620 [INFO] PluginManager:220 - loadIPPluginJar : add can
2023-11-09 18:58:44,623 [INFO] IPUIPlugin:80 - create IPUIPlugin
2023-11-09 18:58:44,623 [INFO] PluginManager:220 - loadIPPluginJar : add dma3
2023-11-09 18:58:44,625 [INFO] IPUIPlugin:80 - create IPUIPlugin
2023-11-09 18:58:44,625 [INFO] PluginManager:220 - loadIPPluginJar : add dfsdm
2023-11-09 18:58:44,627 [INFO] IPUIPlugin:80 - create IPUIPlugin
2023-11-09 18:58:44,627 [INFO] PluginManager:220 - loadIPPluginJar : add spi
2023-11-09 18:58:44,630 [INFO] IPUIPlugin:80 - create IPUIPlugin
2023-11-09 18:58:44,630 [INFO] PluginManager:220 - loadIPPluginJar : add gfxmmu
2023-11-09 18:58:44,631 [INFO] IPUIPlugin:80 - create IPUIPlugin
2023-11-09 18:58:44,632 [INFO] PluginManager:220 - loadIPPluginJar : add genericplugin
2023-11-09 18:58:44,633 [INFO] IPUIPlugin:80 - create IPUIPlugin
2023-11-09 18:58:44,634 [INFO] PluginManager:220 - loadIPPluginJar : add cryp
2023-11-09 18:58:44,637 [INFO] IPUIPlugin:80 - create IPUIPlugin
2023-11-09 18:58:44,637 [INFO] PluginManager:220 - loadIPPluginJar : add gpio
2023-11-09 18:58:44,639 [INFO] IPUIPlugin:80 - create IPUIPlugin
2023-11-09 18:58:44,639 [INFO] PluginManager:220 - loadIPPluginJar : add comp
2023-11-09 18:58:44,641 [INFO] IPUIPlugin:80 - create IPUIPlugin
2023-11-09 18:58:44,641 [INFO] PluginManager:220 - loadIPPluginJar : add tracer_emb
2023-11-09 18:58:44,643 [INFO] IPUIPlugin:80 - create IPUIPlugin
2023-11-09 18:58:44,644 [INFO] PluginManager:220 - loadIPPluginJar : add openamp
2023-11-09 18:58:44,648 [INFO] IPUIPlugin:80 - create IPUIPlugin
2023-11-09 18:58:44,648 [INFO] PluginManager:220 - loadIPPluginJar : add stm32_wpan
2023-11-09 18:58:44,654 [INFO] IPUIPlugin:80 - create IPUIPlugin
2023-11-09 18:58:44,657 [INFO] PluginManager:220 - loadIPPluginJar : add plateformsettings
2023-11-09 18:58:44,661 [INFO] IPUIPlugin:80 - create IPUIPlugin
2023-11-09 18:58:44,661 [INFO] PluginManager:220 - loadIPPluginJar : add ipddr
2023-11-09 18:58:44,664 [INFO] IPUIPlugin:80 - create IPUIPlugin
2023-11-09 18:58:44,664 [INFO] PluginManager:220 - loadIPPluginJar : add usart
2023-11-09 18:58:44,665 [INFO] IPUIPlugin:80 - create IPUIPlugin
2023-11-09 18:58:44,665 [INFO] PluginManager:220 - loadIPPluginJar : add ltdc
2023-11-09 18:58:44,669 [INFO] IPUIPlugin:80 - create IPUIPlugin
2023-11-09 18:58:44,669 [INFO] PluginManager:220 - loadIPPluginJar : add nvic
2023-11-09 18:58:44,670 [INFO] IPUIPlugin:80 - create IPUIPlugin
2023-11-09 18:58:44,671 [INFO] PluginManager:220 - loadIPPluginJar : add fatfs
2023-11-09 18:58:44,677 [INFO] IPUIPlugin:80 - create IPUIPlugin
2023-11-09 18:58:44,677 [INFO] PluginManager:220 - loadIPPluginJar : add linkedlist
2023-11-09 18:58:44,693 [INFO] IPUIPlugin:80 - create IPUIPlugin
2023-11-09 18:58:44,694 [INFO] PluginManager:220 - loadIPPluginJar : add dma
2023-11-09 18:58:44,697 [INFO] IPUIPlugin:80 - create IPUIPlugin
2023-11-09 18:58:44,698 [INFO] PluginManager:220 - loadIPPluginJar : add fmc
2023-11-09 18:58:44,700 [INFO] IPUIPlugin:80 - create IPUIPlugin
2023-11-09 18:58:44,700 [INFO] PluginManager:220 - loadIPPluginJar : add i2s
2023-11-09 18:58:44,702 [INFO] IPUIPlugin:80 - create IPUIPlugin
2023-11-09 18:58:44,702 [INFO] PluginManager:220 - loadIPPluginJar : add ucpd
2023-11-09 18:58:44,704 [INFO] IPUIPlugin:80 - create IPUIPlugin
2023-11-09 18:58:44,704 [INFO] PluginManager:220 - loadIPPluginJar : add lorawan
2023-11-09 18:58:44,707 [INFO] IPUIPlugin:80 - create IPUIPlugin
2023-11-09 18:58:44,707 [INFO] PluginManager:220 - loadIPPluginJar : add opamp
2023-11-09 18:58:44,709 [INFO] IPUIPlugin:80 - create IPUIPlugin
2023-11-09 18:58:44,709 [INFO] PluginManager:220 - loadIPPluginJar : add i3c
2023-11-09 18:58:44,713 [INFO] IPUIPlugin:80 - create IPUIPlugin
2023-11-09 18:58:44,713 [INFO] PluginManager:220 - loadIPPluginJar : add touchsensing
2023-11-09 18:58:44,715 [INFO] IPUIPlugin:80 - create IPUIPlugin
2023-11-09 18:58:44,715 [INFO] PluginManager:220 - loadIPPluginJar : add i2c
2023-11-09 18:58:44,719 [INFO] IPUIPlugin:80 - create IPUIPlugin
2023-11-09 18:58:44,719 [INFO] PluginManager:220 - loadIPPluginJar : add resmgrutility
2023-11-09 18:58:44,722 [INFO] IPUIPlugin:80 - create IPUIPlugin
2023-11-09 18:58:44,722 [INFO] PluginManager:220 - loadIPPluginJar : add sai
2023-11-09 18:58:44,725 [INFO] IPUIPlugin:80 - create IPUIPlugin
2023-11-09 18:58:44,725 [INFO] PluginManager:220 - loadIPPluginJar : add usbx
2023-11-09 18:58:44,829 [INFO] CADModel:165 - CPN selected for project level
2023-11-09 18:58:44,830 [INFO] CADModel:114 - Register for checkConnection events
2023-11-09 18:58:44,830 [FATAL] Updater:308 - Updater called before beeing initialized
2023-11-09 18:58:44,830 [ERROR] CADModel:125 - Updater not yet initialized, retry later 
2023-11-09 18:58:45,099 [INFO] CADModel:165 - CPN selected for project level
2023-11-09 18:58:45,100 [INFO] CADModel:114 - Register for checkConnection events
2023-11-09 18:58:45,100 [FATAL] Updater:308 - Updater called before beeing initialized
2023-11-09 18:58:45,100 [ERROR] CADModel:125 - Updater not yet initialized, retry later 
2023-11-09 18:58:45,104 [FATAL] Updater:308 - Updater called before beeing initialized
2023-11-09 18:58:45,182 [FATAL] Updater:308 - Updater called before beeing initialized
2023-11-09 18:58:45,188 [INFO] DbMcusAds:53 - JSON generation date=Tue Mar 07 03:50:55 COT 2023 (1678179055335)
2023-11-09 18:58:45,188 [FATAL] Updater:308 - Updater called before beeing initialized
2023-11-09 18:58:45,371 [WARN] DetailPanel:346 - Failed to get advertising image, set to default
2023-11-09 18:58:45,455 [FATAL] Updater:308 - Updater called before beeing initialized
2023-11-09 18:58:45,457 [FATAL] Updater:308 - Updater called before beeing initialized
2023-11-09 18:58:45,458 [FATAL] Updater:308 - Updater called before beeing initialized
2023-11-09 18:58:45,458 [WARN] DetailPanel:346 - Failed to get advertising image, set to default
2023-11-09 18:58:45,459 [FATAL] Updater:308 - Updater called before beeing initialized
2023-11-09 18:58:45,485 [ERROR] Updater:1120 - MainUpdater not yet initialized. External WinMGr cannot be set.
2023-11-09 18:58:45,511 [INFO] Updater:1056 - Updater Version found : 6.9.2
2023-11-09 18:58:45,532 [INFO] ApplicationProperties:184 - Using Application install path: /Applications/STM32CubeIDE.app/Contents/Eclipse/plugins/com.st.stm32cube.common.mx_6.9.2.202309101412
2023-11-09 18:58:45,860 [INFO] MainUpdater:2868 - connection check result : 10
2023-11-09 18:58:45,861 [INFO] MainUpdater:285 - Updater Check For Update Now.
2023-11-09 18:58:45,861 [INFO] MicroXplorer:498 - Change Database Version : DB.6.0.92
2023-11-09 18:58:45,866 [INFO] McuFinderGlobals:63 - Set McuFinder mode to 2 (CubeIDE integrated)
2023-11-09 18:58:45,866 [INFO] UserAuth:179 - activating auth plugin
2023-11-09 18:58:45,868 [INFO] UserAuth:393 - Internet connection configuration mode: 1
2023-11-09 18:58:45,884 [INFO] JxBrowserEngine:151 - Initiate JxBrowser Engine with user profile folder
2023-11-09 18:58:46,034 [INFO] CheckServerUpdateThread:120 - End of CheckServer Thread
2023-11-09 18:58:47,494 [WARN] PackLoader:240 - Cannot read IP mode file for STMicroelectronics.X-CUBE-SMBUS.2.1.0
2023-11-09 18:58:47,534 [WARN] PackLoader:240 - Cannot read IP mode file for STMicroelectronics.X-CUBE-AZRTOS-F7.1.1.0
2023-11-09 18:58:47,547 [WARN] PackLoader:240 - Cannot read IP mode file for STMicroelectronics.FP-SNS-MOTENV1.4.3.2
2023-11-09 18:58:47,553 [WARN] PackLoader:240 - Cannot read IP mode file for STMicroelectronics.FP-SNS-FLIGHT1.5.0.2
2023-11-09 18:58:47,562 [WARN] PackLoader:240 - Cannot read IP mode file for STMicroelectronics.X-CUBE-DISPLAY.3.0.0
2023-11-09 18:58:47,574 [WARN] PackLoader:240 - Cannot read IP mode file for STMicroelectronics.X-CUBE-BLE1.7.0.0
2023-11-09 18:58:47,580 [WARN] PackLoader:240 - Cannot read IP mode file for emotas.I-CUBE-CANOPEN.1.3.0
2023-11-09 18:58:47,584 [WARN] PackLoader:240 - Cannot read IP mode file for STMicroelectronics.X-CUBE-TOUCHGFX.4.22.1
2023-11-09 18:58:47,589 [WARN] PackLoader:240 - Cannot read IP mode file for STMicroelectronics.FP-SNS-SMARTAG2.1.2.0
2023-11-09 18:58:47,603 [INFO] LogOutputStream:77 - [STDOUT_REDIRECT] 1 : Invalid condition id : UX_CORESTACK_Condition cause : null
2023-11-09 18:58:47,603 [INFO] LogOutputStream:77 - [STDOUT_REDIRECT] 1 : Invalid condition id : UX_CORESTACK_Condition cause : null
2023-11-09 18:58:47,603 [INFO] LogOutputStream:77 - [STDOUT_REDIRECT] 1 : Invalid condition id : UX_CORESTACK_Condition cause : null
2023-11-09 18:58:47,604 [INFO] LogOutputStream:77 - [STDOUT_REDIRECT] 1 : Invalid condition id : UX_CORESTACK_Condition cause : null
2023-11-09 18:58:47,604 [INFO] LogOutputStream:77 - [STDOUT_REDIRECT] 1 : Invalid condition id : UX_CORESTACK_Condition cause : null
2023-11-09 18:58:47,608 [WARN] PackLoader:240 - Cannot read IP mode file for STMicroelectronics.X-CUBE-AZRTOS-WL.2.0.0
2023-11-09 18:58:47,618 [WARN] PackLoader:240 - Cannot read IP mode file for WES.I-CUBE-Cesium.1.3.0
2023-11-09 18:58:47,623 [WARN] PackLoader:240 - Cannot read IP mode file for STMicroelectronics.X-CUBE-BLE2.3.3.0
2023-11-09 18:58:47,631 [WARN] PackLoader:240 - Cannot read IP mode file for STMicroelectronics.X-CUBE-ALGOBUILD.1.3.0
2023-11-09 18:58:47,653 [WARN] PackLoader:240 - Cannot read IP mode file for STMicroelectronics.X-CUBE-AZRTOS-G0.1.1.0
2023-11-09 18:58:47,661 [WARN] PackLoader:240 - Cannot read IP mode file for STMicroelectronics.X-CUBE-NFC4.3.0.0
2023-11-09 18:58:47,674 [WARN] PackLoader:240 - Cannot read IP mode file for STMicroelectronics.X-CUBE-BLEMGR.3.0.0
2023-11-09 18:58:47,680 [WARN] PackLoader:240 - Cannot read IP mode file for STMicroelectronics.FP-ATR-SIGFOX1.3.2.0
2023-11-09 18:58:47,737 [WARN] PackLoader:240 - Cannot read IP mode file for SEGGER.I-CUBE-embOS.1.3.1
2023-11-09 18:58:47,856 [WARN] PackLoader:240 - Cannot read IP mode file for STMicroelectronics.X-CUBE-GNSS1.6.0.0
2023-11-09 18:58:47,901 [WARN] PackLoader:240 - Cannot read IP mode file for STMicroelectronics.X-CUBE-AZRTOS-F4.1.1.0
2023-11-09 18:58:47,904 [INFO] WebApp:157 - Instantiating new browser for Auth
2023-11-09 18:58:47,930 [WARN] PackLoader:240 - Cannot read IP mode file for wolfSSL.I-CUBE-wolfSSL.5.6.3
2023-11-09 18:58:48,014 [WARN] PackLoader:240 - Cannot read IP mode file for STMicroelectronics.X-CUBE-AZRTOS-L5.2.0.0
2023-11-09 18:58:48,126 [WARN] PackLoader:240 - Cannot read IP mode file for STMicroelectronics.X-CUBE-EEPRMA1.4.2.0
2023-11-09 18:58:48,205 [WARN] PackLoader:240 - Cannot read IP mode file for ITTIA_DB.I-CUBE-ITTIADB.8.8.0
2023-11-09 18:58:48,279 [WARN] PackLoader:240 - Cannot read IP mode file for STMicroelectronics.X-CUBE-BLEMGR.2.0.0
2023-11-09 18:58:48,374 [WARN] ConditionMgr:438 - getConditionDescription Invalid condition id : UX DEVICE CLASS RTOS Condition cause : null
2023-11-09 18:58:48,388 [WARN] ConditionMgr:438 - getConditionDescription Invalid condition id : UX DEVICE CLASS RTOS Condition cause : null
2023-11-09 18:58:48,410 [WARN] PackLoader:240 - Cannot read IP mode file for STMicroelectronics.X-CUBE-AZRTOS-H7.3.1.0
2023-11-09 18:58:48,427 [WARN] ConditionMgr:1039 - genDependencies : Invalid condition id : UX DEVICE CLASS RTOS Condition cause : null
2023-11-09 18:58:48,428 [WARN] ConditionMgr:1039 - genDependencies : Invalid condition id : UX DEVICE CLASS RTOS Condition cause : null
2023-11-09 18:58:48,429 [WARN] ConditionMgr:1039 - genDependencies : Invalid condition id : UX DEVICE CLASS RTOS Condition cause : null
2023-11-09 18:58:48,429 [WARN] ConditionMgr:1039 - genDependencies : Invalid condition id : UX DEVICE CLASS RTOS Condition cause : null
2023-11-09 18:58:48,449 [WARN] ConditionMgr:1039 - genDependencies : Invalid condition id : UX DEVICE CLASS RTOS Condition cause : null
2023-11-09 18:58:48,493 [WARN] PackLoader:240 - Cannot read IP mode file for STMicroelectronics.X-CUBE-NFC7.1.0.1
2023-11-09 18:58:48,536 [WARN] PackLoader:240 - Cannot read IP mode file for STMicroelectronics.X-CUBE-NFC6.3.0.0
2023-11-09 18:58:48,572 [WARN] PackLoader:240 - Cannot read IP mode file for STMicroelectronics.X-CUBE-EEPRMA1.4.1.0
2023-11-09 18:58:48,578 [WARN] PackLoader:240 - Cannot read IP mode file for STMicroelectronics.X-CUBE-AI.8.1.0
2023-11-09 18:58:48,600 [WARN] ConditionMgr:438 - getConditionDescription Invalid condition id : LAN8742 Phy interface Condition cause : null
2023-11-09 18:58:48,601 [WARN] PackLoader:240 - Cannot read IP mode file for STMicroelectronics.X-CUBE-AZRTOS-L4.2.0.0
2023-11-09 18:58:48,603 [WARN] ConditionMgr:1039 - genDependencies : Invalid condition id : LAN8742 Phy interface Condition cause : null
2023-11-09 18:58:48,604 [WARN] ConditionMgr:1039 - genDependencies : Invalid condition id : LAN8742 Phy interface Condition cause : null
2023-11-09 18:58:48,605 [WARN] ConditionMgr:1039 - genDependencies : Invalid condition id : LAN8742 Phy interface Condition cause : null
2023-11-09 18:58:48,614 [WARN] PackLoader:240 - Cannot read IP mode file for STMicroelectronics.X-CUBE-SFXS2LP1.4.0.0
2023-11-09 18:58:48,618 [WARN] PackLoader:240 - Cannot read IP mode file for STMicroelectronics.X-CUBE-ISPU.1.1.0
2023-11-09 18:58:48,654 [WARN] ConditionMgr:438 - getConditionDescription Invalid condition id : UX DEVICE CLASS RTOS Condition cause : null
2023-11-09 18:58:48,654 [WARN] ConditionMgr:438 - getConditionDescription Invalid condition id : UX DEVICE CLASS RTOS Condition cause : null
2023-11-09 18:58:48,659 [WARN] PackLoader:240 - Cannot read IP mode file for STMicroelectronics.X-CUBE-AZRTOS-WB.2.0.0
2023-11-09 18:58:48,660 [WARN] ConditionMgr:1039 - genDependencies : Invalid condition id : UX DEVICE CLASS RTOS Condition cause : null
2023-11-09 18:58:48,660 [WARN] ConditionMgr:1039 - genDependencies : Invalid condition id : UX DEVICE CLASS RTOS Condition cause : null
2023-11-09 18:58:48,661 [WARN] ConditionMgr:1039 - genDependencies : Invalid condition id : UX DEVICE CLASS RTOS Condition cause : null
2023-11-09 18:58:48,662 [WARN] ConditionMgr:1039 - genDependencies : Invalid condition id : UX DEVICE CLASS RTOS Condition cause : null
2023-11-09 18:58:48,662 [WARN] ConditionMgr:1039 - genDependencies : Invalid condition id : UX DEVICE CLASS RTOS Condition cause : null
2023-11-09 18:58:48,680 [WARN] PackLoader:240 - Cannot read IP mode file for STMicroelectronics.X-CUBE-SUBG2.5.0.0
2023-11-09 18:58:48,720 [WARN] PackLoader:240 - Cannot read IP mode file for STMicroelectronics.X-CUBE-TOF1.3.3.1
2023-11-09 18:58:48,768 [WARN] PackLoader:240 - Cannot read IP mode file for STMicroelectronics.X-CUBE-AZRTOS-G4.2.0.0
2023-11-09 18:58:48,783 [WARN] PackLoader:240 - Cannot read IP mode file for Infineon.AIROC-Wi-Fi-Bluetooth-STM32.1.5.1
2023-11-09 18:58:48,836 [WARN] PackLoader:240 - Cannot read IP mode file for STMicroelectronics.X-CUBE-MEMS1.10.0.0
2023-11-09 18:58:49,033 [WARN] PackLoader:240 - Cannot read IP mode file for STMicroelectronics.X-CUBE-FREERTOS.1.1.0
2023-11-09 18:58:49,038 [WARN] PackLoader:240 - Cannot read IP mode file for portGmbH.I-Cube-SoM-uGOAL.1.1.0
2023-11-09 18:58:49,042 [WARN] PackLoader:240 - Cannot read IP mode file for STMicroelectronics.X-CUBE-ALS.1.0.1
2023-11-09 18:58:49,046 [WARN] PackLoader:240 - Cannot read IP mode file for STMicroelectronics.FP-ATR-ASTRA1.2.0.0
2023-11-09 18:58:49,047 [INFO] ThirdParty:978 - Integrity check success = true
2023-11-09 18:58:49,048 [INFO] IntegrityCheckThread:100 - exiting critical section [integrity check]
2023-11-09 18:58:49,048 [INFO] IntegrityCheckThread:103 - End integrity checks thread
2023-11-09 18:58:49,076 [INFO] WebApp:753 - Register for checkConnection events
2023-11-09 18:58:49,076 [INFO] WebApp:390 - Apply proxy settings
2023-11-09 18:58:49,081 [INFO] WebApp:455 - Chromium authenticates against System proxy
2023-11-09 18:58:49,345 [INFO] WebApp:188 - Starting web application
2023-11-09 18:58:49,346 [INFO] WebApp:520 - Web application path used /Applications/STM32CubeIDE.app/Contents/Eclipse/plugins/com.st.stm32cube.common.mx_6.9.2.202309101412/db/plugins/mcufinder/reactClient1/index.html
2023-11-09 18:59:10,354 [ERROR] LogOutputStream:75 - [STDERR_REDIRECT] SLF4J: Failed to load class "org.slf4j.impl.StaticLoggerBinder".
2023-11-09 18:59:10,355 [ERROR] LogOutputStream:75 - [STDERR_REDIRECT] SLF4J: Defaulting to no-operation (NOP) logger implementation
2023-11-09 18:59:10,356 [ERROR] LogOutputStream:75 - [STDERR_REDIRECT] SLF4J: See http://www.slf4j.org/codes.html#StaticLoggerBinder for further details.
2023-11-09 20:34:39,495 [ERROR] LogOutputStream:75 - [STDERR_REDIRECT] 
