2023-11-11 09:42:59,593 [INFO] Activator:176 - 


2023-11-11 09:42:59,600 [INFO] Activator:177 - !SESSION log4j initialized
2023-11-11 09:43:04,474 [ERROR] LogOutputStream:75 - [STDERR_REDIRECT] 
2023-11-11 09:43:05,230 [INFO] LogOutputStream:77 - [STDOUT_REDIRECT] 
2023-11-11 09:43:07,194 [INFO] LogOutputStream:77 - [STDOUT_REDIRECT] 
2023-11-11 09:43:09,744 [INFO] ApplicationProperties:184 - Using Application install path: /Applications/STM32CubeIDE.app/Contents/Eclipse/plugins/com.st.stm32cube.common.mx_6.9.2.202309101412
2023-11-11 09:43:09,764 [INFO] DbMcusXml:78 - Set database path to: /Applications/STM32CubeIDE.app/Contents/Eclipse/plugins/com.st.stm32cube.common.mx_6.9.2.202309101412//db//mcu/
2023-11-11 09:43:09,764 [INFO] ApiDb:274 - Set plugin database path to: /Applications/STM32CubeIDE.app/Contents/Eclipse/plugins/com.st.stm32cube.common.mx_6.9.2.202309101412//db//plugins/boardmanager/
2023-11-11 09:43:09,765 [WARN] ApiDb:259 - Overriding images path with different value:  => /Applications/STM32CubeIDE.app/Contents/Eclipse/plugins/com.st.stm32cube.common.mx_6.9.2.202309101412//db//plugins/mcufinder/images/
2023-11-11 09:43:09,777 [INFO] ApiDb:250 - Set database path to: /Users/hollerller/.stmcufinder/plugins/mcufinder//mcu/
2023-11-11 09:43:09,779 [INFO] DbMcusAds:125 - Set database path to: /Users/hollerller/.stmcufinder/plugins/mcufinder//mcu/
2023-11-11 09:43:09,782 [INFO] CrossReferenceDbSqlite:203 - Set database path to: /Users/hollerller/.stmcufinder/plugins/mcufinder//mcu/cs/
2023-11-11 09:43:09,916 [INFO] RulesReader:64 - Compatibility file has been processed (293 Rules)
2023-11-11 09:43:10,004 [INFO] DbMcusXml:78 - Set database path to: /Applications/STM32CubeIDE.app/Contents/Eclipse/plugins/com.st.stm32cube.common.mx_6.9.2.202309101412//db//mcu/
2023-11-11 09:43:10,004 [INFO] ApiDb:274 - Set plugin database path to: /Applications/STM32CubeIDE.app/Contents/Eclipse/plugins/com.st.stm32cube.common.mx_6.9.2.202309101412//db//plugins/boardmanager/
2023-11-11 09:43:10,004 [INFO] ApiDb:261 - Set plugin images path to: /Applications/STM32CubeIDE.app/Contents/Eclipse/plugins/com.st.stm32cube.common.mx_6.9.2.202309101412//db//plugins/mcufinder/images/
2023-11-11 09:43:10,004 [WARN] DbFile:41 - Overriding database path with different value: /Users/hollerller/.stmcufinder/plugins/mcufinder/ => /Users/hollerller/.stmcufinder/plugins/mcufinder
2023-11-11 09:43:10,005 [INFO] ApiDb:250 - Set database path to: /Users/hollerller/.stmcufinder/plugins/mcufinder//mcu/
2023-11-11 09:43:10,005 [WARN] DbFile:41 - Overriding database path with different value: /Users/hollerller/.stmcufinder/plugins/mcufinder/ => /Users/hollerller/.stmcufinder/plugins/mcufinder
2023-11-11 09:43:10,005 [INFO] DbMcusAds:125 - Set database path to: /Users/hollerller/.stmcufinder/plugins/mcufinder//mcu/
2023-11-11 09:43:10,005 [WARN] DbFile:41 - Overriding database path with different value: /Users/hollerller/.stmcufinder/plugins/mcufinder/ => /Users/hollerller/.stmcufinder/plugins/mcufinder
2023-11-11 09:43:10,005 [WARN] DbFile:41 - Overriding database path with different value: /Users/hollerller/.stmcufinder/plugins/mcufinder/ => /Users/hollerller/.stmcufinder/plugins/mcufinder
2023-11-11 09:43:10,005 [INFO] CrossReferenceDbSqlite:203 - Set database path to: /Users/hollerller/.stmcufinder/plugins/mcufinder//mcu/cs/
2023-11-11 09:43:10,113 [INFO] MainPanel:262 - HeapMemory: 268435456
2023-11-11 09:43:10,222 [INFO] DbMcusXml:78 - Set database path to: /Applications/STM32CubeIDE.app/Contents/Eclipse/plugins/com.st.stm32cube.common.mx_6.9.2.202309101412//db//mcu/
2023-11-11 09:43:10,222 [INFO] ApiDb:274 - Set plugin database path to: /Applications/STM32CubeIDE.app/Contents/Eclipse/plugins/com.st.stm32cube.common.mx_6.9.2.202309101412//db//plugins/boardmanager/
2023-11-11 09:43:10,222 [INFO] ApiDb:261 - Set plugin images path to: /Applications/STM32CubeIDE.app/Contents/Eclipse/plugins/com.st.stm32cube.common.mx_6.9.2.202309101412//db//plugins/mcufinder/images/
2023-11-11 09:43:10,223 [WARN] DbFile:41 - Overriding database path with different value: /Users/hollerller/.stmcufinder/plugins/mcufinder/ => /Users/hollerller/.stmcufinder/plugins/mcufinder
2023-11-11 09:43:10,223 [INFO] ApiDb:250 - Set database path to: /Users/hollerller/.stmcufinder/plugins/mcufinder//mcu/
2023-11-11 09:43:10,223 [WARN] DbFile:41 - Overriding database path with different value: /Users/hollerller/.stmcufinder/plugins/mcufinder/ => /Users/hollerller/.stmcufinder/plugins/mcufinder
2023-11-11 09:43:10,223 [INFO] DbMcusAds:125 - Set database path to: /Users/hollerller/.stmcufinder/plugins/mcufinder//mcu/
2023-11-11 09:43:10,223 [WARN] DbFile:41 - Overriding database path with different value: /Users/hollerller/.stmcufinder/plugins/mcufinder/ => /Users/hollerller/.stmcufinder/plugins/mcufinder
2023-11-11 09:43:10,223 [WARN] DbFile:41 - Overriding database path with different value: /Users/hollerller/.stmcufinder/plugins/mcufinder/ => /Users/hollerller/.stmcufinder/plugins/mcufinder
2023-11-11 09:43:10,223 [INFO] CrossReferenceDbSqlite:203 - Set database path to: /Users/hollerller/.stmcufinder/plugins/mcufinder//mcu/cs/
2023-11-11 09:43:10,245 [INFO] ApplicationProperties:184 - Using Application install path: /Applications/STM32CubeIDE.app/Contents/Eclipse/plugins/com.st.stm32cube.common.mx_6.9.2.202309101412
2023-11-11 09:43:10,247 [INFO] PluginManage:196 - Search for loadable plugins [exclusion list=, ]
2023-11-11 09:43:10,248 [INFO] PluginManage:310 - Check plugin analytics
2023-11-11 09:43:10,470 [INFO] AnalyticsPlugin:253 - Accepted Software Licenses: 
2023-11-11 09:43:10,470 [INFO] AnalyticsPlugin:255 - Accepted CMSIS Pack Licenses: 
2023-11-11 09:43:10,470 [INFO] AnalyticsPlugin:257 - Accepted Firmware Licenses: FW.F4.1.27.0
2023-11-11 09:43:10,474 [INFO] PluginManage:359 - Loaded plugin analytics (category:tool,tabindex:-1)
2023-11-11 09:43:10,474 [INFO] PluginManage:310 - Check plugin cadmodel
2023-11-11 09:43:11,252 [INFO] CADModel:105 - Init CAD model plugin
2023-11-11 09:43:11,253 [INFO] PluginManage:359 - Loaded plugin cadmodel (category:power,tabindex:5)
2023-11-11 09:43:11,253 [INFO] PluginManage:310 - Check plugin clock
2023-11-11 09:43:11,263 [INFO] PluginManage:359 - Loaded plugin clock (category:base,tabindex:2)
2023-11-11 09:43:11,264 [INFO] PluginManage:310 - Check plugin ddr
2023-11-11 09:43:11,266 [INFO] PluginManage:359 - Loaded plugin ddr (category:tool,tabindex:6)
2023-11-11 09:43:11,266 [INFO] PluginManage:310 - Check plugin filemanager
2023-11-11 09:43:11,409 [INFO] PluginManage:359 - Loaded plugin filemanager (category:base,tabindex:10)
2023-11-11 09:43:11,409 [INFO] PluginManage:310 - Check plugin ipmanager
2023-11-11 09:43:11,417 [INFO] PluginManage:359 - Loaded plugin ipmanager (category:base,tabindex:5)
2023-11-11 09:43:11,417 [INFO] PluginManage:310 - Check plugin lpbam
2023-11-11 09:43:11,427 [INFO] PluginManage:359 - Loaded plugin lpbam (category:base,tabindex:0)
2023-11-11 09:43:11,427 [INFO] PluginManage:310 - Check plugin memorymap
2023-11-11 09:43:11,441 [INFO] PluginManage:359 - Loaded plugin memorymap (category:base,tabindex:4)
2023-11-11 09:43:11,441 [INFO] PluginManage:310 - Check plugin pinoutandconfiguration
2023-11-11 09:43:11,449 [INFO] PluginManage:359 - Loaded plugin pinoutandconfiguration (category:base,tabindex:1)
2023-11-11 09:43:11,449 [INFO] PluginManage:310 - Check plugin pinoutconfig
2023-11-11 09:43:11,544 [WARN] SupportedApi:132 - Cannot load RTOS API schema: s4s-elt-must-match.1: The content of 'definitions' must match (annotation?, (simpleType | complexType)?, (unique | key | keyref)*)). A problem was found starting at: attribute.
2023-11-11 09:43:11,688 [INFO] PluginManage:359 - Loaded plugin pinoutconfig (category:base,tabindex:0)
2023-11-11 09:43:11,688 [INFO] PluginManage:310 - Check plugin power
2023-11-11 09:43:11,700 [INFO] PluginManage:359 - Loaded plugin power (category:power,tabindex:4)
2023-11-11 09:43:11,700 [INFO] PluginManage:310 - Check plugin projectmanager
2023-11-11 09:43:11,713 [INFO] PluginManage:359 - Loaded plugin projectmanager (category:projectmanager,tabindex:3)
2023-11-11 09:43:11,713 [INFO] PluginManage:310 - Check plugin thirdparty
2023-11-11 09:43:11,838 [INFO] PluginManage:359 - Loaded plugin thirdparty (category:base,tabindex:-1)
2023-11-11 09:43:11,838 [WARN] IntegrityCheckThread:84 - waiting for thirdparty lock release [integrity check]
2023-11-11 09:43:11,838 [INFO] PluginManage:310 - Check plugin tools
2023-11-11 09:43:11,838 [INFO] IntegrityCheckThread:86 - entering critical section [integrity check]
2023-11-11 09:43:11,839 [INFO] ThirdPartyUpdaterWithRetryManager:70 - Updater plugin not ready yet. [1/15]
2023-11-11 09:43:11,840 [INFO] PluginManage:359 - Loaded plugin tools (category:base,tabindex:7)
2023-11-11 09:43:11,841 [INFO] PluginManage:310 - Check plugin tutovideos
2023-11-11 09:43:12,052 [INFO] PluginManage:359 - Loaded plugin tutovideos (category:base,tabindex:-1)
2023-11-11 09:43:12,053 [INFO] PluginManage:310 - Check plugin updater
2023-11-11 09:43:12,066 [INFO] PluginManage:359 - Loaded plugin updater (category:base,tabindex:12)
2023-11-11 09:43:12,066 [INFO] PluginManage:310 - Check plugin userauth
2023-11-11 09:43:12,073 [INFO] UserAuth:113 - Init User Auth plugin
2023-11-11 09:43:12,073 [INFO] PluginManage:359 - Loaded plugin userauth (category:base,tabindex:14)
2023-11-11 09:43:12,074 [INFO] PluginManage:283 - PluginManage : Loaded plugins [17]
2023-11-11 09:43:12,273 [INFO] PinOutPanel:1499 - setPackage(No Configuration,No Configuration)
2023-11-11 09:43:12,366 [INFO] CADModel:165 - CPN selected for project level
2023-11-11 09:43:12,366 [INFO] CADModel:114 - Register for checkConnection events
2023-11-11 09:43:12,380 [INFO] IPUIPlugin:80 - create IPUIPlugin
2023-11-11 09:43:12,381 [INFO] PluginManager:220 - loadIPPluginJar : add mdma
2023-11-11 09:43:12,388 [INFO] IPUIPlugin:80 - create IPUIPlugin
2023-11-11 09:43:12,388 [INFO] PluginManager:220 - loadIPPluginJar : add freertos
2023-11-11 09:43:12,394 [INFO] IPUIPlugin:80 - create IPUIPlugin
2023-11-11 09:43:12,394 [INFO] PluginManager:220 - loadIPPluginJar : add gic
2023-11-11 09:43:12,403 [INFO] IPUIPlugin:80 - create IPUIPlugin
2023-11-11 09:43:12,403 [INFO] PluginManager:220 - loadIPPluginJar : add adc
2023-11-11 09:43:12,406 [INFO] IPUIPlugin:80 - create IPUIPlugin
2023-11-11 09:43:12,406 [INFO] PluginManager:220 - loadIPPluginJar : add gtzc
2023-11-11 09:43:12,408 [INFO] IPUIPlugin:80 - create IPUIPlugin
2023-11-11 09:43:12,408 [INFO] PluginManager:220 - loadIPPluginJar : add quadspi
2023-11-11 09:43:12,410 [INFO] IPUIPlugin:80 - create IPUIPlugin
2023-11-11 09:43:12,410 [INFO] PluginManager:220 - loadIPPluginJar : add aes
2023-11-11 09:43:12,413 [INFO] IPUIPlugin:80 - create IPUIPlugin
2023-11-11 09:43:12,413 [INFO] PluginManager:220 - loadIPPluginJar : add pdm2pcm
2023-11-11 09:43:12,416 [INFO] IPUIPlugin:80 - create IPUIPlugin
2023-11-11 09:43:12,416 [INFO] PluginManager:220 - loadIPPluginJar : add hash
2023-11-11 09:43:12,417 [INFO] IPUIPlugin:80 - create IPUIPlugin
2023-11-11 09:43:12,417 [INFO] PluginManager:220 - loadIPPluginJar : add tim
2023-11-11 09:43:12,419 [INFO] IPUIPlugin:80 - create IPUIPlugin
2023-11-11 09:43:12,419 [INFO] PluginManager:220 - loadIPPluginJar : add tsc
2023-11-11 09:43:12,420 [INFO] IPUIPlugin:80 - create IPUIPlugin
2023-11-11 09:43:12,420 [INFO] PluginManager:220 - loadIPPluginJar : add ts
2023-11-11 09:43:12,424 [INFO] IPUIPlugin:80 - create IPUIPlugin
2023-11-11 09:43:12,424 [INFO] PluginManager:220 - loadIPPluginJar : add can
2023-11-11 09:43:12,426 [INFO] IPUIPlugin:80 - create IPUIPlugin
2023-11-11 09:43:12,426 [INFO] PluginManager:220 - loadIPPluginJar : add dma3
2023-11-11 09:43:12,428 [INFO] IPUIPlugin:80 - create IPUIPlugin
2023-11-11 09:43:12,428 [INFO] PluginManager:220 - loadIPPluginJar : add dfsdm
2023-11-11 09:43:12,431 [INFO] IPUIPlugin:80 - create IPUIPlugin
2023-11-11 09:43:12,431 [INFO] PluginManager:220 - loadIPPluginJar : add spi
2023-11-11 09:43:12,433 [INFO] IPUIPlugin:80 - create IPUIPlugin
2023-11-11 09:43:12,433 [INFO] PluginManager:220 - loadIPPluginJar : add gfxmmu
2023-11-11 09:43:12,435 [INFO] IPUIPlugin:80 - create IPUIPlugin
2023-11-11 09:43:12,435 [INFO] PluginManager:220 - loadIPPluginJar : add genericplugin
2023-11-11 09:43:12,438 [INFO] IPUIPlugin:80 - create IPUIPlugin
2023-11-11 09:43:12,438 [INFO] PluginManager:220 - loadIPPluginJar : add cryp
2023-11-11 09:43:12,442 [INFO] IPUIPlugin:80 - create IPUIPlugin
2023-11-11 09:43:12,442 [INFO] PluginManager:220 - loadIPPluginJar : add gpio
2023-11-11 09:43:12,444 [INFO] IPUIPlugin:80 - create IPUIPlugin
2023-11-11 09:43:12,444 [INFO] PluginManager:220 - loadIPPluginJar : add comp
2023-11-11 09:43:12,445 [INFO] IPUIPlugin:80 - create IPUIPlugin
2023-11-11 09:43:12,446 [INFO] PluginManager:220 - loadIPPluginJar : add tracer_emb
2023-11-11 09:43:12,448 [INFO] IPUIPlugin:80 - create IPUIPlugin
2023-11-11 09:43:12,449 [INFO] PluginManager:220 - loadIPPluginJar : add openamp
2023-11-11 09:43:12,453 [INFO] IPUIPlugin:80 - create IPUIPlugin
2023-11-11 09:43:12,453 [INFO] PluginManager:220 - loadIPPluginJar : add stm32_wpan
2023-11-11 09:43:12,459 [INFO] IPUIPlugin:80 - create IPUIPlugin
2023-11-11 09:43:12,461 [INFO] PluginManager:220 - loadIPPluginJar : add plateformsettings
2023-11-11 09:43:12,465 [INFO] IPUIPlugin:80 - create IPUIPlugin
2023-11-11 09:43:12,465 [INFO] PluginManager:220 - loadIPPluginJar : add ipddr
2023-11-11 09:43:12,468 [INFO] IPUIPlugin:80 - create IPUIPlugin
2023-11-11 09:43:12,468 [INFO] PluginManager:220 - loadIPPluginJar : add usart
2023-11-11 09:43:12,469 [INFO] IPUIPlugin:80 - create IPUIPlugin
2023-11-11 09:43:12,469 [INFO] PluginManager:220 - loadIPPluginJar : add ltdc
2023-11-11 09:43:12,473 [INFO] IPUIPlugin:80 - create IPUIPlugin
2023-11-11 09:43:12,473 [INFO] PluginManager:220 - loadIPPluginJar : add nvic
2023-11-11 09:43:12,474 [INFO] IPUIPlugin:80 - create IPUIPlugin
2023-11-11 09:43:12,474 [INFO] PluginManager:220 - loadIPPluginJar : add fatfs
2023-11-11 09:43:12,481 [INFO] IPUIPlugin:80 - create IPUIPlugin
2023-11-11 09:43:12,481 [INFO] PluginManager:220 - loadIPPluginJar : add linkedlist
2023-11-11 09:43:12,486 [INFO] IPUIPlugin:80 - create IPUIPlugin
2023-11-11 09:43:12,486 [INFO] PluginManager:220 - loadIPPluginJar : add dma
2023-11-11 09:43:12,490 [INFO] IPUIPlugin:80 - create IPUIPlugin
2023-11-11 09:43:12,491 [INFO] PluginManager:220 - loadIPPluginJar : add fmc
2023-11-11 09:43:12,493 [INFO] IPUIPlugin:80 - create IPUIPlugin
2023-11-11 09:43:12,493 [INFO] PluginManager:220 - loadIPPluginJar : add i2s
2023-11-11 09:43:12,494 [INFO] IPUIPlugin:80 - create IPUIPlugin
2023-11-11 09:43:12,495 [INFO] PluginManager:220 - loadIPPluginJar : add ucpd
2023-11-11 09:43:12,496 [INFO] IPUIPlugin:80 - create IPUIPlugin
2023-11-11 09:43:12,497 [INFO] PluginManager:220 - loadIPPluginJar : add lorawan
2023-11-11 09:43:12,499 [INFO] IPUIPlugin:80 - create IPUIPlugin
2023-11-11 09:43:12,499 [INFO] PluginManager:220 - loadIPPluginJar : add opamp
2023-11-11 09:43:12,501 [INFO] IPUIPlugin:80 - create IPUIPlugin
2023-11-11 09:43:12,501 [INFO] PluginManager:220 - loadIPPluginJar : add i3c
2023-11-11 09:43:12,504 [INFO] IPUIPlugin:80 - create IPUIPlugin
2023-11-11 09:43:12,504 [INFO] PluginManager:220 - loadIPPluginJar : add touchsensing
2023-11-11 09:43:12,506 [INFO] IPUIPlugin:80 - create IPUIPlugin
2023-11-11 09:43:12,506 [INFO] PluginManager:220 - loadIPPluginJar : add i2c
2023-11-11 09:43:12,510 [INFO] IPUIPlugin:80 - create IPUIPlugin
2023-11-11 09:43:12,510 [INFO] PluginManager:220 - loadIPPluginJar : add resmgrutility
2023-11-11 09:43:12,512 [INFO] IPUIPlugin:80 - create IPUIPlugin
2023-11-11 09:43:12,513 [INFO] PluginManager:220 - loadIPPluginJar : add sai
2023-11-11 09:43:12,515 [INFO] IPUIPlugin:80 - create IPUIPlugin
2023-11-11 09:43:12,516 [INFO] PluginManager:220 - loadIPPluginJar : add usbx
2023-11-11 09:43:12,617 [INFO] CADModel:165 - CPN selected for project level
2023-11-11 09:43:12,617 [INFO] CADModel:114 - Register for checkConnection events
2023-11-11 09:43:12,618 [FATAL] Updater:308 - Updater called before beeing initialized
2023-11-11 09:43:12,618 [ERROR] CADModel:125 - Updater not yet initialized, retry later 
2023-11-11 09:43:12,861 [INFO] CADModel:165 - CPN selected for project level
2023-11-11 09:43:12,862 [INFO] CADModel:114 - Register for checkConnection events
2023-11-11 09:43:12,862 [FATAL] Updater:308 - Updater called before beeing initialized
2023-11-11 09:43:12,862 [ERROR] CADModel:125 - Updater not yet initialized, retry later 
2023-11-11 09:43:12,866 [FATAL] Updater:308 - Updater called before beeing initialized
2023-11-11 09:43:12,956 [FATAL] Updater:308 - Updater called before beeing initialized
2023-11-11 09:43:12,963 [INFO] DbMcusAds:53 - JSON generation date=Tue Mar 07 03:50:55 COT 2023 (1678179055335)
2023-11-11 09:43:12,963 [FATAL] Updater:308 - Updater called before beeing initialized
2023-11-11 09:43:13,127 [WARN] DetailPanel:346 - Failed to get advertising image, set to default
2023-11-11 09:43:13,218 [FATAL] Updater:308 - Updater called before beeing initialized
2023-11-11 09:43:13,220 [FATAL] Updater:308 - Updater called before beeing initialized
2023-11-11 09:43:13,220 [FATAL] Updater:308 - Updater called before beeing initialized
2023-11-11 09:43:13,220 [WARN] DetailPanel:346 - Failed to get advertising image, set to default
2023-11-11 09:43:13,221 [FATAL] Updater:308 - Updater called before beeing initialized
2023-11-11 09:43:13,250 [ERROR] Updater:1120 - MainUpdater not yet initialized. External WinMGr cannot be set.
2023-11-11 09:43:13,271 [INFO] Updater:1056 - Updater Version found : 6.9.2
2023-11-11 09:43:13,290 [INFO] ApplicationProperties:184 - Using Application install path: /Applications/STM32CubeIDE.app/Contents/Eclipse/plugins/com.st.stm32cube.common.mx_6.9.2.202309101412
2023-11-11 09:43:13,691 [INFO] MainUpdater:2868 - connection check result : 10
2023-11-11 09:43:13,692 [INFO] MainUpdater:285 - Updater Check For Update Now.
2023-11-11 09:43:13,692 [INFO] MicroXplorer:498 - Change Database Version : DB.6.0.92
2023-11-11 09:43:13,697 [INFO] McuFinderGlobals:63 - Set McuFinder mode to 2 (CubeIDE integrated)
2023-11-11 09:43:13,697 [INFO] UserAuth:179 - activating auth plugin
2023-11-11 09:43:13,700 [INFO] UserAuth:393 - Internet connection configuration mode: 1
2023-11-11 09:43:13,720 [INFO] JxBrowserEngine:151 - Initiate JxBrowser Engine with user profile folder
2023-11-11 09:43:13,872 [INFO] CheckServerUpdateThread:120 - End of CheckServer Thread
2023-11-11 09:43:14,996 [WARN] PackLoader:240 - Cannot read IP mode file for STMicroelectronics.X-CUBE-SMBUS.2.1.0
2023-11-11 09:43:15,040 [WARN] PackLoader:240 - Cannot read IP mode file for STMicroelectronics.X-CUBE-AZRTOS-F7.1.1.0
2023-11-11 09:43:15,059 [WARN] PackLoader:240 - Cannot read IP mode file for STMicroelectronics.FP-SNS-MOTENV1.4.3.2
2023-11-11 09:43:15,066 [WARN] PackLoader:240 - Cannot read IP mode file for STMicroelectronics.FP-SNS-FLIGHT1.5.0.2
2023-11-11 09:43:15,079 [WARN] PackLoader:240 - Cannot read IP mode file for STMicroelectronics.X-CUBE-DISPLAY.3.0.0
2023-11-11 09:43:15,093 [WARN] PackLoader:240 - Cannot read IP mode file for STMicroelectronics.X-CUBE-BLE1.7.0.0
2023-11-11 09:43:15,099 [WARN] PackLoader:240 - Cannot read IP mode file for emotas.I-CUBE-CANOPEN.1.3.0
2023-11-11 09:43:15,104 [WARN] PackLoader:240 - Cannot read IP mode file for STMicroelectronics.X-CUBE-TOUCHGFX.4.22.1
2023-11-11 09:43:15,109 [WARN] PackLoader:240 - Cannot read IP mode file for STMicroelectronics.FP-SNS-SMARTAG2.1.2.0
2023-11-11 09:43:15,122 [INFO] LogOutputStream:77 - [STDOUT_REDIRECT] 1 : Invalid condition id : UX_CORESTACK_Condition cause : null
2023-11-11 09:43:15,122 [INFO] LogOutputStream:77 - [STDOUT_REDIRECT] 1 : Invalid condition id : UX_CORESTACK_Condition cause : null
2023-11-11 09:43:15,122 [INFO] LogOutputStream:77 - [STDOUT_REDIRECT] 1 : Invalid condition id : UX_CORESTACK_Condition cause : null
2023-11-11 09:43:15,122 [INFO] LogOutputStream:77 - [STDOUT_REDIRECT] 1 : Invalid condition id : UX_CORESTACK_Condition cause : null
2023-11-11 09:43:15,123 [INFO] LogOutputStream:77 - [STDOUT_REDIRECT] 1 : Invalid condition id : UX_CORESTACK_Condition cause : null
2023-11-11 09:43:15,128 [WARN] PackLoader:240 - Cannot read IP mode file for STMicroelectronics.X-CUBE-AZRTOS-WL.2.0.0
2023-11-11 09:43:15,138 [WARN] PackLoader:240 - Cannot read IP mode file for WES.I-CUBE-Cesium.1.3.0
2023-11-11 09:43:15,144 [WARN] PackLoader:240 - Cannot read IP mode file for STMicroelectronics.X-CUBE-BLE2.3.3.0
2023-11-11 09:43:15,152 [WARN] PackLoader:240 - Cannot read IP mode file for STMicroelectronics.X-CUBE-ALGOBUILD.1.3.0
2023-11-11 09:43:15,177 [WARN] PackLoader:240 - Cannot read IP mode file for STMicroelectronics.X-CUBE-AZRTOS-G0.1.1.0
2023-11-11 09:43:15,202 [WARN] PackLoader:240 - Cannot read IP mode file for STMicroelectronics.X-CUBE-NFC4.3.0.0
2023-11-11 09:43:15,216 [WARN] PackLoader:240 - Cannot read IP mode file for STMicroelectronics.X-CUBE-BLEMGR.3.0.0
2023-11-11 09:43:15,222 [WARN] PackLoader:240 - Cannot read IP mode file for STMicroelectronics.FP-ATR-SIGFOX1.3.2.0
2023-11-11 09:43:15,311 [WARN] PackLoader:240 - Cannot read IP mode file for SEGGER.I-CUBE-embOS.1.3.1
2023-11-11 09:43:15,389 [WARN] PackLoader:240 - Cannot read IP mode file for STMicroelectronics.X-CUBE-GNSS1.6.0.0
2023-11-11 09:43:15,415 [WARN] PackLoader:240 - Cannot read IP mode file for STMicroelectronics.X-CUBE-AZRTOS-F4.1.1.0
2023-11-11 09:43:15,422 [WARN] PackLoader:240 - Cannot read IP mode file for wolfSSL.I-CUBE-wolfSSL.5.6.3
2023-11-11 09:43:15,443 [WARN] PackLoader:240 - Cannot read IP mode file for STMicroelectronics.X-CUBE-AZRTOS-L5.2.0.0
2023-11-11 09:43:15,452 [WARN] PackLoader:240 - Cannot read IP mode file for STMicroelectronics.X-CUBE-EEPRMA1.4.2.0
2023-11-11 09:43:15,457 [WARN] PackLoader:240 - Cannot read IP mode file for ITTIA_DB.I-CUBE-ITTIADB.8.8.0
2023-11-11 09:43:15,469 [WARN] PackLoader:240 - Cannot read IP mode file for STMicroelectronics.X-CUBE-BLEMGR.2.0.0
2023-11-11 09:43:15,492 [WARN] ConditionMgr:438 - getConditionDescription Invalid condition id : UX DEVICE CLASS RTOS Condition cause : null
2023-11-11 09:43:15,492 [WARN] ConditionMgr:438 - getConditionDescription Invalid condition id : UX DEVICE CLASS RTOS Condition cause : null
2023-11-11 09:43:15,497 [WARN] PackLoader:240 - Cannot read IP mode file for STMicroelectronics.X-CUBE-AZRTOS-H7.3.1.0
2023-11-11 09:43:15,499 [WARN] ConditionMgr:1039 - genDependencies : Invalid condition id : UX DEVICE CLASS RTOS Condition cause : null
2023-11-11 09:43:15,499 [WARN] ConditionMgr:1039 - genDependencies : Invalid condition id : UX DEVICE CLASS RTOS Condition cause : null
2023-11-11 09:43:15,500 [WARN] ConditionMgr:1039 - genDependencies : Invalid condition id : UX DEVICE CLASS RTOS Condition cause : null
2023-11-11 09:43:15,501 [WARN] ConditionMgr:1039 - genDependencies : Invalid condition id : UX DEVICE CLASS RTOS Condition cause : null
2023-11-11 09:43:15,501 [WARN] ConditionMgr:1039 - genDependencies : Invalid condition id : UX DEVICE CLASS RTOS Condition cause : null
2023-11-11 09:43:15,508 [WARN] PackLoader:240 - Cannot read IP mode file for STMicroelectronics.X-CUBE-NFC7.1.0.1
2023-11-11 09:43:15,518 [WARN] PackLoader:240 - Cannot read IP mode file for STMicroelectronics.X-CUBE-NFC6.3.0.0
2023-11-11 09:43:15,526 [WARN] PackLoader:240 - Cannot read IP mode file for STMicroelectronics.X-CUBE-EEPRMA1.4.1.0
2023-11-11 09:43:15,531 [WARN] PackLoader:240 - Cannot read IP mode file for STMicroelectronics.X-CUBE-AI.8.1.0
2023-11-11 09:43:15,555 [WARN] ConditionMgr:438 - getConditionDescription Invalid condition id : LAN8742 Phy interface Condition cause : null
2023-11-11 09:43:15,557 [WARN] PackLoader:240 - Cannot read IP mode file for STMicroelectronics.X-CUBE-AZRTOS-L4.2.0.0
2023-11-11 09:43:15,558 [WARN] ConditionMgr:1039 - genDependencies : Invalid condition id : LAN8742 Phy interface Condition cause : null
2023-11-11 09:43:15,559 [WARN] ConditionMgr:1039 - genDependencies : Invalid condition id : LAN8742 Phy interface Condition cause : null
2023-11-11 09:43:15,560 [WARN] ConditionMgr:1039 - genDependencies : Invalid condition id : LAN8742 Phy interface Condition cause : null
2023-11-11 09:43:15,568 [WARN] PackLoader:240 - Cannot read IP mode file for STMicroelectronics.X-CUBE-SFXS2LP1.4.0.0
2023-11-11 09:43:15,574 [WARN] PackLoader:240 - Cannot read IP mode file for STMicroelectronics.X-CUBE-ISPU.1.1.0
2023-11-11 09:43:15,591 [WARN] ConditionMgr:438 - getConditionDescription Invalid condition id : UX DEVICE CLASS RTOS Condition cause : null
2023-11-11 09:43:15,591 [WARN] ConditionMgr:438 - getConditionDescription Invalid condition id : UX DEVICE CLASS RTOS Condition cause : null
2023-11-11 09:43:15,594 [WARN] PackLoader:240 - Cannot read IP mode file for STMicroelectronics.X-CUBE-AZRTOS-WB.2.0.0
2023-11-11 09:43:15,595 [WARN] ConditionMgr:1039 - genDependencies : Invalid condition id : UX DEVICE CLASS RTOS Condition cause : null
2023-11-11 09:43:15,596 [WARN] ConditionMgr:1039 - genDependencies : Invalid condition id : UX DEVICE CLASS RTOS Condition cause : null
2023-11-11 09:43:15,596 [WARN] ConditionMgr:1039 - genDependencies : Invalid condition id : UX DEVICE CLASS RTOS Condition cause : null
2023-11-11 09:43:15,597 [WARN] ConditionMgr:1039 - genDependencies : Invalid condition id : UX DEVICE CLASS RTOS Condition cause : null
2023-11-11 09:43:15,597 [WARN] ConditionMgr:1039 - genDependencies : Invalid condition id : UX DEVICE CLASS RTOS Condition cause : null
2023-11-11 09:43:15,616 [WARN] PackLoader:240 - Cannot read IP mode file for STMicroelectronics.X-CUBE-SUBG2.5.0.0
2023-11-11 09:43:15,645 [WARN] PackLoader:240 - Cannot read IP mode file for STMicroelectronics.X-CUBE-TOF1.3.3.1
2023-11-11 09:43:15,687 [WARN] PackLoader:240 - Cannot read IP mode file for STMicroelectronics.X-CUBE-AZRTOS-G4.2.0.0
2023-11-11 09:43:15,709 [WARN] PackLoader:240 - Cannot read IP mode file for Infineon.AIROC-Wi-Fi-Bluetooth-STM32.1.5.1
2023-11-11 09:43:15,719 [WARN] PackLoader:240 - Cannot read IP mode file for STMicroelectronics.FP-SNS-MOTENVWB1.1.3.0
2023-11-11 09:43:15,791 [WARN] PackLoader:240 - Cannot read IP mode file for STMicroelectronics.X-CUBE-MEMS1.10.0.0
2023-11-11 09:43:15,965 [WARN] PackLoader:240 - Cannot read IP mode file for STMicroelectronics.X-CUBE-FREERTOS.1.1.0
2023-11-11 09:43:15,970 [WARN] PackLoader:240 - Cannot read IP mode file for portGmbH.I-Cube-SoM-uGOAL.1.1.0
2023-11-11 09:43:15,974 [WARN] PackLoader:240 - Cannot read IP mode file for STMicroelectronics.X-CUBE-ALS.1.0.1
2023-11-11 09:43:15,977 [WARN] PackLoader:240 - Cannot read IP mode file for STMicroelectronics.FP-ATR-ASTRA1.2.0.0
2023-11-11 09:43:15,978 [INFO] ThirdParty:978 - Integrity check success = true
2023-11-11 09:43:15,978 [INFO] IntegrityCheckThread:100 - exiting critical section [integrity check]
2023-11-11 09:43:15,978 [INFO] IntegrityCheckThread:103 - End integrity checks thread
2023-11-11 09:43:18,897 [INFO] WebApp:157 - Instantiating new browser for Auth
2023-11-11 09:43:19,673 [INFO] WebApp:753 - Register for checkConnection events
2023-11-11 09:43:19,674 [INFO] WebApp:390 - Apply proxy settings
2023-11-11 09:43:19,679 [INFO] WebApp:455 - Chromium authenticates against System proxy
2023-11-11 09:43:19,862 [INFO] WebApp:188 - Starting web application
2023-11-11 09:43:19,862 [INFO] WebApp:520 - Web application path used /Applications/STM32CubeIDE.app/Contents/Eclipse/plugins/com.st.stm32cube.common.mx_6.9.2.202309101412/db/plugins/mcufinder/reactClient1/index.html
2023-11-11 09:43:40,596 [ERROR] LogOutputStream:75 - [STDERR_REDIRECT] SLF4J: Failed to load class "org.slf4j.impl.StaticLoggerBinder".
2023-11-11 09:43:40,596 [ERROR] LogOutputStream:75 - [STDERR_REDIRECT] SLF4J: Defaulting to no-operation (NOP) logger implementation
2023-11-11 09:43:40,597 [ERROR] LogOutputStream:75 - [STDERR_REDIRECT] SLF4J: See http://www.slf4j.org/codes.html#StaticLoggerBinder for further details.
2023-11-11 11:40:19,879 [ERROR] LogOutputStream:75 - [STDERR_REDIRECT] 
