2023-11-13 21:00:51,993 [INFO] Activator:176 - 


2023-11-13 21:00:51,998 [INFO] Activator:177 - !SESSION log4j initialized
2023-11-13 21:00:56,151 [ERROR] LogOutputStream:75 - [STDERR_REDIRECT] 
2023-11-13 21:00:56,732 [INFO] LogOutputStream:77 - [STDOUT_REDIRECT] 
2023-11-13 21:00:59,590 [INFO] LogOutputStream:77 - [STDOUT_REDIRECT] 
2023-11-13 21:01:02,527 [INFO] ApplicationProperties:184 - Using Application install path: /Applications/STM32CubeIDE.app/Contents/Eclipse/plugins/com.st.stm32cube.common.mx_6.9.2.202309101412
2023-11-13 21:01:02,545 [INFO] DbMcusXml:78 - Set database path to: /Applications/STM32CubeIDE.app/Contents/Eclipse/plugins/com.st.stm32cube.common.mx_6.9.2.202309101412//db//mcu/
2023-11-13 21:01:02,546 [INFO] ApiDb:274 - Set plugin database path to: /Applications/STM32CubeIDE.app/Contents/Eclipse/plugins/com.st.stm32cube.common.mx_6.9.2.202309101412//db//plugins/boardmanager/
2023-11-13 21:01:02,546 [WARN] ApiDb:259 - Overriding images path with different value:  => /Applications/STM32CubeIDE.app/Contents/Eclipse/plugins/com.st.stm32cube.common.mx_6.9.2.202309101412//db//plugins/mcufinder/images/
2023-11-13 21:01:02,560 [INFO] ApiDb:250 - Set database path to: /Users/hollerller/.stmcufinder/plugins/mcufinder//mcu/
2023-11-13 21:01:02,562 [INFO] DbMcusAds:125 - Set database path to: /Users/hollerller/.stmcufinder/plugins/mcufinder//mcu/
2023-11-13 21:01:02,564 [INFO] CrossReferenceDbSqlite:203 - Set database path to: /Users/hollerller/.stmcufinder/plugins/mcufinder//mcu/cs/
2023-11-13 21:01:02,677 [INFO] RulesReader:64 - Compatibility file has been processed (293 Rules)
2023-11-13 21:01:02,745 [INFO] DbMcusXml:78 - Set database path to: /Applications/STM32CubeIDE.app/Contents/Eclipse/plugins/com.st.stm32cube.common.mx_6.9.2.202309101412//db//mcu/
2023-11-13 21:01:02,745 [INFO] ApiDb:274 - Set plugin database path to: /Applications/STM32CubeIDE.app/Contents/Eclipse/plugins/com.st.stm32cube.common.mx_6.9.2.202309101412//db//plugins/boardmanager/
2023-11-13 21:01:02,745 [INFO] ApiDb:261 - Set plugin images path to: /Applications/STM32CubeIDE.app/Contents/Eclipse/plugins/com.st.stm32cube.common.mx_6.9.2.202309101412//db//plugins/mcufinder/images/
2023-11-13 21:01:02,745 [WARN] DbFile:41 - Overriding database path with different value: /Users/hollerller/.stmcufinder/plugins/mcufinder/ => /Users/hollerller/.stmcufinder/plugins/mcufinder
2023-11-13 21:01:02,746 [INFO] ApiDb:250 - Set database path to: /Users/hollerller/.stmcufinder/plugins/mcufinder//mcu/
2023-11-13 21:01:02,746 [WARN] DbFile:41 - Overriding database path with different value: /Users/hollerller/.stmcufinder/plugins/mcufinder/ => /Users/hollerller/.stmcufinder/plugins/mcufinder
2023-11-13 21:01:02,746 [INFO] DbMcusAds:125 - Set database path to: /Users/hollerller/.stmcufinder/plugins/mcufinder//mcu/
2023-11-13 21:01:02,746 [WARN] DbFile:41 - Overriding database path with different value: /Users/hollerller/.stmcufinder/plugins/mcufinder/ => /Users/hollerller/.stmcufinder/plugins/mcufinder
2023-11-13 21:01:02,746 [WARN] DbFile:41 - Overriding database path with different value: /Users/hollerller/.stmcufinder/plugins/mcufinder/ => /Users/hollerller/.stmcufinder/plugins/mcufinder
2023-11-13 21:01:02,746 [INFO] CrossReferenceDbSqlite:203 - Set database path to: /Users/hollerller/.stmcufinder/plugins/mcufinder//mcu/cs/
2023-11-13 21:01:02,819 [INFO] MainPanel:262 - HeapMemory: 268435456
2023-11-13 21:01:02,936 [INFO] DbMcusXml:78 - Set database path to: /Applications/STM32CubeIDE.app/Contents/Eclipse/plugins/com.st.stm32cube.common.mx_6.9.2.202309101412//db//mcu/
2023-11-13 21:01:02,936 [INFO] ApiDb:274 - Set plugin database path to: /Applications/STM32CubeIDE.app/Contents/Eclipse/plugins/com.st.stm32cube.common.mx_6.9.2.202309101412//db//plugins/boardmanager/
2023-11-13 21:01:02,936 [INFO] ApiDb:261 - Set plugin images path to: /Applications/STM32CubeIDE.app/Contents/Eclipse/plugins/com.st.stm32cube.common.mx_6.9.2.202309101412//db//plugins/mcufinder/images/
2023-11-13 21:01:02,937 [WARN] DbFile:41 - Overriding database path with different value: /Users/hollerller/.stmcufinder/plugins/mcufinder/ => /Users/hollerller/.stmcufinder/plugins/mcufinder
2023-11-13 21:01:02,937 [INFO] ApiDb:250 - Set database path to: /Users/hollerller/.stmcufinder/plugins/mcufinder//mcu/
2023-11-13 21:01:02,937 [WARN] DbFile:41 - Overriding database path with different value: /Users/hollerller/.stmcufinder/plugins/mcufinder/ => /Users/hollerller/.stmcufinder/plugins/mcufinder
2023-11-13 21:01:02,937 [INFO] DbMcusAds:125 - Set database path to: /Users/hollerller/.stmcufinder/plugins/mcufinder//mcu/
2023-11-13 21:01:02,937 [WARN] DbFile:41 - Overriding database path with different value: /Users/hollerller/.stmcufinder/plugins/mcufinder/ => /Users/hollerller/.stmcufinder/plugins/mcufinder
2023-11-13 21:01:02,938 [WARN] DbFile:41 - Overriding database path with different value: /Users/hollerller/.stmcufinder/plugins/mcufinder/ => /Users/hollerller/.stmcufinder/plugins/mcufinder
2023-11-13 21:01:02,938 [INFO] CrossReferenceDbSqlite:203 - Set database path to: /Users/hollerller/.stmcufinder/plugins/mcufinder//mcu/cs/
2023-11-13 21:01:02,955 [INFO] ApplicationProperties:184 - Using Application install path: /Applications/STM32CubeIDE.app/Contents/Eclipse/plugins/com.st.stm32cube.common.mx_6.9.2.202309101412
2023-11-13 21:01:02,956 [INFO] PluginManage:196 - Search for loadable plugins [exclusion list=, ]
2023-11-13 21:01:02,957 [INFO] PluginManage:310 - Check plugin analytics
2023-11-13 21:01:03,113 [INFO] AnalyticsPlugin:253 - Accepted Software Licenses: 
2023-11-13 21:01:03,113 [INFO] AnalyticsPlugin:255 - Accepted CMSIS Pack Licenses: 
2023-11-13 21:01:03,113 [INFO] AnalyticsPlugin:257 - Accepted Firmware Licenses: FW.F4.1.27.0
2023-11-13 21:01:03,115 [INFO] PluginManage:359 - Loaded plugin analytics (category:tool,tabindex:-1)
2023-11-13 21:01:03,115 [INFO] PluginManage:310 - Check plugin cadmodel
2023-11-13 21:01:03,739 [INFO] CADModel:105 - Init CAD model plugin
2023-11-13 21:01:03,739 [INFO] PluginManage:359 - Loaded plugin cadmodel (category:power,tabindex:5)
2023-11-13 21:01:03,739 [INFO] PluginManage:310 - Check plugin clock
2023-11-13 21:01:03,749 [INFO] PluginManage:359 - Loaded plugin clock (category:base,tabindex:2)
2023-11-13 21:01:03,750 [INFO] PluginManage:310 - Check plugin ddr
2023-11-13 21:01:03,752 [INFO] PluginManage:359 - Loaded plugin ddr (category:tool,tabindex:6)
2023-11-13 21:01:03,752 [INFO] PluginManage:310 - Check plugin filemanager
2023-11-13 21:01:03,871 [INFO] PluginManage:359 - Loaded plugin filemanager (category:base,tabindex:10)
2023-11-13 21:01:03,871 [INFO] PluginManage:310 - Check plugin ipmanager
2023-11-13 21:01:03,877 [INFO] PluginManage:359 - Loaded plugin ipmanager (category:base,tabindex:5)
2023-11-13 21:01:03,878 [INFO] PluginManage:310 - Check plugin lpbam
2023-11-13 21:01:03,887 [INFO] PluginManage:359 - Loaded plugin lpbam (category:base,tabindex:0)
2023-11-13 21:01:03,887 [INFO] PluginManage:310 - Check plugin memorymap
2023-11-13 21:01:03,900 [INFO] PluginManage:359 - Loaded plugin memorymap (category:base,tabindex:4)
2023-11-13 21:01:03,900 [INFO] PluginManage:310 - Check plugin pinoutandconfiguration
2023-11-13 21:01:03,906 [INFO] PluginManage:359 - Loaded plugin pinoutandconfiguration (category:base,tabindex:1)
2023-11-13 21:01:03,907 [INFO] PluginManage:310 - Check plugin pinoutconfig
2023-11-13 21:01:03,991 [WARN] SupportedApi:132 - Cannot load RTOS API schema: s4s-elt-must-match.1: The content of 'definitions' must match (annotation?, (simpleType | complexType)?, (unique | key | keyref)*)). A problem was found starting at: attribute.
2023-11-13 21:01:04,112 [INFO] PluginManage:359 - Loaded plugin pinoutconfig (category:base,tabindex:0)
2023-11-13 21:01:04,112 [INFO] PluginManage:310 - Check plugin power
2023-11-13 21:01:04,124 [INFO] PluginManage:359 - Loaded plugin power (category:power,tabindex:4)
2023-11-13 21:01:04,124 [INFO] PluginManage:310 - Check plugin projectmanager
2023-11-13 21:01:04,135 [INFO] PluginManage:359 - Loaded plugin projectmanager (category:projectmanager,tabindex:3)
2023-11-13 21:01:04,135 [INFO] PluginManage:310 - Check plugin thirdparty
2023-11-13 21:01:04,248 [INFO] PluginManage:359 - Loaded plugin thirdparty (category:base,tabindex:-1)
2023-11-13 21:01:04,248 [WARN] IntegrityCheckThread:84 - waiting for thirdparty lock release [integrity check]
2023-11-13 21:01:04,249 [INFO] PluginManage:310 - Check plugin tools
2023-11-13 21:01:04,249 [INFO] IntegrityCheckThread:86 - entering critical section [integrity check]
2023-11-13 21:01:04,249 [INFO] ThirdPartyUpdaterWithRetryManager:70 - Updater plugin not ready yet. [1/15]
2023-11-13 21:01:04,251 [INFO] PluginManage:359 - Loaded plugin tools (category:base,tabindex:7)
2023-11-13 21:01:04,251 [INFO] PluginManage:310 - Check plugin tutovideos
2023-11-13 21:01:04,414 [INFO] PluginManage:359 - Loaded plugin tutovideos (category:base,tabindex:-1)
2023-11-13 21:01:04,414 [INFO] PluginManage:310 - Check plugin updater
2023-11-13 21:01:04,424 [INFO] PluginManage:359 - Loaded plugin updater (category:base,tabindex:12)
2023-11-13 21:01:04,424 [INFO] PluginManage:310 - Check plugin userauth
2023-11-13 21:01:04,429 [INFO] UserAuth:113 - Init User Auth plugin
2023-11-13 21:01:04,429 [INFO] PluginManage:359 - Loaded plugin userauth (category:base,tabindex:14)
2023-11-13 21:01:04,430 [INFO] PluginManage:283 - PluginManage : Loaded plugins [17]
2023-11-13 21:01:04,601 [INFO] PinOutPanel:1499 - setPackage(No Configuration,No Configuration)
2023-11-13 21:01:04,686 [INFO] CADModel:165 - CPN selected for project level
2023-11-13 21:01:04,686 [INFO] CADModel:114 - Register for checkConnection events
2023-11-13 21:01:04,698 [INFO] IPUIPlugin:80 - create IPUIPlugin
2023-11-13 21:01:04,698 [INFO] PluginManager:220 - loadIPPluginJar : add mdma
2023-11-13 21:01:04,705 [INFO] IPUIPlugin:80 - create IPUIPlugin
2023-11-13 21:01:04,706 [INFO] PluginManager:220 - loadIPPluginJar : add freertos
2023-11-13 21:01:04,711 [INFO] IPUIPlugin:80 - create IPUIPlugin
2023-11-13 21:01:04,711 [INFO] PluginManager:220 - loadIPPluginJar : add gic
2023-11-13 21:01:04,719 [INFO] IPUIPlugin:80 - create IPUIPlugin
2023-11-13 21:01:04,719 [INFO] PluginManager:220 - loadIPPluginJar : add adc
2023-11-13 21:01:04,722 [INFO] IPUIPlugin:80 - create IPUIPlugin
2023-11-13 21:01:04,722 [INFO] PluginManager:220 - loadIPPluginJar : add gtzc
2023-11-13 21:01:04,723 [INFO] IPUIPlugin:80 - create IPUIPlugin
2023-11-13 21:01:04,724 [INFO] PluginManager:220 - loadIPPluginJar : add quadspi
2023-11-13 21:01:04,726 [INFO] IPUIPlugin:80 - create IPUIPlugin
2023-11-13 21:01:04,726 [INFO] PluginManager:220 - loadIPPluginJar : add aes
2023-11-13 21:01:04,729 [INFO] IPUIPlugin:80 - create IPUIPlugin
2023-11-13 21:01:04,729 [INFO] PluginManager:220 - loadIPPluginJar : add pdm2pcm
2023-11-13 21:01:04,731 [INFO] IPUIPlugin:80 - create IPUIPlugin
2023-11-13 21:01:04,731 [INFO] PluginManager:220 - loadIPPluginJar : add hash
2023-11-13 21:01:04,732 [INFO] IPUIPlugin:80 - create IPUIPlugin
2023-11-13 21:01:04,732 [INFO] PluginManager:220 - loadIPPluginJar : add tim
2023-11-13 21:01:04,733 [INFO] IPUIPlugin:80 - create IPUIPlugin
2023-11-13 21:01:04,734 [INFO] PluginManager:220 - loadIPPluginJar : add tsc
2023-11-13 21:01:04,735 [INFO] IPUIPlugin:80 - create IPUIPlugin
2023-11-13 21:01:04,735 [INFO] PluginManager:220 - loadIPPluginJar : add ts
2023-11-13 21:01:04,737 [INFO] IPUIPlugin:80 - create IPUIPlugin
2023-11-13 21:01:04,738 [INFO] PluginManager:220 - loadIPPluginJar : add can
2023-11-13 21:01:04,740 [INFO] IPUIPlugin:80 - create IPUIPlugin
2023-11-13 21:01:04,740 [INFO] PluginManager:220 - loadIPPluginJar : add dma3
2023-11-13 21:01:04,742 [INFO] IPUIPlugin:80 - create IPUIPlugin
2023-11-13 21:01:04,742 [INFO] PluginManager:220 - loadIPPluginJar : add dfsdm
2023-11-13 21:01:04,744 [INFO] IPUIPlugin:80 - create IPUIPlugin
2023-11-13 21:01:04,744 [INFO] PluginManager:220 - loadIPPluginJar : add spi
2023-11-13 21:01:04,746 [INFO] IPUIPlugin:80 - create IPUIPlugin
2023-11-13 21:01:04,746 [INFO] PluginManager:220 - loadIPPluginJar : add gfxmmu
2023-11-13 21:01:04,747 [INFO] IPUIPlugin:80 - create IPUIPlugin
2023-11-13 21:01:04,747 [INFO] PluginManager:220 - loadIPPluginJar : add genericplugin
2023-11-13 21:01:04,749 [INFO] IPUIPlugin:80 - create IPUIPlugin
2023-11-13 21:01:04,749 [INFO] PluginManager:220 - loadIPPluginJar : add cryp
2023-11-13 21:01:04,752 [INFO] IPUIPlugin:80 - create IPUIPlugin
2023-11-13 21:01:04,752 [INFO] PluginManager:220 - loadIPPluginJar : add gpio
2023-11-13 21:01:04,754 [INFO] IPUIPlugin:80 - create IPUIPlugin
2023-11-13 21:01:04,754 [INFO] PluginManager:220 - loadIPPluginJar : add comp
2023-11-13 21:01:04,755 [INFO] IPUIPlugin:80 - create IPUIPlugin
2023-11-13 21:01:04,755 [INFO] PluginManager:220 - loadIPPluginJar : add tracer_emb
2023-11-13 21:01:04,758 [INFO] IPUIPlugin:80 - create IPUIPlugin
2023-11-13 21:01:04,758 [INFO] PluginManager:220 - loadIPPluginJar : add openamp
2023-11-13 21:01:04,761 [INFO] IPUIPlugin:80 - create IPUIPlugin
2023-11-13 21:01:04,762 [INFO] PluginManager:220 - loadIPPluginJar : add stm32_wpan
2023-11-13 21:01:04,767 [INFO] IPUIPlugin:80 - create IPUIPlugin
2023-11-13 21:01:04,769 [INFO] PluginManager:220 - loadIPPluginJar : add plateformsettings
2023-11-13 21:01:04,773 [INFO] IPUIPlugin:80 - create IPUIPlugin
2023-11-13 21:01:04,773 [INFO] PluginManager:220 - loadIPPluginJar : add ipddr
2023-11-13 21:01:04,775 [INFO] IPUIPlugin:80 - create IPUIPlugin
2023-11-13 21:01:04,775 [INFO] PluginManager:220 - loadIPPluginJar : add usart
2023-11-13 21:01:04,776 [INFO] IPUIPlugin:80 - create IPUIPlugin
2023-11-13 21:01:04,776 [INFO] PluginManager:220 - loadIPPluginJar : add ltdc
2023-11-13 21:01:04,779 [INFO] IPUIPlugin:80 - create IPUIPlugin
2023-11-13 21:01:04,779 [INFO] PluginManager:220 - loadIPPluginJar : add nvic
2023-11-13 21:01:04,780 [INFO] IPUIPlugin:80 - create IPUIPlugin
2023-11-13 21:01:04,780 [INFO] PluginManager:220 - loadIPPluginJar : add fatfs
2023-11-13 21:01:04,786 [INFO] IPUIPlugin:80 - create IPUIPlugin
2023-11-13 21:01:04,786 [INFO] PluginManager:220 - loadIPPluginJar : add linkedlist
2023-11-13 21:01:04,791 [INFO] IPUIPlugin:80 - create IPUIPlugin
2023-11-13 21:01:04,791 [INFO] PluginManager:220 - loadIPPluginJar : add dma
2023-11-13 21:01:04,794 [INFO] IPUIPlugin:80 - create IPUIPlugin
2023-11-13 21:01:04,794 [INFO] PluginManager:220 - loadIPPluginJar : add fmc
2023-11-13 21:01:04,796 [INFO] IPUIPlugin:80 - create IPUIPlugin
2023-11-13 21:01:04,797 [INFO] PluginManager:220 - loadIPPluginJar : add i2s
2023-11-13 21:01:04,798 [INFO] IPUIPlugin:80 - create IPUIPlugin
2023-11-13 21:01:04,798 [INFO] PluginManager:220 - loadIPPluginJar : add ucpd
2023-11-13 21:01:04,800 [INFO] IPUIPlugin:80 - create IPUIPlugin
2023-11-13 21:01:04,800 [INFO] PluginManager:220 - loadIPPluginJar : add lorawan
2023-11-13 21:01:04,802 [INFO] IPUIPlugin:80 - create IPUIPlugin
2023-11-13 21:01:04,802 [INFO] PluginManager:220 - loadIPPluginJar : add opamp
2023-11-13 21:01:04,804 [INFO] IPUIPlugin:80 - create IPUIPlugin
2023-11-13 21:01:04,804 [INFO] PluginManager:220 - loadIPPluginJar : add i3c
2023-11-13 21:01:04,807 [INFO] IPUIPlugin:80 - create IPUIPlugin
2023-11-13 21:01:04,807 [INFO] PluginManager:220 - loadIPPluginJar : add touchsensing
2023-11-13 21:01:04,809 [INFO] IPUIPlugin:80 - create IPUIPlugin
2023-11-13 21:01:04,809 [INFO] PluginManager:220 - loadIPPluginJar : add i2c
2023-11-13 21:01:04,812 [INFO] IPUIPlugin:80 - create IPUIPlugin
2023-11-13 21:01:04,812 [INFO] PluginManager:220 - loadIPPluginJar : add resmgrutility
2023-11-13 21:01:04,815 [INFO] IPUIPlugin:80 - create IPUIPlugin
2023-11-13 21:01:04,815 [INFO] PluginManager:220 - loadIPPluginJar : add sai
2023-11-13 21:01:04,817 [INFO] IPUIPlugin:80 - create IPUIPlugin
2023-11-13 21:01:04,817 [INFO] PluginManager:220 - loadIPPluginJar : add usbx
2023-11-13 21:01:04,917 [INFO] CADModel:165 - CPN selected for project level
2023-11-13 21:01:04,918 [INFO] CADModel:114 - Register for checkConnection events
2023-11-13 21:01:04,918 [FATAL] Updater:308 - Updater called before beeing initialized
2023-11-13 21:01:04,918 [ERROR] CADModel:125 - Updater not yet initialized, retry later 
2023-11-13 21:01:05,101 [INFO] CADModel:165 - CPN selected for project level
2023-11-13 21:01:05,101 [INFO] CADModel:114 - Register for checkConnection events
2023-11-13 21:01:05,101 [FATAL] Updater:308 - Updater called before beeing initialized
2023-11-13 21:01:05,101 [ERROR] CADModel:125 - Updater not yet initialized, retry later 
2023-11-13 21:01:05,105 [FATAL] Updater:308 - Updater called before beeing initialized
2023-11-13 21:01:05,168 [FATAL] Updater:308 - Updater called before beeing initialized
2023-11-13 21:01:05,174 [INFO] DbMcusAds:53 - JSON generation date=Tue Mar 07 03:50:55 COT 2023 (1678179055335)
2023-11-13 21:01:05,174 [FATAL] Updater:308 - Updater called before beeing initialized
2023-11-13 21:01:05,329 [WARN] DetailPanel:346 - Failed to get advertising image, set to default
2023-11-13 21:01:05,413 [FATAL] Updater:308 - Updater called before beeing initialized
2023-11-13 21:01:05,416 [FATAL] Updater:308 - Updater called before beeing initialized
2023-11-13 21:01:05,416 [FATAL] Updater:308 - Updater called before beeing initialized
2023-11-13 21:01:05,416 [WARN] DetailPanel:346 - Failed to get advertising image, set to default
2023-11-13 21:01:05,417 [FATAL] Updater:308 - Updater called before beeing initialized
2023-11-13 21:01:05,442 [ERROR] Updater:1120 - MainUpdater not yet initialized. External WinMGr cannot be set.
2023-11-13 21:01:05,466 [INFO] Updater:1056 - Updater Version found : 6.9.2
2023-11-13 21:01:05,484 [INFO] ApplicationProperties:184 - Using Application install path: /Applications/STM32CubeIDE.app/Contents/Eclipse/plugins/com.st.stm32cube.common.mx_6.9.2.202309101412
2023-11-13 21:01:05,807 [INFO] MainUpdater:2868 - connection check result : 10
2023-11-13 21:01:05,808 [INFO] MainUpdater:285 - Updater Check For Update Now.
2023-11-13 21:01:05,808 [INFO] MicroXplorer:498 - Change Database Version : DB.6.0.92
2023-11-13 21:01:05,816 [INFO] McuFinderGlobals:63 - Set McuFinder mode to 2 (CubeIDE integrated)
2023-11-13 21:01:05,817 [INFO] UserAuth:179 - activating auth plugin
2023-11-13 21:01:05,820 [INFO] UserAuth:393 - Internet connection configuration mode: 1
2023-11-13 21:01:05,838 [INFO] JxBrowserEngine:151 - Initiate JxBrowser Engine with user profile folder
2023-11-13 21:01:05,977 [INFO] CheckServerUpdateThread:120 - End of CheckServer Thread
2023-11-13 21:01:07,716 [WARN] PackLoader:240 - Cannot read IP mode file for STMicroelectronics.X-CUBE-SMBUS.2.1.0
2023-11-13 21:01:07,767 [WARN] PackLoader:240 - Cannot read IP mode file for STMicroelectronics.X-CUBE-AZRTOS-F7.1.1.0
2023-11-13 21:01:07,778 [WARN] PackLoader:240 - Cannot read IP mode file for STMicroelectronics.FP-SNS-MOTENV1.4.3.2
2023-11-13 21:01:07,784 [WARN] PackLoader:240 - Cannot read IP mode file for STMicroelectronics.FP-SNS-FLIGHT1.5.0.2
2023-11-13 21:01:07,792 [WARN] PackLoader:240 - Cannot read IP mode file for STMicroelectronics.X-CUBE-DISPLAY.3.0.0
2023-11-13 21:01:07,804 [WARN] PackLoader:240 - Cannot read IP mode file for STMicroelectronics.X-CUBE-BLE1.7.0.0
2023-11-13 21:01:07,808 [WARN] PackLoader:240 - Cannot read IP mode file for emotas.I-CUBE-CANOPEN.1.3.0
2023-11-13 21:01:07,811 [WARN] PackLoader:240 - Cannot read IP mode file for STMicroelectronics.X-CUBE-TOUCHGFX.4.22.1
2023-11-13 21:01:07,815 [WARN] PackLoader:240 - Cannot read IP mode file for STMicroelectronics.FP-SNS-SMARTAG2.1.2.0
2023-11-13 21:01:07,825 [INFO] LogOutputStream:77 - [STDOUT_REDIRECT] 1 : Invalid condition id : UX_CORESTACK_Condition cause : null
2023-11-13 21:01:07,826 [INFO] LogOutputStream:77 - [STDOUT_REDIRECT] 1 : Invalid condition id : UX_CORESTACK_Condition cause : null
2023-11-13 21:01:07,826 [INFO] LogOutputStream:77 - [STDOUT_REDIRECT] 1 : Invalid condition id : UX_CORESTACK_Condition cause : null
2023-11-13 21:01:07,826 [INFO] LogOutputStream:77 - [STDOUT_REDIRECT] 1 : Invalid condition id : UX_CORESTACK_Condition cause : null
2023-11-13 21:01:07,826 [INFO] LogOutputStream:77 - [STDOUT_REDIRECT] 1 : Invalid condition id : UX_CORESTACK_Condition cause : null
2023-11-13 21:01:07,829 [WARN] PackLoader:240 - Cannot read IP mode file for STMicroelectronics.X-CUBE-AZRTOS-WL.2.0.0
2023-11-13 21:01:07,836 [WARN] PackLoader:240 - Cannot read IP mode file for WES.I-CUBE-Cesium.1.3.0
2023-11-13 21:01:07,840 [WARN] PackLoader:240 - Cannot read IP mode file for STMicroelectronics.X-CUBE-BLE2.3.3.0
2023-11-13 21:01:07,846 [WARN] PackLoader:240 - Cannot read IP mode file for STMicroelectronics.X-CUBE-ALGOBUILD.1.3.0
2023-11-13 21:01:07,862 [WARN] PackLoader:240 - Cannot read IP mode file for STMicroelectronics.X-CUBE-AZRTOS-G0.1.1.0
2023-11-13 21:01:07,868 [WARN] PackLoader:240 - Cannot read IP mode file for STMicroelectronics.X-CUBE-NFC4.3.0.0
2023-11-13 21:01:07,877 [WARN] PackLoader:240 - Cannot read IP mode file for STMicroelectronics.X-CUBE-BLEMGR.3.0.0
2023-11-13 21:01:07,881 [WARN] PackLoader:240 - Cannot read IP mode file for STMicroelectronics.FP-ATR-SIGFOX1.3.2.0
2023-11-13 21:01:07,913 [WARN] PackLoader:240 - Cannot read IP mode file for SEGGER.I-CUBE-embOS.1.3.1
2023-11-13 21:01:07,984 [WARN] PackLoader:240 - Cannot read IP mode file for STMicroelectronics.X-CUBE-GNSS1.6.0.0
2023-11-13 21:01:08,049 [WARN] PackLoader:240 - Cannot read IP mode file for STMicroelectronics.X-CUBE-AZRTOS-F4.1.1.0
2023-11-13 21:01:08,082 [WARN] PackLoader:240 - Cannot read IP mode file for wolfSSL.I-CUBE-wolfSSL.5.6.3
2023-11-13 21:01:08,097 [INFO] WebApp:157 - Instantiating new browser for Auth
2023-11-13 21:01:08,106 [WARN] PackLoader:240 - Cannot read IP mode file for STMicroelectronics.X-CUBE-AZRTOS-L5.2.0.0
2023-11-13 21:01:08,140 [WARN] PackLoader:240 - Cannot read IP mode file for STMicroelectronics.X-CUBE-EEPRMA1.4.2.0
2023-11-13 21:01:08,248 [WARN] PackLoader:240 - Cannot read IP mode file for ITTIA_DB.I-CUBE-ITTIADB.8.8.0
2023-11-13 21:01:08,379 [WARN] PackLoader:240 - Cannot read IP mode file for STMicroelectronics.X-CUBE-BLEMGR.2.0.0
2023-11-13 21:01:08,473 [WARN] ConditionMgr:438 - getConditionDescription Invalid condition id : UX DEVICE CLASS RTOS Condition cause : null
2023-11-13 21:01:08,489 [WARN] ConditionMgr:438 - getConditionDescription Invalid condition id : UX DEVICE CLASS RTOS Condition cause : null
2023-11-13 21:01:08,507 [WARN] PackLoader:240 - Cannot read IP mode file for STMicroelectronics.X-CUBE-AZRTOS-H7.3.1.0
2023-11-13 21:01:08,524 [WARN] ConditionMgr:1039 - genDependencies : Invalid condition id : UX DEVICE CLASS RTOS Condition cause : null
2023-11-13 21:01:08,543 [WARN] ConditionMgr:1039 - genDependencies : Invalid condition id : UX DEVICE CLASS RTOS Condition cause : null
2023-11-13 21:01:08,544 [WARN] ConditionMgr:1039 - genDependencies : Invalid condition id : UX DEVICE CLASS RTOS Condition cause : null
2023-11-13 21:01:08,580 [WARN] ConditionMgr:1039 - genDependencies : Invalid condition id : UX DEVICE CLASS RTOS Condition cause : null
2023-11-13 21:01:08,580 [WARN] ConditionMgr:1039 - genDependencies : Invalid condition id : UX DEVICE CLASS RTOS Condition cause : null
2023-11-13 21:01:08,622 [WARN] PackLoader:240 - Cannot read IP mode file for STMicroelectronics.X-CUBE-NFC7.1.0.1
2023-11-13 21:01:08,661 [WARN] PackLoader:240 - Cannot read IP mode file for STMicroelectronics.X-CUBE-NFC6.3.0.0
2023-11-13 21:01:08,699 [WARN] PackLoader:240 - Cannot read IP mode file for STMicroelectronics.X-CUBE-EEPRMA1.4.1.0
2023-11-13 21:01:08,739 [WARN] PackLoader:240 - Cannot read IP mode file for STMicroelectronics.X-CUBE-AI.8.1.0
2023-11-13 21:01:08,785 [WARN] ConditionMgr:438 - getConditionDescription Invalid condition id : LAN8742 Phy interface Condition cause : null
2023-11-13 21:01:08,798 [WARN] PackLoader:240 - Cannot read IP mode file for STMicroelectronics.X-CUBE-AZRTOS-L4.2.0.0
2023-11-13 21:01:08,799 [WARN] ConditionMgr:1039 - genDependencies : Invalid condition id : LAN8742 Phy interface Condition cause : null
2023-11-13 21:01:08,818 [WARN] ConditionMgr:1039 - genDependencies : Invalid condition id : LAN8742 Phy interface Condition cause : null
2023-11-13 21:01:08,818 [WARN] ConditionMgr:1039 - genDependencies : Invalid condition id : LAN8742 Phy interface Condition cause : null
2023-11-13 21:01:08,823 [WARN] PackLoader:240 - Cannot read IP mode file for STMicroelectronics.X-CUBE-SFXS2LP1.4.0.0
2023-11-13 21:01:08,826 [WARN] PackLoader:240 - Cannot read IP mode file for STMicroelectronics.X-CUBE-ISPU.1.1.0
2023-11-13 21:01:08,838 [WARN] ConditionMgr:438 - getConditionDescription Invalid condition id : UX DEVICE CLASS RTOS Condition cause : null
2023-11-13 21:01:08,839 [WARN] ConditionMgr:438 - getConditionDescription Invalid condition id : UX DEVICE CLASS RTOS Condition cause : null
2023-11-13 21:01:08,840 [WARN] PackLoader:240 - Cannot read IP mode file for STMicroelectronics.X-CUBE-AZRTOS-WB.2.0.0
2023-11-13 21:01:08,840 [WARN] ConditionMgr:1039 - genDependencies : Invalid condition id : UX DEVICE CLASS RTOS Condition cause : null
2023-11-13 21:01:08,840 [WARN] ConditionMgr:1039 - genDependencies : Invalid condition id : UX DEVICE CLASS RTOS Condition cause : null
2023-11-13 21:01:08,841 [WARN] ConditionMgr:1039 - genDependencies : Invalid condition id : UX DEVICE CLASS RTOS Condition cause : null
2023-11-13 21:01:08,841 [WARN] ConditionMgr:1039 - genDependencies : Invalid condition id : UX DEVICE CLASS RTOS Condition cause : null
2023-11-13 21:01:08,841 [WARN] ConditionMgr:1039 - genDependencies : Invalid condition id : UX DEVICE CLASS RTOS Condition cause : null
2023-11-13 21:01:08,848 [WARN] PackLoader:240 - Cannot read IP mode file for STMicroelectronics.X-CUBE-SUBG2.5.0.0
2023-11-13 21:01:08,858 [WARN] PackLoader:240 - Cannot read IP mode file for STMicroelectronics.X-CUBE-TOF1.3.3.1
2023-11-13 21:01:08,874 [WARN] PackLoader:240 - Cannot read IP mode file for STMicroelectronics.X-CUBE-AZRTOS-G4.2.0.0
2023-11-13 21:01:08,884 [WARN] PackLoader:240 - Cannot read IP mode file for Infineon.AIROC-Wi-Fi-Bluetooth-STM32.1.5.1
2023-11-13 21:01:08,889 [WARN] PackLoader:240 - Cannot read IP mode file for STMicroelectronics.FP-SNS-MOTENVWB1.1.3.0
2023-11-13 21:01:08,915 [WARN] PackLoader:240 - Cannot read IP mode file for STMicroelectronics.X-CUBE-MEMS1.10.0.0
2023-11-13 21:01:09,050 [WARN] PackLoader:240 - Cannot read IP mode file for STMicroelectronics.X-CUBE-FREERTOS.1.1.0
2023-11-13 21:01:09,053 [WARN] PackLoader:240 - Cannot read IP mode file for portGmbH.I-Cube-SoM-uGOAL.1.1.0
2023-11-13 21:01:09,056 [WARN] PackLoader:240 - Cannot read IP mode file for STMicroelectronics.X-CUBE-ALS.1.0.1
2023-11-13 21:01:09,059 [WARN] PackLoader:240 - Cannot read IP mode file for STMicroelectronics.FP-ATR-ASTRA1.2.0.0
2023-11-13 21:01:09,059 [INFO] ThirdParty:978 - Integrity check success = true
2023-11-13 21:01:09,059 [INFO] IntegrityCheckThread:100 - exiting critical section [integrity check]
2023-11-13 21:01:09,059 [INFO] IntegrityCheckThread:103 - End integrity checks thread
2023-11-13 21:01:09,079 [INFO] WebApp:753 - Register for checkConnection events
2023-11-13 21:01:09,080 [INFO] WebApp:390 - Apply proxy settings
2023-11-13 21:01:09,085 [INFO] WebApp:455 - Chromium authenticates against System proxy
2023-11-13 21:01:09,281 [INFO] WebApp:188 - Starting web application
2023-11-13 21:01:09,281 [INFO] WebApp:520 - Web application path used /Applications/STM32CubeIDE.app/Contents/Eclipse/plugins/com.st.stm32cube.common.mx_6.9.2.202309101412/db/plugins/mcufinder/reactClient1/index.html
2023-11-13 21:01:30,077 [ERROR] LogOutputStream:75 - [STDERR_REDIRECT] SLF4J: Failed to load class "org.slf4j.impl.StaticLoggerBinder".
2023-11-13 21:01:30,078 [ERROR] LogOutputStream:75 - [STDERR_REDIRECT] SLF4J: Defaulting to no-operation (NOP) logger implementation
2023-11-13 21:01:30,078 [ERROR] LogOutputStream:75 - [STDERR_REDIRECT] SLF4J: See http://www.slf4j.org/codes.html#StaticLoggerBinder for further details.
2023-11-13 21:02:58,350 [ERROR] LogOutputStream:75 - [STDERR_REDIRECT] 
