2023-10-23 18:33:56,658 [INFO] Activator:176 - 


2023-10-23 18:33:56,664 [INFO] Activator:177 - !SESSION log4j initialized
2023-10-23 18:33:59,715 [ERROR] LogOutputStream:75 - [STDERR_REDIRECT] 
2023-10-23 18:34:00,217 [INFO] LogOutputStream:77 - [STDOUT_REDIRECT] 
2023-10-23 18:34:02,806 [INFO] LogOutputStream:77 - [STDOUT_REDIRECT] 
2023-10-23 18:34:04,767 [INFO] ApplicationProperties:184 - Using Application install path: /Applications/STM32CubeIDE.app/Contents/Eclipse/plugins/com.st.stm32cube.common.mx_6.9.2.202309101412
2023-10-23 18:34:04,783 [INFO] DbMcusXml:78 - Set database path to: /Applications/STM32CubeIDE.app/Contents/Eclipse/plugins/com.st.stm32cube.common.mx_6.9.2.202309101412//db//mcu/
2023-10-23 18:34:04,784 [INFO] ApiDb:274 - Set plugin database path to: /Applications/STM32CubeIDE.app/Contents/Eclipse/plugins/com.st.stm32cube.common.mx_6.9.2.202309101412//db//plugins/boardmanager/
2023-10-23 18:34:04,784 [WARN] ApiDb:259 - Overriding images path with different value:  => /Applications/STM32CubeIDE.app/Contents/Eclipse/plugins/com.st.stm32cube.common.mx_6.9.2.202309101412//db//plugins/mcufinder/images/
2023-10-23 18:34:04,800 [INFO] ApiDb:250 - Set database path to: /Users/hollerller/.stmcufinder/plugins/mcufinder//mcu/
2023-10-23 18:34:04,802 [INFO] DbMcusAds:125 - Set database path to: /Users/hollerller/.stmcufinder/plugins/mcufinder//mcu/
2023-10-23 18:34:04,804 [INFO] CrossReferenceDbSqlite:203 - Set database path to: /Users/hollerller/.stmcufinder/plugins/mcufinder//mcu/cs/
2023-10-23 18:34:04,910 [INFO] RulesReader:64 - Compatibility file has been processed (293 Rules)
2023-10-23 18:34:04,972 [INFO] DbMcusXml:78 - Set database path to: /Applications/STM32CubeIDE.app/Contents/Eclipse/plugins/com.st.stm32cube.common.mx_6.9.2.202309101412//db//mcu/
2023-10-23 18:34:04,973 [INFO] ApiDb:274 - Set plugin database path to: /Applications/STM32CubeIDE.app/Contents/Eclipse/plugins/com.st.stm32cube.common.mx_6.9.2.202309101412//db//plugins/boardmanager/
2023-10-23 18:34:04,973 [INFO] ApiDb:261 - Set plugin images path to: /Applications/STM32CubeIDE.app/Contents/Eclipse/plugins/com.st.stm32cube.common.mx_6.9.2.202309101412//db//plugins/mcufinder/images/
2023-10-23 18:34:04,973 [WARN] DbFile:41 - Overriding database path with different value: /Users/hollerller/.stmcufinder/plugins/mcufinder/ => /Users/hollerller/.stmcufinder/plugins/mcufinder
2023-10-23 18:34:04,973 [INFO] ApiDb:250 - Set database path to: /Users/hollerller/.stmcufinder/plugins/mcufinder//mcu/
2023-10-23 18:34:04,973 [WARN] DbFile:41 - Overriding database path with different value: /Users/hollerller/.stmcufinder/plugins/mcufinder/ => /Users/hollerller/.stmcufinder/plugins/mcufinder
2023-10-23 18:34:04,973 [INFO] DbMcusAds:125 - Set database path to: /Users/hollerller/.stmcufinder/plugins/mcufinder//mcu/
2023-10-23 18:34:04,973 [WARN] DbFile:41 - Overriding database path with different value: /Users/hollerller/.stmcufinder/plugins/mcufinder/ => /Users/hollerller/.stmcufinder/plugins/mcufinder
2023-10-23 18:34:04,973 [WARN] DbFile:41 - Overriding database path with different value: /Users/hollerller/.stmcufinder/plugins/mcufinder/ => /Users/hollerller/.stmcufinder/plugins/mcufinder
2023-10-23 18:34:04,973 [INFO] CrossReferenceDbSqlite:203 - Set database path to: /Users/hollerller/.stmcufinder/plugins/mcufinder//mcu/cs/
2023-10-23 18:34:05,046 [INFO] MainPanel:262 - HeapMemory: 268435456
2023-10-23 18:34:05,137 [INFO] DbMcusXml:78 - Set database path to: /Applications/STM32CubeIDE.app/Contents/Eclipse/plugins/com.st.stm32cube.common.mx_6.9.2.202309101412//db//mcu/
2023-10-23 18:34:05,137 [INFO] ApiDb:274 - Set plugin database path to: /Applications/STM32CubeIDE.app/Contents/Eclipse/plugins/com.st.stm32cube.common.mx_6.9.2.202309101412//db//plugins/boardmanager/
2023-10-23 18:34:05,137 [INFO] ApiDb:261 - Set plugin images path to: /Applications/STM32CubeIDE.app/Contents/Eclipse/plugins/com.st.stm32cube.common.mx_6.9.2.202309101412//db//plugins/mcufinder/images/
2023-10-23 18:34:05,138 [WARN] DbFile:41 - Overriding database path with different value: /Users/hollerller/.stmcufinder/plugins/mcufinder/ => /Users/hollerller/.stmcufinder/plugins/mcufinder
2023-10-23 18:34:05,138 [INFO] ApiDb:250 - Set database path to: /Users/hollerller/.stmcufinder/plugins/mcufinder//mcu/
2023-10-23 18:34:05,138 [WARN] DbFile:41 - Overriding database path with different value: /Users/hollerller/.stmcufinder/plugins/mcufinder/ => /Users/hollerller/.stmcufinder/plugins/mcufinder
2023-10-23 18:34:05,138 [INFO] DbMcusAds:125 - Set database path to: /Users/hollerller/.stmcufinder/plugins/mcufinder//mcu/
2023-10-23 18:34:05,138 [WARN] DbFile:41 - Overriding database path with different value: /Users/hollerller/.stmcufinder/plugins/mcufinder/ => /Users/hollerller/.stmcufinder/plugins/mcufinder
2023-10-23 18:34:05,138 [WARN] DbFile:41 - Overriding database path with different value: /Users/hollerller/.stmcufinder/plugins/mcufinder/ => /Users/hollerller/.stmcufinder/plugins/mcufinder
2023-10-23 18:34:05,139 [INFO] CrossReferenceDbSqlite:203 - Set database path to: /Users/hollerller/.stmcufinder/plugins/mcufinder//mcu/cs/
2023-10-23 18:34:05,155 [INFO] ApplicationProperties:184 - Using Application install path: /Applications/STM32CubeIDE.app/Contents/Eclipse/plugins/com.st.stm32cube.common.mx_6.9.2.202309101412
2023-10-23 18:34:05,156 [INFO] PluginManage:196 - Search for loadable plugins [exclusion list=, ]
2023-10-23 18:34:05,157 [INFO] PluginManage:310 - Check plugin analytics
2023-10-23 18:34:05,314 [INFO] AnalyticsPlugin:253 - Accepted Software Licenses: 
2023-10-23 18:34:05,315 [INFO] AnalyticsPlugin:255 - Accepted CMSIS Pack Licenses: 
2023-10-23 18:34:05,315 [INFO] AnalyticsPlugin:257 - Accepted Firmware Licenses: FW.F4.1.27.0
2023-10-23 18:34:05,317 [INFO] PluginManage:359 - Loaded plugin analytics (category:tool,tabindex:-1)
2023-10-23 18:34:05,317 [INFO] PluginManage:310 - Check plugin cadmodel
2023-10-23 18:34:06,141 [INFO] CADModel:105 - Init CAD model plugin
2023-10-23 18:34:06,141 [INFO] PluginManage:359 - Loaded plugin cadmodel (category:power,tabindex:5)
2023-10-23 18:34:06,141 [INFO] PluginManage:310 - Check plugin clock
2023-10-23 18:34:06,152 [INFO] PluginManage:359 - Loaded plugin clock (category:base,tabindex:2)
2023-10-23 18:34:06,152 [INFO] PluginManage:310 - Check plugin ddr
2023-10-23 18:34:06,155 [INFO] PluginManage:359 - Loaded plugin ddr (category:tool,tabindex:6)
2023-10-23 18:34:06,155 [INFO] PluginManage:310 - Check plugin filemanager
2023-10-23 18:34:06,272 [INFO] PluginManage:359 - Loaded plugin filemanager (category:base,tabindex:10)
2023-10-23 18:34:06,273 [INFO] PluginManage:310 - Check plugin ipmanager
2023-10-23 18:34:06,279 [INFO] PluginManage:359 - Loaded plugin ipmanager (category:base,tabindex:5)
2023-10-23 18:34:06,279 [INFO] PluginManage:310 - Check plugin lpbam
2023-10-23 18:34:06,288 [INFO] PluginManage:359 - Loaded plugin lpbam (category:base,tabindex:0)
2023-10-23 18:34:06,288 [INFO] PluginManage:310 - Check plugin memorymap
2023-10-23 18:34:06,301 [INFO] PluginManage:359 - Loaded plugin memorymap (category:base,tabindex:4)
2023-10-23 18:34:06,301 [INFO] PluginManage:310 - Check plugin pinoutandconfiguration
2023-10-23 18:34:06,321 [INFO] PluginManage:359 - Loaded plugin pinoutandconfiguration (category:base,tabindex:1)
2023-10-23 18:34:06,321 [INFO] PluginManage:310 - Check plugin pinoutconfig
2023-10-23 18:34:06,421 [WARN] SupportedApi:132 - Cannot load RTOS API schema: s4s-elt-must-match.1: The content of 'definitions' must match (annotation?, (simpleType | complexType)?, (unique | key | keyref)*)). A problem was found starting at: attribute.
2023-10-23 18:34:06,539 [INFO] PluginManage:359 - Loaded plugin pinoutconfig (category:base,tabindex:0)
2023-10-23 18:34:06,539 [INFO] PluginManage:310 - Check plugin power
2023-10-23 18:34:06,549 [INFO] PluginManage:359 - Loaded plugin power (category:power,tabindex:4)
2023-10-23 18:34:06,549 [INFO] PluginManage:310 - Check plugin projectmanager
2023-10-23 18:34:06,560 [INFO] PluginManage:359 - Loaded plugin projectmanager (category:projectmanager,tabindex:3)
2023-10-23 18:34:06,560 [INFO] PluginManage:310 - Check plugin thirdparty
2023-10-23 18:34:06,674 [INFO] PluginManage:359 - Loaded plugin thirdparty (category:base,tabindex:-1)
2023-10-23 18:34:06,674 [WARN] IntegrityCheckThread:84 - waiting for thirdparty lock release [integrity check]
2023-10-23 18:34:06,674 [INFO] PluginManage:310 - Check plugin tools
2023-10-23 18:34:06,674 [INFO] IntegrityCheckThread:86 - entering critical section [integrity check]
2023-10-23 18:34:06,674 [INFO] ThirdPartyUpdaterWithRetryManager:70 - Updater plugin not ready yet. [1/15]
2023-10-23 18:34:06,676 [INFO] PluginManage:359 - Loaded plugin tools (category:base,tabindex:7)
2023-10-23 18:34:06,676 [INFO] PluginManage:310 - Check plugin tutovideos
2023-10-23 18:34:06,832 [INFO] PluginManage:359 - Loaded plugin tutovideos (category:base,tabindex:-1)
2023-10-23 18:34:06,832 [INFO] PluginManage:310 - Check plugin updater
2023-10-23 18:34:06,843 [INFO] PluginManage:359 - Loaded plugin updater (category:base,tabindex:12)
2023-10-23 18:34:06,843 [INFO] PluginManage:310 - Check plugin userauth
2023-10-23 18:34:06,848 [INFO] UserAuth:113 - Init User Auth plugin
2023-10-23 18:34:06,848 [INFO] PluginManage:359 - Loaded plugin userauth (category:base,tabindex:14)
2023-10-23 18:34:06,848 [INFO] PluginManage:283 - PluginManage : Loaded plugins [17]
2023-10-23 18:34:07,019 [INFO] PinOutPanel:1499 - setPackage(No Configuration,No Configuration)
2023-10-23 18:34:07,099 [INFO] CADModel:165 - CPN selected for project level
2023-10-23 18:34:07,100 [INFO] CADModel:114 - Register for checkConnection events
2023-10-23 18:34:07,112 [INFO] IPUIPlugin:80 - create IPUIPlugin
2023-10-23 18:34:07,112 [INFO] PluginManager:220 - loadIPPluginJar : add mdma
2023-10-23 18:34:07,119 [INFO] IPUIPlugin:80 - create IPUIPlugin
2023-10-23 18:34:07,119 [INFO] PluginManager:220 - loadIPPluginJar : add freertos
2023-10-23 18:34:07,124 [INFO] IPUIPlugin:80 - create IPUIPlugin
2023-10-23 18:34:07,125 [INFO] PluginManager:220 - loadIPPluginJar : add gic
2023-10-23 18:34:07,132 [INFO] IPUIPlugin:80 - create IPUIPlugin
2023-10-23 18:34:07,133 [INFO] PluginManager:220 - loadIPPluginJar : add adc
2023-10-23 18:34:07,135 [INFO] IPUIPlugin:80 - create IPUIPlugin
2023-10-23 18:34:07,135 [INFO] PluginManager:220 - loadIPPluginJar : add gtzc
2023-10-23 18:34:07,137 [INFO] IPUIPlugin:80 - create IPUIPlugin
2023-10-23 18:34:07,137 [INFO] PluginManager:220 - loadIPPluginJar : add quadspi
2023-10-23 18:34:07,139 [INFO] IPUIPlugin:80 - create IPUIPlugin
2023-10-23 18:34:07,139 [INFO] PluginManager:220 - loadIPPluginJar : add aes
2023-10-23 18:34:07,142 [INFO] IPUIPlugin:80 - create IPUIPlugin
2023-10-23 18:34:07,142 [INFO] PluginManager:220 - loadIPPluginJar : add pdm2pcm
2023-10-23 18:34:07,144 [INFO] IPUIPlugin:80 - create IPUIPlugin
2023-10-23 18:34:07,144 [INFO] PluginManager:220 - loadIPPluginJar : add hash
2023-10-23 18:34:07,145 [INFO] IPUIPlugin:80 - create IPUIPlugin
2023-10-23 18:34:07,145 [INFO] PluginManager:220 - loadIPPluginJar : add tim
2023-10-23 18:34:07,147 [INFO] IPUIPlugin:80 - create IPUIPlugin
2023-10-23 18:34:07,147 [INFO] PluginManager:220 - loadIPPluginJar : add tsc
2023-10-23 18:34:07,149 [INFO] IPUIPlugin:80 - create IPUIPlugin
2023-10-23 18:34:07,149 [INFO] PluginManager:220 - loadIPPluginJar : add ts
2023-10-23 18:34:07,151 [INFO] IPUIPlugin:80 - create IPUIPlugin
2023-10-23 18:34:07,151 [INFO] PluginManager:220 - loadIPPluginJar : add can
2023-10-23 18:34:07,154 [INFO] IPUIPlugin:80 - create IPUIPlugin
2023-10-23 18:34:07,154 [INFO] PluginManager:220 - loadIPPluginJar : add dma3
2023-10-23 18:34:07,156 [INFO] IPUIPlugin:80 - create IPUIPlugin
2023-10-23 18:34:07,156 [INFO] PluginManager:220 - loadIPPluginJar : add dfsdm
2023-10-23 18:34:07,158 [INFO] IPUIPlugin:80 - create IPUIPlugin
2023-10-23 18:34:07,158 [INFO] PluginManager:220 - loadIPPluginJar : add spi
2023-10-23 18:34:07,160 [INFO] IPUIPlugin:80 - create IPUIPlugin
2023-10-23 18:34:07,160 [INFO] PluginManager:220 - loadIPPluginJar : add gfxmmu
2023-10-23 18:34:07,162 [INFO] IPUIPlugin:80 - create IPUIPlugin
2023-10-23 18:34:07,162 [INFO] PluginManager:220 - loadIPPluginJar : add genericplugin
2023-10-23 18:34:07,164 [INFO] IPUIPlugin:80 - create IPUIPlugin
2023-10-23 18:34:07,164 [INFO] PluginManager:220 - loadIPPluginJar : add cryp
2023-10-23 18:34:07,167 [INFO] IPUIPlugin:80 - create IPUIPlugin
2023-10-23 18:34:07,167 [INFO] PluginManager:220 - loadIPPluginJar : add gpio
2023-10-23 18:34:07,168 [INFO] IPUIPlugin:80 - create IPUIPlugin
2023-10-23 18:34:07,169 [INFO] PluginManager:220 - loadIPPluginJar : add comp
2023-10-23 18:34:07,170 [INFO] IPUIPlugin:80 - create IPUIPlugin
2023-10-23 18:34:07,170 [INFO] PluginManager:220 - loadIPPluginJar : add tracer_emb
2023-10-23 18:34:07,173 [INFO] IPUIPlugin:80 - create IPUIPlugin
2023-10-23 18:34:07,173 [INFO] PluginManager:220 - loadIPPluginJar : add openamp
2023-10-23 18:34:07,177 [INFO] IPUIPlugin:80 - create IPUIPlugin
2023-10-23 18:34:07,177 [INFO] PluginManager:220 - loadIPPluginJar : add stm32_wpan
2023-10-23 18:34:07,182 [INFO] IPUIPlugin:80 - create IPUIPlugin
2023-10-23 18:34:07,184 [INFO] PluginManager:220 - loadIPPluginJar : add plateformsettings
2023-10-23 18:34:07,188 [INFO] IPUIPlugin:80 - create IPUIPlugin
2023-10-23 18:34:07,188 [INFO] PluginManager:220 - loadIPPluginJar : add ipddr
2023-10-23 18:34:07,190 [INFO] IPUIPlugin:80 - create IPUIPlugin
2023-10-23 18:34:07,190 [INFO] PluginManager:220 - loadIPPluginJar : add usart
2023-10-23 18:34:07,191 [INFO] IPUIPlugin:80 - create IPUIPlugin
2023-10-23 18:34:07,191 [INFO] PluginManager:220 - loadIPPluginJar : add ltdc
2023-10-23 18:34:07,194 [INFO] IPUIPlugin:80 - create IPUIPlugin
2023-10-23 18:34:07,195 [INFO] PluginManager:220 - loadIPPluginJar : add nvic
2023-10-23 18:34:07,196 [INFO] IPUIPlugin:80 - create IPUIPlugin
2023-10-23 18:34:07,196 [INFO] PluginManager:220 - loadIPPluginJar : add fatfs
2023-10-23 18:34:07,202 [INFO] IPUIPlugin:80 - create IPUIPlugin
2023-10-23 18:34:07,202 [INFO] PluginManager:220 - loadIPPluginJar : add linkedlist
2023-10-23 18:34:07,206 [INFO] IPUIPlugin:80 - create IPUIPlugin
2023-10-23 18:34:07,206 [INFO] PluginManager:220 - loadIPPluginJar : add dma
2023-10-23 18:34:07,210 [INFO] IPUIPlugin:80 - create IPUIPlugin
2023-10-23 18:34:07,210 [INFO] PluginManager:220 - loadIPPluginJar : add fmc
2023-10-23 18:34:07,212 [INFO] IPUIPlugin:80 - create IPUIPlugin
2023-10-23 18:34:07,212 [INFO] PluginManager:220 - loadIPPluginJar : add i2s
2023-10-23 18:34:07,213 [INFO] IPUIPlugin:80 - create IPUIPlugin
2023-10-23 18:34:07,214 [INFO] PluginManager:220 - loadIPPluginJar : add ucpd
2023-10-23 18:34:07,215 [INFO] IPUIPlugin:80 - create IPUIPlugin
2023-10-23 18:34:07,215 [INFO] PluginManager:220 - loadIPPluginJar : add lorawan
2023-10-23 18:34:07,217 [INFO] IPUIPlugin:80 - create IPUIPlugin
2023-10-23 18:34:07,218 [INFO] PluginManager:220 - loadIPPluginJar : add opamp
2023-10-23 18:34:07,220 [INFO] IPUIPlugin:80 - create IPUIPlugin
2023-10-23 18:34:07,220 [INFO] PluginManager:220 - loadIPPluginJar : add i3c
2023-10-23 18:34:07,222 [INFO] IPUIPlugin:80 - create IPUIPlugin
2023-10-23 18:34:07,222 [INFO] PluginManager:220 - loadIPPluginJar : add touchsensing
2023-10-23 18:34:07,224 [INFO] IPUIPlugin:80 - create IPUIPlugin
2023-10-23 18:34:07,224 [INFO] PluginManager:220 - loadIPPluginJar : add i2c
2023-10-23 18:34:07,228 [INFO] IPUIPlugin:80 - create IPUIPlugin
2023-10-23 18:34:07,228 [INFO] PluginManager:220 - loadIPPluginJar : add resmgrutility
2023-10-23 18:34:07,230 [INFO] IPUIPlugin:80 - create IPUIPlugin
2023-10-23 18:34:07,230 [INFO] PluginManager:220 - loadIPPluginJar : add sai
2023-10-23 18:34:07,232 [INFO] IPUIPlugin:80 - create IPUIPlugin
2023-10-23 18:34:07,233 [INFO] PluginManager:220 - loadIPPluginJar : add usbx
2023-10-23 18:34:07,330 [INFO] CADModel:165 - CPN selected for project level
2023-10-23 18:34:07,330 [INFO] CADModel:114 - Register for checkConnection events
2023-10-23 18:34:07,330 [FATAL] Updater:308 - Updater called before beeing initialized
2023-10-23 18:34:07,330 [ERROR] CADModel:125 - Updater not yet initialized, retry later 
2023-10-23 18:34:07,500 [INFO] CADModel:165 - CPN selected for project level
2023-10-23 18:34:07,501 [INFO] CADModel:114 - Register for checkConnection events
2023-10-23 18:34:07,501 [FATAL] Updater:308 - Updater called before beeing initialized
2023-10-23 18:34:07,501 [ERROR] CADModel:125 - Updater not yet initialized, retry later 
2023-10-23 18:34:07,504 [FATAL] Updater:308 - Updater called before beeing initialized
2023-10-23 18:34:07,571 [FATAL] Updater:308 - Updater called before beeing initialized
2023-10-23 18:34:07,576 [INFO] DbMcusAds:53 - JSON generation date=Tue Mar 07 03:50:55 COT 2023 (1678179055114)
2023-10-23 18:34:07,576 [FATAL] Updater:308 - Updater called before beeing initialized
2023-10-23 18:34:07,650 [WARN] DetailPanel:346 - Failed to get advertising image, set to default
2023-10-23 18:34:07,737 [FATAL] Updater:308 - Updater called before beeing initialized
2023-10-23 18:34:07,739 [FATAL] Updater:308 - Updater called before beeing initialized
2023-10-23 18:34:07,740 [FATAL] Updater:308 - Updater called before beeing initialized
2023-10-23 18:34:07,740 [WARN] DetailPanel:346 - Failed to get advertising image, set to default
2023-10-23 18:34:07,740 [FATAL] Updater:308 - Updater called before beeing initialized
2023-10-23 18:34:07,764 [ERROR] Updater:1120 - MainUpdater not yet initialized. External WinMGr cannot be set.
2023-10-23 18:34:07,785 [INFO] Updater:1056 - Updater Version found : 6.9.2
2023-10-23 18:34:07,801 [INFO] ApplicationProperties:184 - Using Application install path: /Applications/STM32CubeIDE.app/Contents/Eclipse/plugins/com.st.stm32cube.common.mx_6.9.2.202309101412
2023-10-23 18:34:08,415 [INFO] MainUpdater:2868 - connection check result : 10
2023-10-23 18:34:08,416 [INFO] MainUpdater:3562 - Updater definition file requires update
2023-10-23 18:34:08,417 [INFO] MainUpdater:285 - Updater Check For Update Now.
2023-10-23 18:34:08,417 [INFO] MicroXplorer:498 - Change Database Version : DB.6.0.92
2023-10-23 18:34:08,424 [INFO] McuFinderGlobals:63 - Set McuFinder mode to 2 (CubeIDE integrated)
2023-10-23 18:34:08,425 [INFO] UserAuth:179 - activating auth plugin
2023-10-23 18:34:08,427 [INFO] UserAuth:393 - Internet connection configuration mode: 1
2023-10-23 18:34:08,446 [INFO] JxBrowserEngine:151 - Initiate JxBrowser Engine with user profile folder
2023-10-23 18:34:09,502 [INFO] ServerAccessManage:473 - Download File updaters.zip
2023-10-23 18:34:09,675 [WARN] MainUpdater:1189 - Updater busy. Cannot search thirdparties
2023-10-23 18:34:09,676 [INFO] ThirdPartyUpdaterWithRetryManager:96 - Updater plugin is busy. [1/15]
2023-10-23 18:34:10,150 [INFO] FileExtend:240 - Unzip File : updaters.zip
2023-10-23 18:34:10,150 [INFO] FileExtend:255 - Standard Zip Deflate
2023-10-23 18:34:10,604 [INFO] ServerAccessManage:473 - Download File PacksControlFlags.xml
2023-10-23 18:34:10,798 [INFO] WebApp:157 - Instantiating new browser for Auth
2023-10-23 18:34:11,163 [INFO] ServerAccessManage:473 - Download File cubemx.pidx
2023-10-23 18:34:11,439 [INFO] LoadServerUpdatesThread:373 - End of LoadServerUpdate Thread
2023-10-23 18:34:11,596 [INFO] CheckServerUpdateThread:120 - End of CheckServer Thread
2023-10-23 18:34:11,871 [INFO] WebApp:753 - Register for checkConnection events
2023-10-23 18:34:11,871 [INFO] WebApp:390 - Apply proxy settings
2023-10-23 18:34:11,875 [INFO] WebApp:455 - Chromium authenticates against System proxy
2023-10-23 18:34:12,118 [INFO] WebApp:188 - Starting web application
2023-10-23 18:34:12,119 [INFO] WebApp:520 - Web application path used /Applications/STM32CubeIDE.app/Contents/Eclipse/plugins/com.st.stm32cube.common.mx_6.9.2.202309101412/db/plugins/mcufinder/reactClient1/index.html
2023-10-23 18:34:12,806 [WARN] PackLoader:240 - Cannot read IP mode file for STMicroelectronics.X-CUBE-SMBUS.2.1.0
2023-10-23 18:34:12,837 [WARN] PackLoader:240 - Cannot read IP mode file for STMicroelectronics.X-CUBE-AZRTOS-F7.1.1.0
2023-10-23 18:34:12,852 [WARN] PackLoader:240 - Cannot read IP mode file for STMicroelectronics.FP-SNS-MOTENV1.4.3.2
2023-10-23 18:34:12,860 [WARN] PackLoader:240 - Cannot read IP mode file for STMicroelectronics.FP-SNS-FLIGHT1.5.0.2
2023-10-23 18:34:12,869 [WARN] PackLoader:240 - Cannot read IP mode file for STMicroelectronics.X-CUBE-DISPLAY.3.0.0
2023-10-23 18:34:12,881 [WARN] PackLoader:240 - Cannot read IP mode file for STMicroelectronics.X-CUBE-BLE1.7.0.0
2023-10-23 18:34:12,886 [WARN] PackLoader:240 - Cannot read IP mode file for emotas.I-CUBE-CANOPEN.1.3.0
2023-10-23 18:34:12,890 [WARN] PackLoader:240 - Cannot read IP mode file for STMicroelectronics.X-CUBE-TOUCHGFX.4.22.1
2023-10-23 18:34:12,895 [WARN] PackLoader:240 - Cannot read IP mode file for STMicroelectronics.FP-SNS-SMARTAG2.1.2.0
2023-10-23 18:34:12,906 [INFO] LogOutputStream:77 - [STDOUT_REDIRECT] 1 : Invalid condition id : UX_CORESTACK_Condition cause : null
2023-10-23 18:34:12,907 [INFO] LogOutputStream:77 - [STDOUT_REDIRECT] 1 : Invalid condition id : UX_CORESTACK_Condition cause : null
2023-10-23 18:34:12,907 [INFO] LogOutputStream:77 - [STDOUT_REDIRECT] 1 : Invalid condition id : UX_CORESTACK_Condition cause : null
2023-10-23 18:34:12,907 [INFO] LogOutputStream:77 - [STDOUT_REDIRECT] 1 : Invalid condition id : UX_CORESTACK_Condition cause : null
2023-10-23 18:34:12,907 [INFO] LogOutputStream:77 - [STDOUT_REDIRECT] 1 : Invalid condition id : UX_CORESTACK_Condition cause : null
2023-10-23 18:34:12,915 [WARN] PackLoader:240 - Cannot read IP mode file for STMicroelectronics.X-CUBE-AZRTOS-WL.2.0.0
2023-10-23 18:34:12,924 [WARN] PackLoader:240 - Cannot read IP mode file for WES.I-CUBE-Cesium.1.3.0
2023-10-23 18:34:12,928 [WARN] PackLoader:240 - Cannot read IP mode file for STMicroelectronics.X-CUBE-BLE2.3.3.0
2023-10-23 18:34:12,935 [WARN] PackLoader:240 - Cannot read IP mode file for STMicroelectronics.X-CUBE-ALGOBUILD.1.3.0
2023-10-23 18:34:12,958 [WARN] PackLoader:240 - Cannot read IP mode file for STMicroelectronics.X-CUBE-AZRTOS-G0.1.1.0
2023-10-23 18:34:12,966 [WARN] PackLoader:240 - Cannot read IP mode file for STMicroelectronics.X-CUBE-NFC4.3.0.0
2023-10-23 18:34:12,971 [WARN] PackLoader:240 - Cannot read IP mode file for STMicroelectronics.FP-ATR-SIGFOX1.3.2.0
2023-10-23 18:34:13,014 [WARN] PackLoader:240 - Cannot read IP mode file for SEGGER.I-CUBE-embOS.1.3.1
2023-10-23 18:34:13,076 [WARN] PackLoader:240 - Cannot read IP mode file for STMicroelectronics.X-CUBE-GNSS1.6.0.0
2023-10-23 18:34:13,099 [WARN] PackLoader:240 - Cannot read IP mode file for STMicroelectronics.X-CUBE-AZRTOS-F4.1.1.0
2023-10-23 18:34:13,106 [WARN] PackLoader:240 - Cannot read IP mode file for wolfSSL.I-CUBE-wolfSSL.5.6.3
2023-10-23 18:34:13,127 [WARN] PackLoader:240 - Cannot read IP mode file for STMicroelectronics.X-CUBE-AZRTOS-L5.2.0.0
2023-10-23 18:34:13,137 [WARN] PackLoader:240 - Cannot read IP mode file for ITTIA_DB.I-CUBE-ITTIADB.8.8.0
2023-10-23 18:34:13,144 [WARN] PackLoader:240 - Cannot read IP mode file for STMicroelectronics.X-CUBE-BLEMGR.2.0.0
2023-10-23 18:34:13,162 [WARN] ConditionMgr:438 - getConditionDescription Invalid condition id : UX DEVICE CLASS RTOS Condition cause : null
2023-10-23 18:34:13,162 [WARN] ConditionMgr:438 - getConditionDescription Invalid condition id : UX DEVICE CLASS RTOS Condition cause : null
2023-10-23 18:34:13,166 [WARN] PackLoader:240 - Cannot read IP mode file for STMicroelectronics.X-CUBE-AZRTOS-H7.3.1.0
2023-10-23 18:34:13,167 [WARN] ConditionMgr:1039 - genDependencies : Invalid condition id : UX DEVICE CLASS RTOS Condition cause : null
2023-10-23 18:34:13,167 [WARN] ConditionMgr:1039 - genDependencies : Invalid condition id : UX DEVICE CLASS RTOS Condition cause : null
2023-10-23 18:34:13,168 [WARN] ConditionMgr:1039 - genDependencies : Invalid condition id : UX DEVICE CLASS RTOS Condition cause : null
2023-10-23 18:34:13,168 [WARN] ConditionMgr:1039 - genDependencies : Invalid condition id : UX DEVICE CLASS RTOS Condition cause : null
2023-10-23 18:34:13,168 [WARN] ConditionMgr:1039 - genDependencies : Invalid condition id : UX DEVICE CLASS RTOS Condition cause : null
2023-10-23 18:34:13,173 [WARN] PackLoader:240 - Cannot read IP mode file for STMicroelectronics.X-CUBE-NFC7.1.0.1
2023-10-23 18:34:13,179 [WARN] PackLoader:240 - Cannot read IP mode file for STMicroelectronics.X-CUBE-NFC6.3.0.0
2023-10-23 18:34:13,184 [WARN] PackLoader:240 - Cannot read IP mode file for STMicroelectronics.X-CUBE-EEPRMA1.4.1.0
2023-10-23 18:34:13,188 [WARN] PackLoader:240 - Cannot read IP mode file for STMicroelectronics.X-CUBE-AI.8.1.0
2023-10-23 18:34:13,203 [WARN] ConditionMgr:438 - getConditionDescription Invalid condition id : LAN8742 Phy interface Condition cause : null
2023-10-23 18:34:13,203 [WARN] PackLoader:240 - Cannot read IP mode file for STMicroelectronics.X-CUBE-AZRTOS-L4.2.0.0
2023-10-23 18:34:13,204 [WARN] ConditionMgr:1039 - genDependencies : Invalid condition id : LAN8742 Phy interface Condition cause : null
2023-10-23 18:34:13,204 [WARN] ConditionMgr:1039 - genDependencies : Invalid condition id : LAN8742 Phy interface Condition cause : null
2023-10-23 18:34:13,205 [WARN] ConditionMgr:1039 - genDependencies : Invalid condition id : LAN8742 Phy interface Condition cause : null
2023-10-23 18:34:13,210 [WARN] PackLoader:240 - Cannot read IP mode file for STMicroelectronics.X-CUBE-SFXS2LP1.4.0.0
2023-10-23 18:34:13,214 [WARN] PackLoader:240 - Cannot read IP mode file for STMicroelectronics.X-CUBE-ISPU.1.1.0
2023-10-23 18:34:13,225 [WARN] ConditionMgr:438 - getConditionDescription Invalid condition id : UX DEVICE CLASS RTOS Condition cause : null
2023-10-23 18:34:13,225 [WARN] ConditionMgr:438 - getConditionDescription Invalid condition id : UX DEVICE CLASS RTOS Condition cause : null
2023-10-23 18:34:13,227 [WARN] PackLoader:240 - Cannot read IP mode file for STMicroelectronics.X-CUBE-AZRTOS-WB.2.0.0
2023-10-23 18:34:13,228 [WARN] ConditionMgr:1039 - genDependencies : Invalid condition id : UX DEVICE CLASS RTOS Condition cause : null
2023-10-23 18:34:13,228 [WARN] ConditionMgr:1039 - genDependencies : Invalid condition id : UX DEVICE CLASS RTOS Condition cause : null
2023-10-23 18:34:13,229 [WARN] ConditionMgr:1039 - genDependencies : Invalid condition id : UX DEVICE CLASS RTOS Condition cause : null
2023-10-23 18:34:13,229 [WARN] ConditionMgr:1039 - genDependencies : Invalid condition id : UX DEVICE CLASS RTOS Condition cause : null
2023-10-23 18:34:13,229 [WARN] ConditionMgr:1039 - genDependencies : Invalid condition id : UX DEVICE CLASS RTOS Condition cause : null
2023-10-23 18:34:13,237 [WARN] PackLoader:240 - Cannot read IP mode file for STMicroelectronics.X-CUBE-SUBG2.5.0.0
2023-10-23 18:34:13,250 [WARN] PackLoader:240 - Cannot read IP mode file for STMicroelectronics.X-CUBE-TOF1.3.3.1
2023-10-23 18:34:13,273 [WARN] PackLoader:240 - Cannot read IP mode file for STMicroelectronics.X-CUBE-AZRTOS-G4.2.0.0
2023-10-23 18:34:13,284 [WARN] PackLoader:240 - Cannot read IP mode file for Infineon.AIROC-Wi-Fi-Bluetooth-STM32.1.5.1
2023-10-23 18:34:13,328 [WARN] PackLoader:240 - Cannot read IP mode file for STMicroelectronics.X-CUBE-MEMS1.10.0.0
2023-10-23 18:34:13,481 [WARN] PackLoader:240 - Cannot read IP mode file for STMicroelectronics.X-CUBE-FREERTOS.1.1.0
2023-10-23 18:34:13,485 [WARN] PackLoader:240 - Cannot read IP mode file for portGmbH.I-Cube-SoM-uGOAL.1.1.0
2023-10-23 18:34:13,489 [WARN] PackLoader:240 - Cannot read IP mode file for STMicroelectronics.X-CUBE-ALS.1.0.1
2023-10-23 18:34:13,492 [WARN] PackLoader:240 - Cannot read IP mode file for STMicroelectronics.FP-ATR-ASTRA1.2.0.0
2023-10-23 18:34:13,492 [INFO] ThirdParty:978 - Integrity check success = true
2023-10-23 18:34:13,492 [INFO] IntegrityCheckThread:100 - exiting critical section [integrity check]
2023-10-23 18:34:13,492 [INFO] IntegrityCheckThread:103 - End integrity checks thread
2023-10-23 18:34:32,883 [ERROR] LogOutputStream:75 - [STDERR_REDIRECT] SLF4J: Failed to load class "org.slf4j.impl.StaticLoggerBinder".
2023-10-23 18:34:32,883 [ERROR] LogOutputStream:75 - [STDERR_REDIRECT] SLF4J: Defaulting to no-operation (NOP) logger implementation
2023-10-23 18:34:32,883 [ERROR] LogOutputStream:75 - [STDERR_REDIRECT] SLF4J: See http://www.slf4j.org/codes.html#StaticLoggerBinder for further details.
2023-10-23 18:35:39,302 [INFO] LogOutputStream:77 - [STDOUT_REDIRECT] Unexpected error loading extension: org.eclipse.equinox.p2.metadata.repository.compositeRepository
2023-10-23 18:35:39,303 [ERROR] LogOutputStream:75 - [STDERR_REDIRECT] java.lang.IllegalStateException: bundle org.eclipse.equinox.p2.repositoryis not started
2023-10-23 18:35:39,303 [ERROR] LogOutputStream:75 - [STDERR_REDIRECT] 	at org.eclipse.equinox.internal.p2.repository.Activator.getContext(Activator.java:65)
2023-10-23 18:35:39,304 [ERROR] LogOutputStream:75 - [STDERR_REDIRECT] 	at org.eclipse.equinox.internal.p2.repository.helpers.AbstractRepositoryManager.restoreFromSystemProperty(AbstractRepositoryManager.java:1013)
2023-10-23 18:35:39,304 [ERROR] LogOutputStream:75 - [STDERR_REDIRECT] 	at org.eclipse.equinox.internal.p2.repository.helpers.AbstractRepositoryManager.restoreRepositories(AbstractRepositoryManager.java:1033)
2023-10-23 18:35:39,304 [ERROR] LogOutputStream:75 - [STDERR_REDIRECT] 	at org.eclipse.equinox.internal.p2.repository.helpers.AbstractRepositoryManager.sortSuffixes(AbstractRepositoryManager.java:1112)
2023-10-23 18:35:39,304 [ERROR] LogOutputStream:75 - [STDERR_REDIRECT] 	at org.eclipse.equinox.internal.p2.repository.helpers.AbstractRepositoryManager.loadRepository(AbstractRepositoryManager.java:676)
2023-10-23 18:35:39,305 [ERROR] LogOutputStream:75 - [STDERR_REDIRECT] 	at org.eclipse.equinox.internal.p2.metadata.repository.MetadataRepositoryManager.loadRepository(MetadataRepositoryManager.java:110)
2023-10-23 18:35:39,305 [ERROR] LogOutputStream:75 - [STDERR_REDIRECT] 	at org.eclipse.equinox.internal.p2.metadata.repository.MetadataRepositoryManager.loadRepository(MetadataRepositoryManager.java:105)
2023-10-23 18:35:39,305 [ERROR] LogOutputStream:75 - [STDERR_REDIRECT] 	at org.eclipse.equinox.internal.p2.metadata.repository.CompositeMetadataRepository.addChild(CompositeMetadataRepository.java:171)
2023-10-23 18:35:39,305 [ERROR] LogOutputStream:75 - [STDERR_REDIRECT] 	at org.eclipse.equinox.internal.p2.metadata.repository.CompositeMetadataRepository.<init>(CompositeMetadataRepository.java:113)
2023-10-23 18:35:39,306 [ERROR] LogOutputStream:75 - [STDERR_REDIRECT] 	at org.eclipse.equinox.internal.p2.metadata.repository.CompositeMetadataRepositoryFactory.load(CompositeMetadataRepositoryFactory.java:124)
2023-10-23 18:35:39,306 [ERROR] LogOutputStream:75 - [STDERR_REDIRECT] 	at org.eclipse.equinox.internal.p2.metadata.repository.MetadataRepositoryManager.factoryLoad(MetadataRepositoryManager.java:63)
2023-10-23 18:35:39,307 [ERROR] LogOutputStream:75 - [STDERR_REDIRECT] 	at org.eclipse.equinox.internal.p2.repository.helpers.AbstractRepositoryManager.loadRepository(AbstractRepositoryManager.java:787)
2023-10-23 18:35:39,307 [ERROR] LogOutputStream:75 - [STDERR_REDIRECT] 	at org.eclipse.equinox.internal.p2.repository.helpers.AbstractRepositoryManager.loadRepository(AbstractRepositoryManager.java:685)
2023-10-23 18:35:39,307 [ERROR] LogOutputStream:75 - [STDERR_REDIRECT] 	at org.eclipse.equinox.internal.p2.metadata.repository.MetadataRepositoryManager.loadRepository(MetadataRepositoryManager.java:110)
2023-10-23 18:35:39,307 [ERROR] LogOutputStream:75 - [STDERR_REDIRECT] 	at org.eclipse.equinox.internal.p2.metadata.repository.MetadataRepositoryManager.loadRepository(MetadataRepositoryManager.java:105)
2023-10-23 18:35:39,308 [ERROR] LogOutputStream:75 - [STDERR_REDIRECT] 	at org.eclipse.equinox.internal.p2.metadata.repository.CompositeMetadataRepository.addChild(CompositeMetadataRepository.java:171)
2023-10-23 18:35:39,308 [ERROR] LogOutputStream:75 - [STDERR_REDIRECT] 	at org.eclipse.equinox.internal.p2.metadata.repository.CompositeMetadataRepository.<init>(CompositeMetadataRepository.java:113)
2023-10-23 18:35:39,308 [ERROR] LogOutputStream:75 - [STDERR_REDIRECT] 	at org.eclipse.equinox.internal.p2.metadata.repository.CompositeMetadataRepositoryFactory.load(CompositeMetadataRepositoryFactory.java:124)
2023-10-23 18:35:39,308 [ERROR] LogOutputStream:75 - [STDERR_REDIRECT] 	at org.eclipse.equinox.internal.p2.metadata.repository.MetadataRepositoryManager.factoryLoad(MetadataRepositoryManager.java:63)
2023-10-23 18:35:39,309 [ERROR] LogOutputStream:75 - [STDERR_REDIRECT] 	at org.eclipse.equinox.internal.p2.repository.helpers.AbstractRepositoryManager.loadRepository(AbstractRepositoryManager.java:787)
2023-10-23 18:35:39,309 [ERROR] LogOutputStream:75 - [STDERR_REDIRECT] 	at org.eclipse.equinox.internal.p2.repository.helpers.AbstractRepositoryManager.loadRepository(AbstractRepositoryManager.java:685)
2023-10-23 18:35:39,309 [ERROR] LogOutputStream:75 - [STDERR_REDIRECT] 	at org.eclipse.equinox.internal.p2.metadata.repository.MetadataRepositoryManager.loadRepository(MetadataRepositoryManager.java:110)
2023-10-23 18:35:39,310 [ERROR] LogOutputStream:75 - [STDERR_REDIRECT] 	at org.eclipse.equinox.internal.p2.metadata.repository.MetadataRepositoryManager.loadRepository(MetadataRepositoryManager.java:105)
2023-10-23 18:35:39,310 [ERROR] LogOutputStream:75 - [STDERR_REDIRECT] 	at org.eclipse.equinox.internal.p2.metadata.repository.CompositeMetadataRepository.addChild(CompositeMetadataRepository.java:171)
2023-10-23 18:35:39,310 [ERROR] LogOutputStream:75 - [STDERR_REDIRECT] 	at org.eclipse.equinox.internal.p2.metadata.repository.CompositeMetadataRepository.<init>(CompositeMetadataRepository.java:113)
2023-10-23 18:35:39,310 [ERROR] LogOutputStream:75 - [STDERR_REDIRECT] 	at org.eclipse.equinox.internal.p2.metadata.repository.CompositeMetadataRepositoryFactory.load(CompositeMetadataRepositoryFactory.java:124)
2023-10-23 18:35:39,310 [ERROR] LogOutputStream:75 - [STDERR_REDIRECT] 	at org.eclipse.equinox.internal.p2.metadata.repository.MetadataRepositoryManager.factoryLoad(MetadataRepositoryManager.java:63)
2023-10-23 18:35:39,311 [ERROR] LogOutputStream:75 - [STDERR_REDIRECT] 	at org.eclipse.equinox.internal.p2.repository.helpers.AbstractRepositoryManager.loadRepository(AbstractRepositoryManager.java:787)
2023-10-23 18:35:39,311 [ERROR] LogOutputStream:75 - [STDERR_REDIRECT] 	at org.eclipse.equinox.internal.p2.repository.helpers.AbstractRepositoryManager.loadRepository(AbstractRepositoryManager.java:685)
2023-10-23 18:35:39,311 [ERROR] LogOutputStream:75 - [STDERR_REDIRECT] 	at org.eclipse.equinox.internal.p2.metadata.repository.MetadataRepositoryManager.loadRepository(MetadataRepositoryManager.java:110)
2023-10-23 18:35:39,311 [ERROR] LogOutputStream:75 - [STDERR_REDIRECT] 	at org.eclipse.equinox.internal.p2.metadata.repository.MetadataRepositoryManager.loadRepository(MetadataRepositoryManager.java:105)
2023-10-23 18:35:39,312 [ERROR] LogOutputStream:75 - [STDERR_REDIRECT] 	at org.eclipse.equinox.internal.p2.updatechecker.UpdateChecker.getAvailableRepositories(UpdateChecker.java:152)
2023-10-23 18:35:39,312 [ERROR] LogOutputStream:75 - [STDERR_REDIRECT] 	at org.eclipse.equinox.internal.p2.updatechecker.UpdateChecker.checkForUpdates(UpdateChecker.java:130)
2023-10-23 18:35:39,312 [ERROR] LogOutputStream:75 - [STDERR_REDIRECT] 	at org.eclipse.equinox.internal.p2.updatechecker.UpdateChecker$UpdateCheckThread.run(UpdateChecker.java:78)
2023-10-23 18:35:39,325 [ERROR] LogOutputStream:75 - [STDERR_REDIRECT] 
