2023-11-02 17:19:00,767 [INFO] Activator:176 - 


2023-11-02 17:19:00,773 [INFO] Activator:177 - !SESSION log4j initialized
2023-11-02 17:19:05,427 [ERROR] LogOutputStream:75 - [STDERR_REDIRECT] 
2023-11-02 17:19:05,945 [INFO] LogOutputStream:77 - [STDOUT_REDIRECT] 
2023-11-02 17:19:08,262 [INFO] LogOutputStream:77 - [STDOUT_REDIRECT] 
2023-11-02 17:19:10,406 [INFO] ApplicationProperties:184 - Using Application install path: /Applications/STM32CubeIDE.app/Contents/Eclipse/plugins/com.st.stm32cube.common.mx_6.9.2.202309101412
2023-11-02 17:19:10,426 [INFO] DbMcusXml:78 - Set database path to: /Applications/STM32CubeIDE.app/Contents/Eclipse/plugins/com.st.stm32cube.common.mx_6.9.2.202309101412//db//mcu/
2023-11-02 17:19:10,426 [INFO] ApiDb:274 - Set plugin database path to: /Applications/STM32CubeIDE.app/Contents/Eclipse/plugins/com.st.stm32cube.common.mx_6.9.2.202309101412//db//plugins/boardmanager/
2023-11-02 17:19:10,427 [WARN] ApiDb:259 - Overriding images path with different value:  => /Applications/STM32CubeIDE.app/Contents/Eclipse/plugins/com.st.stm32cube.common.mx_6.9.2.202309101412//db//plugins/mcufinder/images/
2023-11-02 17:19:10,442 [INFO] ApiDb:250 - Set database path to: /Users/hollerller/.stmcufinder/plugins/mcufinder//mcu/
2023-11-02 17:19:10,444 [INFO] DbMcusAds:125 - Set database path to: /Users/hollerller/.stmcufinder/plugins/mcufinder//mcu/
2023-11-02 17:19:10,448 [INFO] CrossReferenceDbSqlite:203 - Set database path to: /Users/hollerller/.stmcufinder/plugins/mcufinder//mcu/cs/
2023-11-02 17:19:10,569 [INFO] RulesReader:64 - Compatibility file has been processed (293 Rules)
2023-11-02 17:19:10,644 [INFO] DbMcusXml:78 - Set database path to: /Applications/STM32CubeIDE.app/Contents/Eclipse/plugins/com.st.stm32cube.common.mx_6.9.2.202309101412//db//mcu/
2023-11-02 17:19:10,644 [INFO] ApiDb:274 - Set plugin database path to: /Applications/STM32CubeIDE.app/Contents/Eclipse/plugins/com.st.stm32cube.common.mx_6.9.2.202309101412//db//plugins/boardmanager/
2023-11-02 17:19:10,644 [INFO] ApiDb:261 - Set plugin images path to: /Applications/STM32CubeIDE.app/Contents/Eclipse/plugins/com.st.stm32cube.common.mx_6.9.2.202309101412//db//plugins/mcufinder/images/
2023-11-02 17:19:10,644 [WARN] DbFile:41 - Overriding database path with different value: /Users/hollerller/.stmcufinder/plugins/mcufinder/ => /Users/hollerller/.stmcufinder/plugins/mcufinder
2023-11-02 17:19:10,644 [INFO] ApiDb:250 - Set database path to: /Users/hollerller/.stmcufinder/plugins/mcufinder//mcu/
2023-11-02 17:19:10,644 [WARN] DbFile:41 - Overriding database path with different value: /Users/hollerller/.stmcufinder/plugins/mcufinder/ => /Users/hollerller/.stmcufinder/plugins/mcufinder
2023-11-02 17:19:10,645 [INFO] DbMcusAds:125 - Set database path to: /Users/hollerller/.stmcufinder/plugins/mcufinder//mcu/
2023-11-02 17:19:10,645 [WARN] DbFile:41 - Overriding database path with different value: /Users/hollerller/.stmcufinder/plugins/mcufinder/ => /Users/hollerller/.stmcufinder/plugins/mcufinder
2023-11-02 17:19:10,645 [WARN] DbFile:41 - Overriding database path with different value: /Users/hollerller/.stmcufinder/plugins/mcufinder/ => /Users/hollerller/.stmcufinder/plugins/mcufinder
2023-11-02 17:19:10,645 [INFO] CrossReferenceDbSqlite:203 - Set database path to: /Users/hollerller/.stmcufinder/plugins/mcufinder//mcu/cs/
2023-11-02 17:19:10,727 [INFO] MainPanel:262 - HeapMemory: 268435456
2023-11-02 17:19:10,840 [INFO] DbMcusXml:78 - Set database path to: /Applications/STM32CubeIDE.app/Contents/Eclipse/plugins/com.st.stm32cube.common.mx_6.9.2.202309101412//db//mcu/
2023-11-02 17:19:10,840 [INFO] ApiDb:274 - Set plugin database path to: /Applications/STM32CubeIDE.app/Contents/Eclipse/plugins/com.st.stm32cube.common.mx_6.9.2.202309101412//db//plugins/boardmanager/
2023-11-02 17:19:10,840 [INFO] ApiDb:261 - Set plugin images path to: /Applications/STM32CubeIDE.app/Contents/Eclipse/plugins/com.st.stm32cube.common.mx_6.9.2.202309101412//db//plugins/mcufinder/images/
2023-11-02 17:19:10,841 [WARN] DbFile:41 - Overriding database path with different value: /Users/hollerller/.stmcufinder/plugins/mcufinder/ => /Users/hollerller/.stmcufinder/plugins/mcufinder
2023-11-02 17:19:10,841 [INFO] ApiDb:250 - Set database path to: /Users/hollerller/.stmcufinder/plugins/mcufinder//mcu/
2023-11-02 17:19:10,841 [WARN] DbFile:41 - Overriding database path with different value: /Users/hollerller/.stmcufinder/plugins/mcufinder/ => /Users/hollerller/.stmcufinder/plugins/mcufinder
2023-11-02 17:19:10,841 [INFO] DbMcusAds:125 - Set database path to: /Users/hollerller/.stmcufinder/plugins/mcufinder//mcu/
2023-11-02 17:19:10,841 [WARN] DbFile:41 - Overriding database path with different value: /Users/hollerller/.stmcufinder/plugins/mcufinder/ => /Users/hollerller/.stmcufinder/plugins/mcufinder
2023-11-02 17:19:10,841 [WARN] DbFile:41 - Overriding database path with different value: /Users/hollerller/.stmcufinder/plugins/mcufinder/ => /Users/hollerller/.stmcufinder/plugins/mcufinder
2023-11-02 17:19:10,842 [INFO] CrossReferenceDbSqlite:203 - Set database path to: /Users/hollerller/.stmcufinder/plugins/mcufinder//mcu/cs/
2023-11-02 17:19:10,860 [INFO] ApplicationProperties:184 - Using Application install path: /Applications/STM32CubeIDE.app/Contents/Eclipse/plugins/com.st.stm32cube.common.mx_6.9.2.202309101412
2023-11-02 17:19:10,861 [INFO] PluginManage:196 - Search for loadable plugins [exclusion list=, ]
2023-11-02 17:19:10,862 [INFO] PluginManage:310 - Check plugin analytics
2023-11-02 17:19:11,024 [INFO] AnalyticsPlugin:253 - Accepted Software Licenses: 
2023-11-02 17:19:11,024 [INFO] AnalyticsPlugin:255 - Accepted CMSIS Pack Licenses: 
2023-11-02 17:19:11,024 [INFO] AnalyticsPlugin:257 - Accepted Firmware Licenses: FW.F4.1.27.0
2023-11-02 17:19:11,027 [INFO] PluginManage:359 - Loaded plugin analytics (category:tool,tabindex:-1)
2023-11-02 17:19:11,027 [INFO] PluginManage:310 - Check plugin cadmodel
2023-11-02 17:19:11,795 [INFO] CADModel:105 - Init CAD model plugin
2023-11-02 17:19:11,795 [INFO] PluginManage:359 - Loaded plugin cadmodel (category:power,tabindex:5)
2023-11-02 17:19:11,795 [INFO] PluginManage:310 - Check plugin clock
2023-11-02 17:19:11,807 [INFO] PluginManage:359 - Loaded plugin clock (category:base,tabindex:2)
2023-11-02 17:19:11,807 [INFO] PluginManage:310 - Check plugin ddr
2023-11-02 17:19:11,810 [INFO] PluginManage:359 - Loaded plugin ddr (category:tool,tabindex:6)
2023-11-02 17:19:11,810 [INFO] PluginManage:310 - Check plugin filemanager
2023-11-02 17:19:11,944 [INFO] PluginManage:359 - Loaded plugin filemanager (category:base,tabindex:10)
2023-11-02 17:19:11,944 [INFO] PluginManage:310 - Check plugin ipmanager
2023-11-02 17:19:11,951 [INFO] PluginManage:359 - Loaded plugin ipmanager (category:base,tabindex:5)
2023-11-02 17:19:11,951 [INFO] PluginManage:310 - Check plugin lpbam
2023-11-02 17:19:11,963 [INFO] PluginManage:359 - Loaded plugin lpbam (category:base,tabindex:0)
2023-11-02 17:19:11,963 [INFO] PluginManage:310 - Check plugin memorymap
2023-11-02 17:19:11,979 [INFO] PluginManage:359 - Loaded plugin memorymap (category:base,tabindex:4)
2023-11-02 17:19:11,979 [INFO] PluginManage:310 - Check plugin pinoutandconfiguration
2023-11-02 17:19:11,987 [INFO] PluginManage:359 - Loaded plugin pinoutandconfiguration (category:base,tabindex:1)
2023-11-02 17:19:11,987 [INFO] PluginManage:310 - Check plugin pinoutconfig
2023-11-02 17:19:12,086 [WARN] SupportedApi:132 - Cannot load RTOS API schema: s4s-elt-must-match.1: The content of 'definitions' must match (annotation?, (simpleType | complexType)?, (unique | key | keyref)*)). A problem was found starting at: attribute.
2023-11-02 17:19:12,226 [INFO] PluginManage:359 - Loaded plugin pinoutconfig (category:base,tabindex:0)
2023-11-02 17:19:12,226 [INFO] PluginManage:310 - Check plugin power
2023-11-02 17:19:12,239 [INFO] PluginManage:359 - Loaded plugin power (category:power,tabindex:4)
2023-11-02 17:19:12,240 [INFO] PluginManage:310 - Check plugin projectmanager
2023-11-02 17:19:12,253 [INFO] PluginManage:359 - Loaded plugin projectmanager (category:projectmanager,tabindex:3)
2023-11-02 17:19:12,253 [INFO] PluginManage:310 - Check plugin thirdparty
2023-11-02 17:19:12,376 [INFO] PluginManage:359 - Loaded plugin thirdparty (category:base,tabindex:-1)
2023-11-02 17:19:12,376 [WARN] IntegrityCheckThread:84 - waiting for thirdparty lock release [integrity check]
2023-11-02 17:19:12,376 [INFO] PluginManage:310 - Check plugin tools
2023-11-02 17:19:12,376 [INFO] IntegrityCheckThread:86 - entering critical section [integrity check]
2023-11-02 17:19:12,377 [INFO] ThirdPartyUpdaterWithRetryManager:70 - Updater plugin not ready yet. [1/15]
2023-11-02 17:19:12,379 [INFO] PluginManage:359 - Loaded plugin tools (category:base,tabindex:7)
2023-11-02 17:19:12,379 [INFO] PluginManage:310 - Check plugin tutovideos
2023-11-02 17:19:12,571 [INFO] PluginManage:359 - Loaded plugin tutovideos (category:base,tabindex:-1)
2023-11-02 17:19:12,571 [INFO] PluginManage:310 - Check plugin updater
2023-11-02 17:19:12,583 [INFO] PluginManage:359 - Loaded plugin updater (category:base,tabindex:12)
2023-11-02 17:19:12,583 [INFO] PluginManage:310 - Check plugin userauth
2023-11-02 17:19:12,589 [INFO] UserAuth:113 - Init User Auth plugin
2023-11-02 17:19:12,589 [INFO] PluginManage:359 - Loaded plugin userauth (category:base,tabindex:14)
2023-11-02 17:19:12,589 [INFO] PluginManage:283 - PluginManage : Loaded plugins [17]
2023-11-02 17:19:12,797 [INFO] PinOutPanel:1499 - setPackage(No Configuration,No Configuration)
2023-11-02 17:19:12,895 [INFO] CADModel:165 - CPN selected for project level
2023-11-02 17:19:12,895 [INFO] CADModel:114 - Register for checkConnection events
2023-11-02 17:19:12,910 [INFO] IPUIPlugin:80 - create IPUIPlugin
2023-11-02 17:19:12,911 [INFO] PluginManager:220 - loadIPPluginJar : add mdma
2023-11-02 17:19:12,920 [INFO] IPUIPlugin:80 - create IPUIPlugin
2023-11-02 17:19:12,920 [INFO] PluginManager:220 - loadIPPluginJar : add freertos
2023-11-02 17:19:12,927 [INFO] IPUIPlugin:80 - create IPUIPlugin
2023-11-02 17:19:12,927 [INFO] PluginManager:220 - loadIPPluginJar : add gic
2023-11-02 17:19:12,960 [INFO] IPUIPlugin:80 - create IPUIPlugin
2023-11-02 17:19:12,960 [INFO] PluginManager:220 - loadIPPluginJar : add adc
2023-11-02 17:19:12,963 [INFO] IPUIPlugin:80 - create IPUIPlugin
2023-11-02 17:19:12,963 [INFO] PluginManager:220 - loadIPPluginJar : add gtzc
2023-11-02 17:19:12,965 [INFO] IPUIPlugin:80 - create IPUIPlugin
2023-11-02 17:19:12,965 [INFO] PluginManager:220 - loadIPPluginJar : add quadspi
2023-11-02 17:19:12,967 [INFO] IPUIPlugin:80 - create IPUIPlugin
2023-11-02 17:19:12,968 [INFO] PluginManager:220 - loadIPPluginJar : add aes
2023-11-02 17:19:12,971 [INFO] IPUIPlugin:80 - create IPUIPlugin
2023-11-02 17:19:12,971 [INFO] PluginManager:220 - loadIPPluginJar : add pdm2pcm
2023-11-02 17:19:12,974 [INFO] IPUIPlugin:80 - create IPUIPlugin
2023-11-02 17:19:12,974 [INFO] PluginManager:220 - loadIPPluginJar : add hash
2023-11-02 17:19:12,975 [INFO] IPUIPlugin:80 - create IPUIPlugin
2023-11-02 17:19:12,975 [INFO] PluginManager:220 - loadIPPluginJar : add tim
2023-11-02 17:19:12,977 [INFO] IPUIPlugin:80 - create IPUIPlugin
2023-11-02 17:19:12,977 [INFO] PluginManager:220 - loadIPPluginJar : add tsc
2023-11-02 17:19:12,979 [INFO] IPUIPlugin:80 - create IPUIPlugin
2023-11-02 17:19:12,979 [INFO] PluginManager:220 - loadIPPluginJar : add ts
2023-11-02 17:19:12,982 [INFO] IPUIPlugin:80 - create IPUIPlugin
2023-11-02 17:19:12,982 [INFO] PluginManager:220 - loadIPPluginJar : add can
2023-11-02 17:19:12,985 [INFO] IPUIPlugin:80 - create IPUIPlugin
2023-11-02 17:19:12,985 [INFO] PluginManager:220 - loadIPPluginJar : add dma3
2023-11-02 17:19:12,987 [INFO] IPUIPlugin:80 - create IPUIPlugin
2023-11-02 17:19:12,987 [INFO] PluginManager:220 - loadIPPluginJar : add dfsdm
2023-11-02 17:19:12,990 [INFO] IPUIPlugin:80 - create IPUIPlugin
2023-11-02 17:19:12,990 [INFO] PluginManager:220 - loadIPPluginJar : add spi
2023-11-02 17:19:12,992 [INFO] IPUIPlugin:80 - create IPUIPlugin
2023-11-02 17:19:12,993 [INFO] PluginManager:220 - loadIPPluginJar : add gfxmmu
2023-11-02 17:19:12,994 [INFO] IPUIPlugin:80 - create IPUIPlugin
2023-11-02 17:19:12,994 [INFO] PluginManager:220 - loadIPPluginJar : add genericplugin
2023-11-02 17:19:12,996 [INFO] IPUIPlugin:80 - create IPUIPlugin
2023-11-02 17:19:12,996 [INFO] PluginManager:220 - loadIPPluginJar : add cryp
2023-11-02 17:19:13,000 [INFO] IPUIPlugin:80 - create IPUIPlugin
2023-11-02 17:19:13,000 [INFO] PluginManager:220 - loadIPPluginJar : add gpio
2023-11-02 17:19:13,002 [INFO] IPUIPlugin:80 - create IPUIPlugin
2023-11-02 17:19:13,002 [INFO] PluginManager:220 - loadIPPluginJar : add comp
2023-11-02 17:19:13,003 [INFO] IPUIPlugin:80 - create IPUIPlugin
2023-11-02 17:19:13,004 [INFO] PluginManager:220 - loadIPPluginJar : add tracer_emb
2023-11-02 17:19:13,006 [INFO] IPUIPlugin:80 - create IPUIPlugin
2023-11-02 17:19:13,006 [INFO] PluginManager:220 - loadIPPluginJar : add openamp
2023-11-02 17:19:13,011 [INFO] IPUIPlugin:80 - create IPUIPlugin
2023-11-02 17:19:13,011 [INFO] PluginManager:220 - loadIPPluginJar : add stm32_wpan
2023-11-02 17:19:13,017 [INFO] IPUIPlugin:80 - create IPUIPlugin
2023-11-02 17:19:13,020 [INFO] PluginManager:220 - loadIPPluginJar : add plateformsettings
2023-11-02 17:19:13,024 [INFO] IPUIPlugin:80 - create IPUIPlugin
2023-11-02 17:19:13,024 [INFO] PluginManager:220 - loadIPPluginJar : add ipddr
2023-11-02 17:19:13,026 [INFO] IPUIPlugin:80 - create IPUIPlugin
2023-11-02 17:19:13,026 [INFO] PluginManager:220 - loadIPPluginJar : add usart
2023-11-02 17:19:13,027 [INFO] IPUIPlugin:80 - create IPUIPlugin
2023-11-02 17:19:13,028 [INFO] PluginManager:220 - loadIPPluginJar : add ltdc
2023-11-02 17:19:13,031 [INFO] IPUIPlugin:80 - create IPUIPlugin
2023-11-02 17:19:13,031 [INFO] PluginManager:220 - loadIPPluginJar : add nvic
2023-11-02 17:19:13,032 [INFO] IPUIPlugin:80 - create IPUIPlugin
2023-11-02 17:19:13,032 [INFO] PluginManager:220 - loadIPPluginJar : add fatfs
2023-11-02 17:19:13,039 [INFO] IPUIPlugin:80 - create IPUIPlugin
2023-11-02 17:19:13,040 [INFO] PluginManager:220 - loadIPPluginJar : add linkedlist
2023-11-02 17:19:13,045 [INFO] IPUIPlugin:80 - create IPUIPlugin
2023-11-02 17:19:13,045 [INFO] PluginManager:220 - loadIPPluginJar : add dma
2023-11-02 17:19:13,048 [INFO] IPUIPlugin:80 - create IPUIPlugin
2023-11-02 17:19:13,048 [INFO] PluginManager:220 - loadIPPluginJar : add fmc
2023-11-02 17:19:13,051 [INFO] IPUIPlugin:80 - create IPUIPlugin
2023-11-02 17:19:13,051 [INFO] PluginManager:220 - loadIPPluginJar : add i2s
2023-11-02 17:19:13,053 [INFO] IPUIPlugin:80 - create IPUIPlugin
2023-11-02 17:19:13,053 [INFO] PluginManager:220 - loadIPPluginJar : add ucpd
2023-11-02 17:19:13,055 [INFO] IPUIPlugin:80 - create IPUIPlugin
2023-11-02 17:19:13,055 [INFO] PluginManager:220 - loadIPPluginJar : add lorawan
2023-11-02 17:19:13,057 [INFO] IPUIPlugin:80 - create IPUIPlugin
2023-11-02 17:19:13,057 [INFO] PluginManager:220 - loadIPPluginJar : add opamp
2023-11-02 17:19:13,060 [INFO] IPUIPlugin:80 - create IPUIPlugin
2023-11-02 17:19:13,060 [INFO] PluginManager:220 - loadIPPluginJar : add i3c
2023-11-02 17:19:13,062 [INFO] IPUIPlugin:80 - create IPUIPlugin
2023-11-02 17:19:13,062 [INFO] PluginManager:220 - loadIPPluginJar : add touchsensing
2023-11-02 17:19:13,064 [INFO] IPUIPlugin:80 - create IPUIPlugin
2023-11-02 17:19:13,065 [INFO] PluginManager:220 - loadIPPluginJar : add i2c
2023-11-02 17:19:13,068 [INFO] IPUIPlugin:80 - create IPUIPlugin
2023-11-02 17:19:13,068 [INFO] PluginManager:220 - loadIPPluginJar : add resmgrutility
2023-11-02 17:19:13,071 [INFO] IPUIPlugin:80 - create IPUIPlugin
2023-11-02 17:19:13,071 [INFO] PluginManager:220 - loadIPPluginJar : add sai
2023-11-02 17:19:13,074 [INFO] IPUIPlugin:80 - create IPUIPlugin
2023-11-02 17:19:13,074 [INFO] PluginManager:220 - loadIPPluginJar : add usbx
2023-11-02 17:19:13,170 [INFO] CADModel:165 - CPN selected for project level
2023-11-02 17:19:13,170 [INFO] CADModel:114 - Register for checkConnection events
2023-11-02 17:19:13,170 [FATAL] Updater:308 - Updater called before beeing initialized
2023-11-02 17:19:13,170 [ERROR] CADModel:125 - Updater not yet initialized, retry later 
2023-11-02 17:19:13,345 [INFO] CADModel:165 - CPN selected for project level
2023-11-02 17:19:13,346 [INFO] CADModel:114 - Register for checkConnection events
2023-11-02 17:19:13,346 [FATAL] Updater:308 - Updater called before beeing initialized
2023-11-02 17:19:13,346 [ERROR] CADModel:125 - Updater not yet initialized, retry later 
2023-11-02 17:19:13,350 [FATAL] Updater:308 - Updater called before beeing initialized
2023-11-02 17:19:13,421 [FATAL] Updater:308 - Updater called before beeing initialized
2023-11-02 17:19:13,427 [INFO] DbMcusAds:53 - JSON generation date=Tue Mar 07 03:50:55 COT 2023 (1678179055335)
2023-11-02 17:19:13,427 [FATAL] Updater:308 - Updater called before beeing initialized
2023-11-02 17:19:13,580 [WARN] DetailPanel:346 - Failed to get advertising image, set to default
2023-11-02 17:19:13,672 [FATAL] Updater:308 - Updater called before beeing initialized
2023-11-02 17:19:13,675 [FATAL] Updater:308 - Updater called before beeing initialized
2023-11-02 17:19:13,675 [FATAL] Updater:308 - Updater called before beeing initialized
2023-11-02 17:19:13,675 [WARN] DetailPanel:346 - Failed to get advertising image, set to default
2023-11-02 17:19:13,676 [FATAL] Updater:308 - Updater called before beeing initialized
2023-11-02 17:19:13,701 [ERROR] Updater:1120 - MainUpdater not yet initialized. External WinMGr cannot be set.
2023-11-02 17:19:13,725 [INFO] Updater:1056 - Updater Version found : 6.9.2
2023-11-02 17:19:13,744 [INFO] ApplicationProperties:184 - Using Application install path: /Applications/STM32CubeIDE.app/Contents/Eclipse/plugins/com.st.stm32cube.common.mx_6.9.2.202309101412
2023-11-02 17:19:14,282 [INFO] MainUpdater:2868 - connection check result : 10
2023-11-02 17:19:14,282 [INFO] MainUpdater:285 - Updater Check For Update Now.
2023-11-02 17:19:14,283 [INFO] MicroXplorer:498 - Change Database Version : DB.6.0.92
2023-11-02 17:19:14,289 [INFO] McuFinderGlobals:63 - Set McuFinder mode to 2 (CubeIDE integrated)
2023-11-02 17:19:14,289 [INFO] UserAuth:179 - activating auth plugin
2023-11-02 17:19:14,292 [INFO] UserAuth:393 - Internet connection configuration mode: 1
2023-11-02 17:19:14,312 [INFO] JxBrowserEngine:151 - Initiate JxBrowser Engine with user profile folder
2023-11-02 17:19:14,487 [INFO] CheckServerUpdateThread:120 - End of CheckServer Thread
2023-11-02 17:19:15,591 [WARN] PackLoader:240 - Cannot read IP mode file for STMicroelectronics.X-CUBE-SMBUS.2.1.0
2023-11-02 17:19:15,661 [WARN] PackLoader:240 - Cannot read IP mode file for STMicroelectronics.X-CUBE-AZRTOS-F7.1.1.0
2023-11-02 17:19:15,708 [WARN] PackLoader:240 - Cannot read IP mode file for STMicroelectronics.FP-SNS-MOTENV1.4.3.2
2023-11-02 17:19:15,764 [WARN] PackLoader:240 - Cannot read IP mode file for STMicroelectronics.FP-SNS-FLIGHT1.5.0.2
2023-11-02 17:19:15,805 [WARN] PackLoader:240 - Cannot read IP mode file for STMicroelectronics.X-CUBE-DISPLAY.3.0.0
2023-11-02 17:19:15,830 [WARN] PackLoader:240 - Cannot read IP mode file for STMicroelectronics.X-CUBE-BLE1.7.0.0
2023-11-02 17:19:15,837 [WARN] PackLoader:240 - Cannot read IP mode file for emotas.I-CUBE-CANOPEN.1.3.0
2023-11-02 17:19:15,845 [WARN] PackLoader:240 - Cannot read IP mode file for STMicroelectronics.X-CUBE-TOUCHGFX.4.22.1
2023-11-02 17:19:15,851 [WARN] PackLoader:240 - Cannot read IP mode file for STMicroelectronics.FP-SNS-SMARTAG2.1.2.0
2023-11-02 17:19:15,868 [INFO] LogOutputStream:77 - [STDOUT_REDIRECT] 1 : Invalid condition id : UX_CORESTACK_Condition cause : null
2023-11-02 17:19:15,869 [INFO] LogOutputStream:77 - [STDOUT_REDIRECT] 1 : Invalid condition id : UX_CORESTACK_Condition cause : null
2023-11-02 17:19:15,869 [INFO] LogOutputStream:77 - [STDOUT_REDIRECT] 1 : Invalid condition id : UX_CORESTACK_Condition cause : null
2023-11-02 17:19:15,869 [INFO] LogOutputStream:77 - [STDOUT_REDIRECT] 1 : Invalid condition id : UX_CORESTACK_Condition cause : null
2023-11-02 17:19:15,869 [INFO] LogOutputStream:77 - [STDOUT_REDIRECT] 1 : Invalid condition id : UX_CORESTACK_Condition cause : null
2023-11-02 17:19:15,876 [WARN] PackLoader:240 - Cannot read IP mode file for STMicroelectronics.X-CUBE-AZRTOS-WL.2.0.0
2023-11-02 17:19:15,887 [WARN] PackLoader:240 - Cannot read IP mode file for WES.I-CUBE-Cesium.1.3.0
2023-11-02 17:19:15,893 [WARN] PackLoader:240 - Cannot read IP mode file for STMicroelectronics.X-CUBE-BLE2.3.3.0
2023-11-02 17:19:15,901 [WARN] PackLoader:240 - Cannot read IP mode file for STMicroelectronics.X-CUBE-ALGOBUILD.1.3.0
2023-11-02 17:19:15,927 [WARN] PackLoader:240 - Cannot read IP mode file for STMicroelectronics.X-CUBE-AZRTOS-G0.1.1.0
2023-11-02 17:19:15,938 [WARN] PackLoader:240 - Cannot read IP mode file for STMicroelectronics.X-CUBE-NFC4.3.0.0
2023-11-02 17:19:15,943 [WARN] PackLoader:240 - Cannot read IP mode file for STMicroelectronics.FP-ATR-SIGFOX1.3.2.0
2023-11-02 17:19:16,003 [WARN] PackLoader:240 - Cannot read IP mode file for SEGGER.I-CUBE-embOS.1.3.1
2023-11-02 17:19:16,068 [WARN] PackLoader:240 - Cannot read IP mode file for STMicroelectronics.X-CUBE-GNSS1.6.0.0
2023-11-02 17:19:16,090 [WARN] PackLoader:240 - Cannot read IP mode file for STMicroelectronics.X-CUBE-AZRTOS-F4.1.1.0
2023-11-02 17:19:16,095 [WARN] PackLoader:240 - Cannot read IP mode file for wolfSSL.I-CUBE-wolfSSL.5.6.3
2023-11-02 17:19:16,113 [WARN] PackLoader:240 - Cannot read IP mode file for STMicroelectronics.X-CUBE-AZRTOS-L5.2.0.0
2023-11-02 17:19:16,120 [WARN] PackLoader:240 - Cannot read IP mode file for STMicroelectronics.X-CUBE-EEPRMA1.4.2.0
2023-11-02 17:19:16,124 [WARN] PackLoader:240 - Cannot read IP mode file for ITTIA_DB.I-CUBE-ITTIADB.8.8.0
2023-11-02 17:19:16,131 [WARN] PackLoader:240 - Cannot read IP mode file for STMicroelectronics.X-CUBE-BLEMGR.2.0.0
2023-11-02 17:19:16,149 [WARN] ConditionMgr:438 - getConditionDescription Invalid condition id : UX DEVICE CLASS RTOS Condition cause : null
2023-11-02 17:19:16,149 [WARN] ConditionMgr:438 - getConditionDescription Invalid condition id : UX DEVICE CLASS RTOS Condition cause : null
2023-11-02 17:19:16,152 [WARN] PackLoader:240 - Cannot read IP mode file for STMicroelectronics.X-CUBE-AZRTOS-H7.3.1.0
2023-11-02 17:19:16,152 [WARN] ConditionMgr:1039 - genDependencies : Invalid condition id : UX DEVICE CLASS RTOS Condition cause : null
2023-11-02 17:19:16,153 [WARN] ConditionMgr:1039 - genDependencies : Invalid condition id : UX DEVICE CLASS RTOS Condition cause : null
2023-11-02 17:19:16,153 [WARN] ConditionMgr:1039 - genDependencies : Invalid condition id : UX DEVICE CLASS RTOS Condition cause : null
2023-11-02 17:19:16,153 [WARN] ConditionMgr:1039 - genDependencies : Invalid condition id : UX DEVICE CLASS RTOS Condition cause : null
2023-11-02 17:19:16,154 [WARN] ConditionMgr:1039 - genDependencies : Invalid condition id : UX DEVICE CLASS RTOS Condition cause : null
2023-11-02 17:19:16,159 [WARN] PackLoader:240 - Cannot read IP mode file for STMicroelectronics.X-CUBE-NFC7.1.0.1
2023-11-02 17:19:16,165 [WARN] PackLoader:240 - Cannot read IP mode file for STMicroelectronics.X-CUBE-NFC6.3.0.0
2023-11-02 17:19:16,171 [WARN] PackLoader:240 - Cannot read IP mode file for STMicroelectronics.X-CUBE-EEPRMA1.4.1.0
2023-11-02 17:19:16,177 [WARN] PackLoader:240 - Cannot read IP mode file for STMicroelectronics.X-CUBE-AI.8.1.0
2023-11-02 17:19:16,197 [WARN] ConditionMgr:438 - getConditionDescription Invalid condition id : LAN8742 Phy interface Condition cause : null
2023-11-02 17:19:16,198 [WARN] PackLoader:240 - Cannot read IP mode file for STMicroelectronics.X-CUBE-AZRTOS-L4.2.0.0
2023-11-02 17:19:16,199 [WARN] ConditionMgr:1039 - genDependencies : Invalid condition id : LAN8742 Phy interface Condition cause : null
2023-11-02 17:19:16,199 [WARN] ConditionMgr:1039 - genDependencies : Invalid condition id : LAN8742 Phy interface Condition cause : null
2023-11-02 17:19:16,200 [WARN] ConditionMgr:1039 - genDependencies : Invalid condition id : LAN8742 Phy interface Condition cause : null
2023-11-02 17:19:16,211 [WARN] PackLoader:240 - Cannot read IP mode file for STMicroelectronics.X-CUBE-SFXS2LP1.4.0.0
2023-11-02 17:19:16,215 [WARN] PackLoader:240 - Cannot read IP mode file for STMicroelectronics.X-CUBE-ISPU.1.1.0
2023-11-02 17:19:16,231 [WARN] ConditionMgr:438 - getConditionDescription Invalid condition id : UX DEVICE CLASS RTOS Condition cause : null
2023-11-02 17:19:16,232 [WARN] ConditionMgr:438 - getConditionDescription Invalid condition id : UX DEVICE CLASS RTOS Condition cause : null
2023-11-02 17:19:16,235 [WARN] PackLoader:240 - Cannot read IP mode file for STMicroelectronics.X-CUBE-AZRTOS-WB.2.0.0
2023-11-02 17:19:16,236 [WARN] ConditionMgr:1039 - genDependencies : Invalid condition id : UX DEVICE CLASS RTOS Condition cause : null
2023-11-02 17:19:16,236 [WARN] ConditionMgr:1039 - genDependencies : Invalid condition id : UX DEVICE CLASS RTOS Condition cause : null
2023-11-02 17:19:16,237 [WARN] ConditionMgr:1039 - genDependencies : Invalid condition id : UX DEVICE CLASS RTOS Condition cause : null
2023-11-02 17:19:16,237 [WARN] ConditionMgr:1039 - genDependencies : Invalid condition id : UX DEVICE CLASS RTOS Condition cause : null
2023-11-02 17:19:16,237 [WARN] ConditionMgr:1039 - genDependencies : Invalid condition id : UX DEVICE CLASS RTOS Condition cause : null
2023-11-02 17:19:16,280 [WARN] PackLoader:240 - Cannot read IP mode file for STMicroelectronics.X-CUBE-SUBG2.5.0.0
2023-11-02 17:19:16,317 [WARN] PackLoader:240 - Cannot read IP mode file for STMicroelectronics.X-CUBE-TOF1.3.3.1
2023-11-02 17:19:16,420 [WARN] PackLoader:240 - Cannot read IP mode file for STMicroelectronics.X-CUBE-AZRTOS-G4.2.0.0
2023-11-02 17:19:16,458 [WARN] PackLoader:240 - Cannot read IP mode file for Infineon.AIROC-Wi-Fi-Bluetooth-STM32.1.5.1
2023-11-02 17:19:16,492 [INFO] WebApp:157 - Instantiating new browser for Auth
2023-11-02 17:19:16,510 [WARN] PackLoader:240 - Cannot read IP mode file for STMicroelectronics.X-CUBE-MEMS1.10.0.0
2023-11-02 17:19:16,777 [WARN] PackLoader:240 - Cannot read IP mode file for STMicroelectronics.X-CUBE-FREERTOS.1.1.0
2023-11-02 17:19:16,855 [WARN] PackLoader:240 - Cannot read IP mode file for portGmbH.I-Cube-SoM-uGOAL.1.1.0
2023-11-02 17:19:16,875 [WARN] PackLoader:240 - Cannot read IP mode file for STMicroelectronics.X-CUBE-ALS.1.0.1
2023-11-02 17:19:16,929 [WARN] PackLoader:240 - Cannot read IP mode file for STMicroelectronics.FP-ATR-ASTRA1.2.0.0
2023-11-02 17:19:16,948 [INFO] ThirdParty:978 - Integrity check success = true
2023-11-02 17:19:16,967 [INFO] IntegrityCheckThread:100 - exiting critical section [integrity check]
2023-11-02 17:19:16,985 [INFO] IntegrityCheckThread:103 - End integrity checks thread
2023-11-02 17:19:17,486 [INFO] WebApp:753 - Register for checkConnection events
2023-11-02 17:19:17,486 [INFO] WebApp:390 - Apply proxy settings
2023-11-02 17:19:17,490 [INFO] WebApp:455 - Chromium authenticates against System proxy
2023-11-02 17:19:17,703 [INFO] WebApp:188 - Starting web application
2023-11-02 17:19:17,703 [INFO] WebApp:520 - Web application path used /Applications/STM32CubeIDE.app/Contents/Eclipse/plugins/com.st.stm32cube.common.mx_6.9.2.202309101412/db/plugins/mcufinder/reactClient1/index.html
2023-11-02 17:19:38,496 [ERROR] LogOutputStream:75 - [STDERR_REDIRECT] SLF4J: Failed to load class "org.slf4j.impl.StaticLoggerBinder".
2023-11-02 17:19:38,497 [ERROR] LogOutputStream:75 - [STDERR_REDIRECT] SLF4J: Defaulting to no-operation (NOP) logger implementation
2023-11-02 17:19:38,497 [ERROR] LogOutputStream:75 - [STDERR_REDIRECT] SLF4J: See http://www.slf4j.org/codes.html#StaticLoggerBinder for further details.
2023-11-02 19:12:47,321 [ERROR] LogOutputStream:75 - [STDERR_REDIRECT] 
2023-11-02 19:12:59,469 [INFO] Activator:176 - 


2023-11-02 19:12:59,472 [INFO] Activator:177 - !SESSION log4j initialized
2023-11-02 19:13:04,082 [ERROR] LogOutputStream:75 - [STDERR_REDIRECT] 
2023-11-02 19:13:04,835 [INFO] LogOutputStream:77 - [STDOUT_REDIRECT] 
2023-11-02 19:13:07,230 [INFO] LogOutputStream:77 - [STDOUT_REDIRECT] 
2023-11-02 19:13:09,572 [INFO] ApplicationProperties:184 - Using Application install path: /Applications/STM32CubeIDE.app/Contents/Eclipse/plugins/com.st.stm32cube.common.mx_6.9.2.202309101412
2023-11-02 19:13:09,591 [INFO] DbMcusXml:78 - Set database path to: /Applications/STM32CubeIDE.app/Contents/Eclipse/plugins/com.st.stm32cube.common.mx_6.9.2.202309101412//db//mcu/
2023-11-02 19:13:09,592 [INFO] ApiDb:274 - Set plugin database path to: /Applications/STM32CubeIDE.app/Contents/Eclipse/plugins/com.st.stm32cube.common.mx_6.9.2.202309101412//db//plugins/boardmanager/
2023-11-02 19:13:09,592 [WARN] ApiDb:259 - Overriding images path with different value:  => /Applications/STM32CubeIDE.app/Contents/Eclipse/plugins/com.st.stm32cube.common.mx_6.9.2.202309101412//db//plugins/mcufinder/images/
2023-11-02 19:13:09,605 [INFO] ApiDb:250 - Set database path to: /Users/hollerller/.stmcufinder/plugins/mcufinder//mcu/
2023-11-02 19:13:09,608 [INFO] DbMcusAds:125 - Set database path to: /Users/hollerller/.stmcufinder/plugins/mcufinder//mcu/
2023-11-02 19:13:09,611 [INFO] CrossReferenceDbSqlite:203 - Set database path to: /Users/hollerller/.stmcufinder/plugins/mcufinder//mcu/cs/
2023-11-02 19:13:09,738 [INFO] RulesReader:64 - Compatibility file has been processed (293 Rules)
2023-11-02 19:13:09,822 [INFO] DbMcusXml:78 - Set database path to: /Applications/STM32CubeIDE.app/Contents/Eclipse/plugins/com.st.stm32cube.common.mx_6.9.2.202309101412//db//mcu/
2023-11-02 19:13:09,822 [INFO] ApiDb:274 - Set plugin database path to: /Applications/STM32CubeIDE.app/Contents/Eclipse/plugins/com.st.stm32cube.common.mx_6.9.2.202309101412//db//plugins/boardmanager/
2023-11-02 19:13:09,822 [INFO] ApiDb:261 - Set plugin images path to: /Applications/STM32CubeIDE.app/Contents/Eclipse/plugins/com.st.stm32cube.common.mx_6.9.2.202309101412//db//plugins/mcufinder/images/
2023-11-02 19:13:09,822 [WARN] DbFile:41 - Overriding database path with different value: /Users/hollerller/.stmcufinder/plugins/mcufinder/ => /Users/hollerller/.stmcufinder/plugins/mcufinder
2023-11-02 19:13:09,822 [INFO] ApiDb:250 - Set database path to: /Users/hollerller/.stmcufinder/plugins/mcufinder//mcu/
2023-11-02 19:13:09,823 [WARN] DbFile:41 - Overriding database path with different value: /Users/hollerller/.stmcufinder/plugins/mcufinder/ => /Users/hollerller/.stmcufinder/plugins/mcufinder
2023-11-02 19:13:09,823 [INFO] DbMcusAds:125 - Set database path to: /Users/hollerller/.stmcufinder/plugins/mcufinder//mcu/
2023-11-02 19:13:09,823 [WARN] DbFile:41 - Overriding database path with different value: /Users/hollerller/.stmcufinder/plugins/mcufinder/ => /Users/hollerller/.stmcufinder/plugins/mcufinder
2023-11-02 19:13:09,823 [WARN] DbFile:41 - Overriding database path with different value: /Users/hollerller/.stmcufinder/plugins/mcufinder/ => /Users/hollerller/.stmcufinder/plugins/mcufinder
2023-11-02 19:13:09,823 [INFO] CrossReferenceDbSqlite:203 - Set database path to: /Users/hollerller/.stmcufinder/plugins/mcufinder//mcu/cs/
2023-11-02 19:13:09,935 [INFO] MainPanel:262 - HeapMemory: 268435456
2023-11-02 19:13:10,060 [INFO] DbMcusXml:78 - Set database path to: /Applications/STM32CubeIDE.app/Contents/Eclipse/plugins/com.st.stm32cube.common.mx_6.9.2.202309101412//db//mcu/
2023-11-02 19:13:10,060 [INFO] ApiDb:274 - Set plugin database path to: /Applications/STM32CubeIDE.app/Contents/Eclipse/plugins/com.st.stm32cube.common.mx_6.9.2.202309101412//db//plugins/boardmanager/
2023-11-02 19:13:10,060 [INFO] ApiDb:261 - Set plugin images path to: /Applications/STM32CubeIDE.app/Contents/Eclipse/plugins/com.st.stm32cube.common.mx_6.9.2.202309101412//db//plugins/mcufinder/images/
2023-11-02 19:13:10,060 [WARN] DbFile:41 - Overriding database path with different value: /Users/hollerller/.stmcufinder/plugins/mcufinder/ => /Users/hollerller/.stmcufinder/plugins/mcufinder
2023-11-02 19:13:10,061 [INFO] ApiDb:250 - Set database path to: /Users/hollerller/.stmcufinder/plugins/mcufinder//mcu/
2023-11-02 19:13:10,061 [WARN] DbFile:41 - Overriding database path with different value: /Users/hollerller/.stmcufinder/plugins/mcufinder/ => /Users/hollerller/.stmcufinder/plugins/mcufinder
2023-11-02 19:13:10,061 [INFO] DbMcusAds:125 - Set database path to: /Users/hollerller/.stmcufinder/plugins/mcufinder//mcu/
2023-11-02 19:13:10,061 [WARN] DbFile:41 - Overriding database path with different value: /Users/hollerller/.stmcufinder/plugins/mcufinder/ => /Users/hollerller/.stmcufinder/plugins/mcufinder
2023-11-02 19:13:10,061 [WARN] DbFile:41 - Overriding database path with different value: /Users/hollerller/.stmcufinder/plugins/mcufinder/ => /Users/hollerller/.stmcufinder/plugins/mcufinder
2023-11-02 19:13:10,061 [INFO] CrossReferenceDbSqlite:203 - Set database path to: /Users/hollerller/.stmcufinder/plugins/mcufinder//mcu/cs/
2023-11-02 19:13:10,080 [INFO] ApplicationProperties:184 - Using Application install path: /Applications/STM32CubeIDE.app/Contents/Eclipse/plugins/com.st.stm32cube.common.mx_6.9.2.202309101412
2023-11-02 19:13:10,081 [INFO] PluginManage:196 - Search for loadable plugins [exclusion list=, ]
2023-11-02 19:13:10,084 [INFO] PluginManage:310 - Check plugin analytics
2023-11-02 19:13:10,298 [INFO] AnalyticsPlugin:253 - Accepted Software Licenses: 
2023-11-02 19:13:10,298 [INFO] AnalyticsPlugin:255 - Accepted CMSIS Pack Licenses: 
2023-11-02 19:13:10,298 [INFO] AnalyticsPlugin:257 - Accepted Firmware Licenses: FW.F4.1.27.0
2023-11-02 19:13:10,302 [INFO] PluginManage:359 - Loaded plugin analytics (category:tool,tabindex:-1)
2023-11-02 19:13:10,302 [INFO] PluginManage:310 - Check plugin cadmodel
2023-11-02 19:13:10,715 [INFO] CADModel:105 - Init CAD model plugin
2023-11-02 19:13:10,715 [INFO] PluginManage:359 - Loaded plugin cadmodel (category:power,tabindex:5)
2023-11-02 19:13:10,715 [INFO] PluginManage:310 - Check plugin clock
2023-11-02 19:13:10,727 [INFO] PluginManage:359 - Loaded plugin clock (category:base,tabindex:2)
2023-11-02 19:13:10,727 [INFO] PluginManage:310 - Check plugin ddr
2023-11-02 19:13:10,730 [INFO] PluginManage:359 - Loaded plugin ddr (category:tool,tabindex:6)
2023-11-02 19:13:10,731 [INFO] PluginManage:310 - Check plugin filemanager
2023-11-02 19:13:10,869 [INFO] PluginManage:359 - Loaded plugin filemanager (category:base,tabindex:10)
2023-11-02 19:13:10,869 [INFO] PluginManage:310 - Check plugin ipmanager
2023-11-02 19:13:10,877 [INFO] PluginManage:359 - Loaded plugin ipmanager (category:base,tabindex:5)
2023-11-02 19:13:10,877 [INFO] PluginManage:310 - Check plugin lpbam
2023-11-02 19:13:10,889 [INFO] PluginManage:359 - Loaded plugin lpbam (category:base,tabindex:0)
2023-11-02 19:13:10,889 [INFO] PluginManage:310 - Check plugin memorymap
2023-11-02 19:13:10,904 [INFO] PluginManage:359 - Loaded plugin memorymap (category:base,tabindex:4)
2023-11-02 19:13:10,904 [INFO] PluginManage:310 - Check plugin pinoutandconfiguration
2023-11-02 19:13:10,913 [INFO] PluginManage:359 - Loaded plugin pinoutandconfiguration (category:base,tabindex:1)
2023-11-02 19:13:10,913 [INFO] PluginManage:310 - Check plugin pinoutconfig
2023-11-02 19:13:11,016 [WARN] SupportedApi:132 - Cannot load RTOS API schema: s4s-elt-must-match.1: The content of 'definitions' must match (annotation?, (simpleType | complexType)?, (unique | key | keyref)*)). A problem was found starting at: attribute.
2023-11-02 19:13:11,181 [INFO] PluginManage:359 - Loaded plugin pinoutconfig (category:base,tabindex:0)
2023-11-02 19:13:11,181 [INFO] PluginManage:310 - Check plugin power
2023-11-02 19:13:11,196 [INFO] PluginManage:359 - Loaded plugin power (category:power,tabindex:4)
2023-11-02 19:13:11,196 [INFO] PluginManage:310 - Check plugin projectmanager
2023-11-02 19:13:11,211 [INFO] PluginManage:359 - Loaded plugin projectmanager (category:projectmanager,tabindex:3)
2023-11-02 19:13:11,212 [INFO] PluginManage:310 - Check plugin thirdparty
2023-11-02 19:13:11,367 [WARN] IntegrityCheckThread:84 - waiting for thirdparty lock release [integrity check]
2023-11-02 19:13:11,367 [INFO] PluginManage:359 - Loaded plugin thirdparty (category:base,tabindex:-1)
2023-11-02 19:13:11,368 [INFO] IntegrityCheckThread:86 - entering critical section [integrity check]
2023-11-02 19:13:11,368 [INFO] PluginManage:310 - Check plugin tools
2023-11-02 19:13:11,368 [INFO] ThirdPartyUpdaterWithRetryManager:70 - Updater plugin not ready yet. [1/15]
2023-11-02 19:13:11,371 [INFO] PluginManage:359 - Loaded plugin tools (category:base,tabindex:7)
2023-11-02 19:13:11,371 [INFO] PluginManage:310 - Check plugin tutovideos
2023-11-02 19:13:11,590 [INFO] PluginManage:359 - Loaded plugin tutovideos (category:base,tabindex:-1)
2023-11-02 19:13:11,590 [INFO] PluginManage:310 - Check plugin updater
2023-11-02 19:13:11,604 [INFO] PluginManage:359 - Loaded plugin updater (category:base,tabindex:12)
2023-11-02 19:13:11,604 [INFO] PluginManage:310 - Check plugin userauth
2023-11-02 19:13:11,609 [INFO] UserAuth:113 - Init User Auth plugin
2023-11-02 19:13:11,610 [INFO] PluginManage:359 - Loaded plugin userauth (category:base,tabindex:14)
2023-11-02 19:13:11,610 [INFO] PluginManage:283 - PluginManage : Loaded plugins [17]
2023-11-02 19:13:11,807 [INFO] PinOutPanel:1499 - setPackage(No Configuration,No Configuration)
2023-11-02 19:13:11,911 [INFO] CADModel:165 - CPN selected for project level
2023-11-02 19:13:11,911 [INFO] CADModel:114 - Register for checkConnection events
2023-11-02 19:13:11,927 [INFO] IPUIPlugin:80 - create IPUIPlugin
2023-11-02 19:13:11,927 [INFO] PluginManager:220 - loadIPPluginJar : add mdma
2023-11-02 19:13:11,936 [INFO] IPUIPlugin:80 - create IPUIPlugin
2023-11-02 19:13:11,936 [INFO] PluginManager:220 - loadIPPluginJar : add freertos
2023-11-02 19:13:11,943 [INFO] IPUIPlugin:80 - create IPUIPlugin
2023-11-02 19:13:11,943 [INFO] PluginManager:220 - loadIPPluginJar : add gic
2023-11-02 19:13:11,954 [INFO] IPUIPlugin:80 - create IPUIPlugin
2023-11-02 19:13:11,954 [INFO] PluginManager:220 - loadIPPluginJar : add adc
2023-11-02 19:13:11,958 [INFO] IPUIPlugin:80 - create IPUIPlugin
2023-11-02 19:13:11,958 [INFO] PluginManager:220 - loadIPPluginJar : add gtzc
2023-11-02 19:13:11,960 [INFO] IPUIPlugin:80 - create IPUIPlugin
2023-11-02 19:13:11,960 [INFO] PluginManager:220 - loadIPPluginJar : add quadspi
2023-11-02 19:13:11,963 [INFO] IPUIPlugin:80 - create IPUIPlugin
2023-11-02 19:13:11,964 [INFO] PluginManager:220 - loadIPPluginJar : add aes
2023-11-02 19:13:11,967 [INFO] IPUIPlugin:80 - create IPUIPlugin
2023-11-02 19:13:11,967 [INFO] PluginManager:220 - loadIPPluginJar : add pdm2pcm
2023-11-02 19:13:11,969 [INFO] IPUIPlugin:80 - create IPUIPlugin
2023-11-02 19:13:11,969 [INFO] PluginManager:220 - loadIPPluginJar : add hash
2023-11-02 19:13:11,971 [INFO] IPUIPlugin:80 - create IPUIPlugin
2023-11-02 19:13:11,971 [INFO] PluginManager:220 - loadIPPluginJar : add tim
2023-11-02 19:13:11,973 [INFO] IPUIPlugin:80 - create IPUIPlugin
2023-11-02 19:13:11,973 [INFO] PluginManager:220 - loadIPPluginJar : add tsc
2023-11-02 19:13:11,974 [INFO] IPUIPlugin:80 - create IPUIPlugin
2023-11-02 19:13:11,975 [INFO] PluginManager:220 - loadIPPluginJar : add ts
2023-11-02 19:13:11,977 [INFO] IPUIPlugin:80 - create IPUIPlugin
2023-11-02 19:13:11,977 [INFO] PluginManager:220 - loadIPPluginJar : add can
2023-11-02 19:13:11,980 [INFO] IPUIPlugin:80 - create IPUIPlugin
2023-11-02 19:13:11,980 [INFO] PluginManager:220 - loadIPPluginJar : add dma3
2023-11-02 19:13:11,982 [INFO] IPUIPlugin:80 - create IPUIPlugin
2023-11-02 19:13:11,983 [INFO] PluginManager:220 - loadIPPluginJar : add dfsdm
2023-11-02 19:13:11,985 [INFO] IPUIPlugin:80 - create IPUIPlugin
2023-11-02 19:13:11,985 [INFO] PluginManager:220 - loadIPPluginJar : add spi
2023-11-02 19:13:11,988 [INFO] IPUIPlugin:80 - create IPUIPlugin
2023-11-02 19:13:11,988 [INFO] PluginManager:220 - loadIPPluginJar : add gfxmmu
2023-11-02 19:13:11,990 [INFO] IPUIPlugin:80 - create IPUIPlugin
2023-11-02 19:13:11,990 [INFO] PluginManager:220 - loadIPPluginJar : add genericplugin
2023-11-02 19:13:11,992 [INFO] IPUIPlugin:80 - create IPUIPlugin
2023-11-02 19:13:11,992 [INFO] PluginManager:220 - loadIPPluginJar : add cryp
2023-11-02 19:13:11,996 [INFO] IPUIPlugin:80 - create IPUIPlugin
2023-11-02 19:13:11,996 [INFO] PluginManager:220 - loadIPPluginJar : add gpio
2023-11-02 19:13:11,998 [INFO] IPUIPlugin:80 - create IPUIPlugin
2023-11-02 19:13:11,998 [INFO] PluginManager:220 - loadIPPluginJar : add comp
2023-11-02 19:13:12,000 [INFO] IPUIPlugin:80 - create IPUIPlugin
2023-11-02 19:13:12,000 [INFO] PluginManager:220 - loadIPPluginJar : add tracer_emb
2023-11-02 19:13:12,003 [INFO] IPUIPlugin:80 - create IPUIPlugin
2023-11-02 19:13:12,004 [INFO] PluginManager:220 - loadIPPluginJar : add openamp
2023-11-02 19:13:12,009 [INFO] IPUIPlugin:80 - create IPUIPlugin
2023-11-02 19:13:12,009 [INFO] PluginManager:220 - loadIPPluginJar : add stm32_wpan
2023-11-02 19:13:12,016 [INFO] IPUIPlugin:80 - create IPUIPlugin
2023-11-02 19:13:12,019 [INFO] PluginManager:220 - loadIPPluginJar : add plateformsettings
2023-11-02 19:13:12,023 [INFO] IPUIPlugin:80 - create IPUIPlugin
2023-11-02 19:13:12,023 [INFO] PluginManager:220 - loadIPPluginJar : add ipddr
2023-11-02 19:13:12,025 [INFO] IPUIPlugin:80 - create IPUIPlugin
2023-11-02 19:13:12,025 [INFO] PluginManager:220 - loadIPPluginJar : add usart
2023-11-02 19:13:12,027 [INFO] IPUIPlugin:80 - create IPUIPlugin
2023-11-02 19:13:12,027 [INFO] PluginManager:220 - loadIPPluginJar : add ltdc
2023-11-02 19:13:12,031 [INFO] IPUIPlugin:80 - create IPUIPlugin
2023-11-02 19:13:12,031 [INFO] PluginManager:220 - loadIPPluginJar : add nvic
2023-11-02 19:13:12,032 [INFO] IPUIPlugin:80 - create IPUIPlugin
2023-11-02 19:13:12,032 [INFO] PluginManager:220 - loadIPPluginJar : add fatfs
2023-11-02 19:13:12,041 [INFO] IPUIPlugin:80 - create IPUIPlugin
2023-11-02 19:13:12,041 [INFO] PluginManager:220 - loadIPPluginJar : add linkedlist
2023-11-02 19:13:12,047 [INFO] IPUIPlugin:80 - create IPUIPlugin
2023-11-02 19:13:12,047 [INFO] PluginManager:220 - loadIPPluginJar : add dma
2023-11-02 19:13:12,050 [INFO] IPUIPlugin:80 - create IPUIPlugin
2023-11-02 19:13:12,051 [INFO] PluginManager:220 - loadIPPluginJar : add fmc
2023-11-02 19:13:12,053 [INFO] IPUIPlugin:80 - create IPUIPlugin
2023-11-02 19:13:12,053 [INFO] PluginManager:220 - loadIPPluginJar : add i2s
2023-11-02 19:13:12,055 [INFO] IPUIPlugin:80 - create IPUIPlugin
2023-11-02 19:13:12,055 [INFO] PluginManager:220 - loadIPPluginJar : add ucpd
2023-11-02 19:13:12,057 [INFO] IPUIPlugin:80 - create IPUIPlugin
2023-11-02 19:13:12,057 [INFO] PluginManager:220 - loadIPPluginJar : add lorawan
2023-11-02 19:13:12,060 [INFO] IPUIPlugin:80 - create IPUIPlugin
2023-11-02 19:13:12,060 [INFO] PluginManager:220 - loadIPPluginJar : add opamp
2023-11-02 19:13:12,062 [INFO] IPUIPlugin:80 - create IPUIPlugin
2023-11-02 19:13:12,063 [INFO] PluginManager:220 - loadIPPluginJar : add i3c
2023-11-02 19:13:12,065 [INFO] IPUIPlugin:80 - create IPUIPlugin
2023-11-02 19:13:12,065 [INFO] PluginManager:220 - loadIPPluginJar : add touchsensing
2023-11-02 19:13:12,068 [INFO] IPUIPlugin:80 - create IPUIPlugin
2023-11-02 19:13:12,068 [INFO] PluginManager:220 - loadIPPluginJar : add i2c
2023-11-02 19:13:12,073 [INFO] IPUIPlugin:80 - create IPUIPlugin
2023-11-02 19:13:12,073 [INFO] PluginManager:220 - loadIPPluginJar : add resmgrutility
2023-11-02 19:13:12,076 [INFO] IPUIPlugin:80 - create IPUIPlugin
2023-11-02 19:13:12,076 [INFO] PluginManager:220 - loadIPPluginJar : add sai
2023-11-02 19:13:12,079 [INFO] IPUIPlugin:80 - create IPUIPlugin
2023-11-02 19:13:12,079 [INFO] PluginManager:220 - loadIPPluginJar : add usbx
2023-11-02 19:13:12,181 [INFO] CADModel:165 - CPN selected for project level
2023-11-02 19:13:12,181 [INFO] CADModel:114 - Register for checkConnection events
2023-11-02 19:13:12,181 [FATAL] Updater:308 - Updater called before beeing initialized
2023-11-02 19:13:12,181 [ERROR] CADModel:125 - Updater not yet initialized, retry later 
2023-11-02 19:13:12,390 [INFO] CADModel:165 - CPN selected for project level
2023-11-02 19:13:12,391 [INFO] CADModel:114 - Register for checkConnection events
2023-11-02 19:13:12,391 [FATAL] Updater:308 - Updater called before beeing initialized
2023-11-02 19:13:12,391 [ERROR] CADModel:125 - Updater not yet initialized, retry later 
2023-11-02 19:13:12,395 [FATAL] Updater:308 - Updater called before beeing initialized
2023-11-02 19:13:12,486 [FATAL] Updater:308 - Updater called before beeing initialized
2023-11-02 19:13:12,494 [INFO] DbMcusAds:53 - JSON generation date=Tue Mar 07 03:50:55 COT 2023 (1678179055335)
2023-11-02 19:13:12,495 [FATAL] Updater:308 - Updater called before beeing initialized
2023-11-02 19:13:12,566 [WARN] DetailPanel:346 - Failed to get advertising image, set to default
2023-11-02 19:13:12,667 [FATAL] Updater:308 - Updater called before beeing initialized
2023-11-02 19:13:12,669 [FATAL] Updater:308 - Updater called before beeing initialized
2023-11-02 19:13:12,669 [FATAL] Updater:308 - Updater called before beeing initialized
2023-11-02 19:13:12,669 [WARN] DetailPanel:346 - Failed to get advertising image, set to default
2023-11-02 19:13:12,670 [FATAL] Updater:308 - Updater called before beeing initialized
2023-11-02 19:13:12,697 [ERROR] Updater:1120 - MainUpdater not yet initialized. External WinMGr cannot be set.
2023-11-02 19:13:12,720 [INFO] Updater:1056 - Updater Version found : 6.9.2
2023-11-02 19:13:12,738 [INFO] ApplicationProperties:184 - Using Application install path: /Applications/STM32CubeIDE.app/Contents/Eclipse/plugins/com.st.stm32cube.common.mx_6.9.2.202309101412
2023-11-02 19:13:12,982 [INFO] MainUpdater:2868 - connection check result : 10
2023-11-02 19:13:12,983 [INFO] MainUpdater:285 - Updater Check For Update Now.
2023-11-02 19:13:12,983 [INFO] MicroXplorer:498 - Change Database Version : DB.6.0.92
2023-11-02 19:13:12,989 [INFO] McuFinderGlobals:63 - Set McuFinder mode to 2 (CubeIDE integrated)
2023-11-02 19:13:12,989 [INFO] UserAuth:179 - activating auth plugin
2023-11-02 19:13:12,992 [INFO] UserAuth:393 - Internet connection configuration mode: 1
2023-11-02 19:13:13,010 [INFO] JxBrowserEngine:151 - Initiate JxBrowser Engine with user profile folder
2023-11-02 19:13:13,174 [INFO] CheckServerUpdateThread:120 - End of CheckServer Thread
2023-11-02 19:13:13,927 [INFO] WebApp:157 - Instantiating new browser for Auth
2023-11-02 19:13:14,513 [INFO] WebApp:753 - Register for checkConnection events
2023-11-02 19:13:14,527 [INFO] WebApp:390 - Apply proxy settings
2023-11-02 19:13:14,533 [INFO] WebApp:455 - Chromium authenticates against System proxy
2023-11-02 19:13:14,749 [INFO] WebApp:188 - Starting web application
2023-11-02 19:13:14,760 [INFO] WebApp:520 - Web application path used /Applications/STM32CubeIDE.app/Contents/Eclipse/plugins/com.st.stm32cube.common.mx_6.9.2.202309101412/db/plugins/mcufinder/reactClient1/index.html
2023-11-02 19:13:14,834 [WARN] PackLoader:240 - Cannot read IP mode file for STMicroelectronics.X-CUBE-SMBUS.2.1.0
2023-11-02 19:13:14,874 [WARN] PackLoader:240 - Cannot read IP mode file for STMicroelectronics.X-CUBE-AZRTOS-F7.1.1.0
2023-11-02 19:13:14,887 [WARN] PackLoader:240 - Cannot read IP mode file for STMicroelectronics.FP-SNS-MOTENV1.4.3.2
2023-11-02 19:13:14,896 [WARN] PackLoader:240 - Cannot read IP mode file for STMicroelectronics.FP-SNS-FLIGHT1.5.0.2
2023-11-02 19:13:14,924 [WARN] PackLoader:240 - Cannot read IP mode file for STMicroelectronics.X-CUBE-DISPLAY.3.0.0
2023-11-02 19:13:14,945 [WARN] PackLoader:240 - Cannot read IP mode file for STMicroelectronics.X-CUBE-BLE1.7.0.0
2023-11-02 19:13:14,964 [WARN] PackLoader:240 - Cannot read IP mode file for emotas.I-CUBE-CANOPEN.1.3.0
2023-11-02 19:13:14,971 [WARN] PackLoader:240 - Cannot read IP mode file for STMicroelectronics.X-CUBE-TOUCHGFX.4.22.1
2023-11-02 19:13:14,980 [WARN] PackLoader:240 - Cannot read IP mode file for STMicroelectronics.FP-SNS-SMARTAG2.1.2.0
2023-11-02 19:13:14,999 [INFO] LogOutputStream:77 - [STDOUT_REDIRECT] 1 : Invalid condition id : UX_CORESTACK_Condition cause : null
2023-11-02 19:13:15,000 [INFO] LogOutputStream:77 - [STDOUT_REDIRECT] 1 : Invalid condition id : UX_CORESTACK_Condition cause : null
2023-11-02 19:13:15,000 [INFO] LogOutputStream:77 - [STDOUT_REDIRECT] 1 : Invalid condition id : UX_CORESTACK_Condition cause : null
2023-11-02 19:13:15,001 [INFO] LogOutputStream:77 - [STDOUT_REDIRECT] 1 : Invalid condition id : UX_CORESTACK_Condition cause : null
2023-11-02 19:13:15,001 [INFO] LogOutputStream:77 - [STDOUT_REDIRECT] 1 : Invalid condition id : UX_CORESTACK_Condition cause : null
2023-11-02 19:13:15,008 [WARN] PackLoader:240 - Cannot read IP mode file for STMicroelectronics.X-CUBE-AZRTOS-WL.2.0.0
2023-11-02 19:13:15,022 [WARN] PackLoader:240 - Cannot read IP mode file for WES.I-CUBE-Cesium.1.3.0
2023-11-02 19:13:15,030 [WARN] PackLoader:240 - Cannot read IP mode file for STMicroelectronics.X-CUBE-BLE2.3.3.0
2023-11-02 19:13:15,039 [WARN] PackLoader:240 - Cannot read IP mode file for STMicroelectronics.X-CUBE-ALGOBUILD.1.3.0
2023-11-02 19:13:15,072 [WARN] PackLoader:240 - Cannot read IP mode file for STMicroelectronics.X-CUBE-AZRTOS-G0.1.1.0
2023-11-02 19:13:15,081 [WARN] PackLoader:240 - Cannot read IP mode file for STMicroelectronics.X-CUBE-NFC4.3.0.0
2023-11-02 19:13:15,087 [WARN] PackLoader:240 - Cannot read IP mode file for STMicroelectronics.FP-ATR-SIGFOX1.3.2.0
2023-11-02 19:13:15,158 [WARN] PackLoader:240 - Cannot read IP mode file for SEGGER.I-CUBE-embOS.1.3.1
2023-11-02 19:13:15,199 [WARN] PackLoader:240 - Cannot read IP mode file for STMicroelectronics.X-CUBE-GNSS1.6.0.0
2023-11-02 19:13:15,220 [WARN] PackLoader:240 - Cannot read IP mode file for STMicroelectronics.X-CUBE-AZRTOS-F4.1.1.0
2023-11-02 19:13:15,226 [WARN] PackLoader:240 - Cannot read IP mode file for wolfSSL.I-CUBE-wolfSSL.5.6.3
2023-11-02 19:13:15,245 [WARN] PackLoader:240 - Cannot read IP mode file for STMicroelectronics.X-CUBE-AZRTOS-L5.2.0.0
2023-11-02 19:13:15,252 [WARN] PackLoader:240 - Cannot read IP mode file for STMicroelectronics.X-CUBE-EEPRMA1.4.2.0
2023-11-02 19:13:15,257 [WARN] PackLoader:240 - Cannot read IP mode file for ITTIA_DB.I-CUBE-ITTIADB.8.8.0
2023-11-02 19:13:15,264 [WARN] PackLoader:240 - Cannot read IP mode file for STMicroelectronics.X-CUBE-BLEMGR.2.0.0
2023-11-02 19:13:15,289 [WARN] ConditionMgr:438 - getConditionDescription Invalid condition id : UX DEVICE CLASS RTOS Condition cause : null
2023-11-02 19:13:15,289 [WARN] ConditionMgr:438 - getConditionDescription Invalid condition id : UX DEVICE CLASS RTOS Condition cause : null
2023-11-02 19:13:15,291 [WARN] PackLoader:240 - Cannot read IP mode file for STMicroelectronics.X-CUBE-AZRTOS-H7.3.1.0
2023-11-02 19:13:15,292 [WARN] ConditionMgr:1039 - genDependencies : Invalid condition id : UX DEVICE CLASS RTOS Condition cause : null
2023-11-02 19:13:15,292 [WARN] ConditionMgr:1039 - genDependencies : Invalid condition id : UX DEVICE CLASS RTOS Condition cause : null
2023-11-02 19:13:15,293 [WARN] ConditionMgr:1039 - genDependencies : Invalid condition id : UX DEVICE CLASS RTOS Condition cause : null
2023-11-02 19:13:15,293 [WARN] ConditionMgr:1039 - genDependencies : Invalid condition id : UX DEVICE CLASS RTOS Condition cause : null
2023-11-02 19:13:15,293 [WARN] ConditionMgr:1039 - genDependencies : Invalid condition id : UX DEVICE CLASS RTOS Condition cause : null
2023-11-02 19:13:15,304 [WARN] PackLoader:240 - Cannot read IP mode file for STMicroelectronics.X-CUBE-NFC7.1.0.1
2023-11-02 19:13:15,311 [WARN] PackLoader:240 - Cannot read IP mode file for STMicroelectronics.X-CUBE-NFC6.3.0.0
2023-11-02 19:13:15,316 [WARN] PackLoader:240 - Cannot read IP mode file for STMicroelectronics.X-CUBE-EEPRMA1.4.1.0
2023-11-02 19:13:15,321 [WARN] PackLoader:240 - Cannot read IP mode file for STMicroelectronics.X-CUBE-AI.8.1.0
2023-11-02 19:13:15,338 [WARN] ConditionMgr:438 - getConditionDescription Invalid condition id : LAN8742 Phy interface Condition cause : null
2023-11-02 19:13:15,339 [WARN] PackLoader:240 - Cannot read IP mode file for STMicroelectronics.X-CUBE-AZRTOS-L4.2.0.0
2023-11-02 19:13:15,340 [WARN] ConditionMgr:1039 - genDependencies : Invalid condition id : LAN8742 Phy interface Condition cause : null
2023-11-02 19:13:15,340 [WARN] ConditionMgr:1039 - genDependencies : Invalid condition id : LAN8742 Phy interface Condition cause : null
2023-11-02 19:13:15,340 [WARN] ConditionMgr:1039 - genDependencies : Invalid condition id : LAN8742 Phy interface Condition cause : null
2023-11-02 19:13:15,346 [WARN] PackLoader:240 - Cannot read IP mode file for STMicroelectronics.X-CUBE-SFXS2LP1.4.0.0
2023-11-02 19:13:15,350 [WARN] PackLoader:240 - Cannot read IP mode file for STMicroelectronics.X-CUBE-ISPU.1.1.0
2023-11-02 19:13:15,363 [WARN] ConditionMgr:438 - getConditionDescription Invalid condition id : UX DEVICE CLASS RTOS Condition cause : null
2023-11-02 19:13:15,363 [WARN] ConditionMgr:438 - getConditionDescription Invalid condition id : UX DEVICE CLASS RTOS Condition cause : null
2023-11-02 19:13:15,365 [WARN] PackLoader:240 - Cannot read IP mode file for STMicroelectronics.X-CUBE-AZRTOS-WB.2.0.0
2023-11-02 19:13:15,365 [WARN] ConditionMgr:1039 - genDependencies : Invalid condition id : UX DEVICE CLASS RTOS Condition cause : null
2023-11-02 19:13:15,366 [WARN] ConditionMgr:1039 - genDependencies : Invalid condition id : UX DEVICE CLASS RTOS Condition cause : null
2023-11-02 19:13:15,366 [WARN] ConditionMgr:1039 - genDependencies : Invalid condition id : UX DEVICE CLASS RTOS Condition cause : null
2023-11-02 19:13:15,367 [WARN] ConditionMgr:1039 - genDependencies : Invalid condition id : UX DEVICE CLASS RTOS Condition cause : null
2023-11-02 19:13:15,367 [WARN] ConditionMgr:1039 - genDependencies : Invalid condition id : UX DEVICE CLASS RTOS Condition cause : null
2023-11-02 19:13:15,376 [WARN] PackLoader:240 - Cannot read IP mode file for STMicroelectronics.X-CUBE-SUBG2.5.0.0
2023-11-02 19:13:15,388 [WARN] PackLoader:240 - Cannot read IP mode file for STMicroelectronics.X-CUBE-TOF1.3.3.1
2023-11-02 19:13:15,410 [WARN] PackLoader:240 - Cannot read IP mode file for STMicroelectronics.X-CUBE-AZRTOS-G4.2.0.0
2023-11-02 19:13:15,421 [WARN] PackLoader:240 - Cannot read IP mode file for Infineon.AIROC-Wi-Fi-Bluetooth-STM32.1.5.1
2023-11-02 19:13:15,459 [WARN] PackLoader:240 - Cannot read IP mode file for STMicroelectronics.X-CUBE-MEMS1.10.0.0
2023-11-02 19:13:15,634 [WARN] PackLoader:240 - Cannot read IP mode file for STMicroelectronics.X-CUBE-FREERTOS.1.1.0
2023-11-02 19:13:15,639 [WARN] PackLoader:240 - Cannot read IP mode file for portGmbH.I-Cube-SoM-uGOAL.1.1.0
2023-11-02 19:13:15,644 [WARN] PackLoader:240 - Cannot read IP mode file for STMicroelectronics.X-CUBE-ALS.1.0.1
2023-11-02 19:13:15,648 [WARN] PackLoader:240 - Cannot read IP mode file for STMicroelectronics.FP-ATR-ASTRA1.2.0.0
2023-11-02 19:13:15,648 [INFO] ThirdParty:978 - Integrity check success = true
2023-11-02 19:13:15,648 [INFO] IntegrityCheckThread:100 - exiting critical section [integrity check]
2023-11-02 19:13:15,648 [INFO] IntegrityCheckThread:103 - End integrity checks thread
2023-11-02 19:13:35,395 [ERROR] LogOutputStream:75 - [STDERR_REDIRECT] SLF4J: Failed to load class "org.slf4j.impl.StaticLoggerBinder".
2023-11-02 19:13:35,395 [ERROR] LogOutputStream:75 - [STDERR_REDIRECT] SLF4J: Defaulting to no-operation (NOP) logger implementation
2023-11-02 19:13:35,396 [ERROR] LogOutputStream:75 - [STDERR_REDIRECT] SLF4J: See http://www.slf4j.org/codes.html#StaticLoggerBinder for further details.
